Log file open, 07/14/18 02:24:14
LogPlatformFile: Not using cached read wrapper
LogTaskGraph: Started task graph with 5 named threads and 6 total threads with 1 sets of task threads.
LogOnline:Display: STEAM: Loading Steam SDK 1.38a
LogOnline:Warning: STEAM: Steam SDK 1.38a libraries not present at ../../../Engine/Binaries/ThirdParty/Steamworks/Steamv138a/Win64/ or failed to load!
LogInit: WinSock: version 1.1 (2.2), MaxSocks=32767, MaxUdp=65467
LogModManager: Starting mod runtime module.
LogInit: Build: ue415-dw-Stable-osl-CL-98206.0
LogInit: Engine Version: 4.15.3-98206+ue415-dw-Stable-osl
LogInit: Compatible Engine Version: 4.15.0-98206+ue415-dw-Stable-osl
LogInit: Net CL: 98206
LogDevObjectVersion: Number of dev versions registered: 14
LogDevObjectVersion:   Dev-Blueprints (B0D832E4-1F89-4F0D-ACCF-7EB736FD4AA2): 8
LogDevObjectVersion:   Dev-Build (E1C64328-A22C-4D53-A36C-8E866417BD8C): 0
LogDevObjectVersion:   Dev-Core (375EC13C-06E4-48FB-B500-84F0262A717E): 2
LogDevObjectVersion:   Dev-Editor (E4B068ED-F494-42E9-A231-DA0B2E46BB41): 15
LogDevObjectVersion:   Dev-Framework (CFFC743F-43B0-4480-9391-14DF171D2073): 23
LogDevObjectVersion:   Dev-Mobile (B02B49B5-BB20-44E9-A304-32B752E40360): 0
LogDevObjectVersion:   Dev-Networking (A4E4105C-59A1-49B5-A7C5-40C4547EDFEE): 0
LogDevObjectVersion:   Dev-Online (39C831C9-5AE6-47DC-9A44-9C173E1C8E7C): 0
LogDevObjectVersion:   Dev-Physics (78F01B33-EBEA-4F98-B9B4-84EACCB95AA2): 0
LogDevObjectVersion:   Dev-Platform (6631380F-2D4D-43E0-8009-CF276956A95A): 0
LogDevObjectVersion:   Dev-Rendering (12F88B9F-8875-4AFC-A67C-D90C383ABD29): 12
LogDevObjectVersion:   Dev-Sequencer (7B5AE74C-D270-4C10-A958-57980B212A5A): 3
LogDevObjectVersion:   Dev-VR (D7296918-1DD6-4BDD-9DE2-64A83CC13884): 0
LogDevObjectVersion:   Dev-LoadTimes (C2A15278-BFE7-4AFE-6C17-90FF531DF755): 1
LogInit: Compiled (64-bit): May 24 2018 17:27:21
LogInit: Compiled with Visual C++: 19.00.24215.01
LogInit: Build Configuration: Test
LogInit: Branch Name: ue415-dw-Stable-osl
LogInit: Command line: 
LogInit: Base directory: D:/Games/New folder/Conan.Exiles.Build.17925/Conan.Exiles.Build.17925/Conan.Exiles/ConanSandbox/Binaries/Win64/
LogInit: Installed Engine Build: 0
LogInit: Nativized: No
LogInit: Presizing for max 8388607 objects, including 42000 objects not considered by GC, pre-allocating 8388608 bytes for permanent pool.
LogStreaming:Display: Async Loading initialized: Event Driven Loader: true, Async Loading Thread: true
LogInit: Object subsystem initialized
[2018.07.13-19.24.14:623][  0]LogInit: Selected Device Profile: [WindowsNoEditor]
[2018.07.13-19.24.14:623][  0]LogInit: Applying CVar settings loaded from the selected device profile: [WindowsNoEditor]
[2018.07.13-19.24.14:689][  0]LogInit: Computer: DESKTOP-40S7AG1
[2018.07.13-19.24.14:689][  0]LogInit: User: Beware
[2018.07.13-19.24.14:689][  0]LogInit: CPU Page size=65536, Cores=2
[2018.07.13-19.24.14:689][  0]LogInit: High frequency timer resolution =2.533320 MHz
[2018.07.13-19.24.14:689][  0]LogMemory: Memory total: Physical=7.9GB (8GB approx)
[2018.07.13-19.24.14:689][  0]LogMemory: Platform Memory Stats for WindowsNoEditor
[2018.07.13-19.24.14:689][  0]LogMemory: Process Physical Memory: 456.31 MB used, 456.31 MB peak
[2018.07.13-19.24.14:689][  0]LogMemory: Process Virtual Memory: 481.98 MB used, 481.98 MB peak
[2018.07.13-19.24.14:689][  0]LogMemory: Physical Memory: 3767.49 MB used,  4286.11 MB free, 8053.60 MB total
[2018.07.13-19.24.14:689][  0]LogMemory: Virtual Memory: 4986.58 MB used,  4286.11 MB free, 134217728.00 MB total
[2018.07.13-19.24.14:970][  0]LogTextLocalizationManager: No specific translations for ('en-US') exist, so ('en') translations will be used.
[2018.07.13-19.24.15:363][  0]LogD3D11RHI: D3D11 adapters:
[2018.07.13-19.24.16:134][  0]LogD3D11RHI:    0. 'NVIDIA GeForce GT 740M' (Feature Level 11_0)
[2018.07.13-19.24.16:134][  0]LogD3D11RHI:       2009/0/4026 MB DedicatedVideo/DedicatedSystem/SharedSystem, Outputs:1, VendorId:0x10de
[2018.07.13-19.24.16:143][  0]LogD3D11RHI:    1. 'Intel(R) HD Graphics 4000' (Feature Level 11_0)
[2018.07.13-19.24.16:143][  0]LogD3D11RHI:       32/0/1760 MB DedicatedVideo/DedicatedSystem/SharedSystem, Outputs:0, VendorId:0x8086
[2018.07.13-19.24.16:149][  0]LogD3D11RHI:    2. 'Microsoft Basic Render Driver' (Feature Level 11_0)
[2018.07.13-19.24.16:149][  0]LogD3D11RHI:       0/0/4026 MB DedicatedVideo/DedicatedSystem/SharedSystem, Outputs:0, VendorId:0x1414
[2018.07.13-19.24.16:149][  0]LogD3D11RHI: Chosen D3D11 Adapter: 0
[2018.07.13-19.24.16:165][  0]LogD3D11RHI: Creating new Direct3DDevice
[2018.07.13-19.24.16:166][  0]LogD3D11RHI:     GPU DeviceId: 0x1292 (for the marketing name, search the web for "GPU Device Id")
[2018.07.13-19.24.16:166][  0]LogWindows: EnumDisplayDevices:
[2018.07.13-19.24.16:166][  0]LogWindows:    0. 'Intel(R) HD Graphics 4000' (P:1 D:1)
[2018.07.13-19.24.16:166][  0]LogWindows:    1. 'Intel(R) HD Graphics 4000' (P:0 D:0)
[2018.07.13-19.24.16:167][  0]LogWindows:    2. 'Intel(R) HD Graphics 4000' (P:0 D:0)
[2018.07.13-19.24.16:167][  0]LogWindows: DebugString: GetVideoDriverDetailsInvalid PrimaryIsNotTheChoosenAdapter GetVideoDriverDetailsInvalid PrimaryIsNotTheChoosenAdapter GetVideoDriverDetailsInvalid PrimaryIsNotTheChoosenAdapter FoundDriverCount:0 
[2018.07.13-19.24.16:167][  0]LogD3D11RHI:     Adapter Name: NVIDIA GeForce GT 740M
[2018.07.13-19.24.16:167][  0]LogD3D11RHI:   Driver Version: Unknown (internal:Unknown, unified:Unknown)
[2018.07.13-19.24.16:167][  0]LogD3D11RHI:      Driver Date: Unknown
[2018.07.13-19.24.16:167][  0]LogRHI: Texture pool is 1361 MB (70% of 1945 MB)
[2018.07.13-19.24.16:370][  0]LogD3D11RHI:Warning: Timestamp queries are currently disabled on this hardware due to instability. Realtime GPU stats will not be available. You can override this behaviour by setting r.NVIDIATimestampWorkaround to 0
[2018.07.13-19.24.16:374][  0]LogD3D11RHI: Async texture creation enabled
[2018.07.13-19.24.16:394][  0]LogD3D11RHI: GPU Timing Frequency: 1000.000000 (Debug: 2 2)
[2018.07.13-19.24.16:519][  0]LogSlate: Using Freetype 2.6.0
[2018.07.13-19.24.16:521][  0]LogSlate: SlateFontCache - WITH_FREETYPE: 1, WITH_HARFBUZZ: 1
[2018.07.13-19.24.16:521][  0]LogSlate: SlateFontCache - WITH_FREETYPE: 1, WITH_HARFBUZZ: 1
[2018.07.13-19.24.17:172][  0]LogAssetRegistry: FAssetRegistry took 0.5697 seconds to start up
[2018.07.13-19.24.17:365][  0]Dreamworld:Display: Dreamworld project: CSAND
[2018.07.13-19.24.17:365][  0]Dreamworld:Display: Dreamworld configuration: ConanSandbox.Client.VS2015.Live.Win64
[2018.07.13-19.24.17:365][  0]Dreamworld:Display: Dreamworld platform: x64
[2018.07.13-19.24.17:365][  0]Dreamworld:Display: Dreamworld revision: 98222
[2018.07.13-19.24.17:365][  0]Dreamworld:Display: Dreamworld snapshot: 17925
[2018.07.13-19.24.17:365][  0]Dreamworld:Display: Dreamworld branch: ConanSandbox_Stable
[2018.07.13-19.24.17:365][  0]Dreamworld:Display: Platform (.ini): <unknown>
[2018.07.13-19.24.17:365][  0]Dreamworld:Display: Platform: WindowsNoEditor
[2018.07.13-19.24.17:365][  0]Dreamworld:Display: .ini sub-platform prefix: <not specified>
[2018.07.13-19.24.17:398][  0]LogPackageLocalizationCache: Processed 4 localized package path(s) for 2 prioritized culture(s) in 0.012944 seconds
[2018.07.13-19.24.17:400][  0]LogInit: Selected Device Profile: [WindowsNoEditor]
[2018.07.13-19.24.17:402][  0]LogPakFile: New pak file ../../../ConanSandbox/Content/Paks/Sound.pak added to pak precacher.
[2018.07.13-19.24.17:523][  0]LogContentStreaming: Texture pool size is 500.00 MB
[2018.07.13-19.24.17:603][  0]LogPakFile: New pak file ../../../ConanSandbox/Content/Paks/UI.pak added to pak precacher.
[2018.07.13-19.24.17:912][  0]LogNetVersion: GetLocalNetworkVersion: CL: 98206, ProjectName: conansandbox, ProjectVersion: , EngineNetworkVersion: 2, GameNetworkVersion: 0, NetworkChecksum: 3346072323
[2018.07.13-19.24.17:912][  0]LogNetVersion: GetLocalNetworkVersionOverride: NetworkChecksum: 804636165
[2018.07.13-19.24.17:946][  0]LogMoviePlayer: Initializing movie player
[2018.07.13-19.24.18:567][  0]UserSettings:Display: User's IP Country Code is TH
[2018.07.13-19.24.18:570][  0]LogMemory:Display: Entered application state 'ConanSandboxStarting'.
[2018.07.13-19.24.18:571][  0]LogModuleManager:Warning: ModuleManager: Module 'EnvironmentQueryEditor' not found - its StaticallyLinkedModuleInitializers function is null.
[2018.07.13-19.24.18:579][  0]LogAnsel: Tried to load ../../../Engine/Plugins/Runtime/Nvidia/Ansel/Binaries/ThirdParty/AnselSDK64.dll : success=1
[2018.07.13-19.24.18:597][  0]LogUObjectArray: 42382 objects as part of root set at end of initial load.
[2018.07.13-19.24.18:597][  0]LogUObjectArray: 2 objects are not in the root set, but can never be destroyed because they are in the DisregardForGC set.
[2018.07.13-19.24.18:597][  0]LogUObjectAllocator: 8309704 out of 8388608 bytes used by permanent object pool.
[2018.07.13-19.24.18:597][  0]LogUObjectArray: CloseDisregardForGC: 42382/42382 objects in disregard for GC pool
[2018.07.13-19.24.18:609][  0]LogRcon:Display: Rcon disabled.
[2018.07.13-19.24.18:609][  0]LogModManager: Searching for mod/dlc controllers.
[2018.07.13-19.24.21:223][  0]LogPakFile: New pak file ../../../ConanSandbox/Content/Paks/DLC_ConanSword_DLC.pak added to pak precacher.
[2018.07.13-19.24.21:223][  0]LogPakFile: New pak file ../../../ConanSandbox/Content/Paks/Items.pak added to pak precacher.
[2018.07.13-19.24.21:223][  0]LogPakFile: New pak file ../../../ConanSandbox/Content/Paks/DLC_ConanArmor_DLC.pak added to pak precacher.
[2018.07.13-19.24.21:223][  0]LogModManager: AddActiveModControllerClass: /Game/DLC/ConanArmor_DLC/BP_ConanArmor_DLC_ModController.BP_ConanArmor_DLC_ModController_C
[2018.07.13-19.24.21:223][  0]LogModController:Verbose: AModController::MergeDataTables - Found existing table entry for /Game/Items/ItemTable.ItemTable with RowName: 8001, overwriting.
[2018.07.13-19.24.21:224][  0]LogModController:Verbose: AModController::MergeDataTables - Found existing table entry for /Game/Items/ItemTable.ItemTable with RowName: 8002, overwriting.
[2018.07.13-19.24.21:224][  0]LogModController:Verbose: AModController::MergeDataTables - Found existing table entry for /Game/Items/ItemTable.ItemTable with RowName: 8003, overwriting.
[2018.07.13-19.24.21:224][  0]LogModController:Verbose: AModController::MergeDataTables - Found existing table entry for /Game/Items/ItemTable.ItemTable with RowName: 8004, overwriting.
[2018.07.13-19.24.21:224][  0]LogModController:Verbose: AModController::MergeDataTables - Found existing table entry for /Game/Items/ItemTable.ItemTable with RowName: 8005, overwriting.
[2018.07.13-19.24.21:227][  0]LogModController:Verbose: AModController::MergeDataTables - Found existing table entry for /Game/Items/ItemTable.ItemTable with RowName: 8006, overwriting.
[2018.07.13-19.24.21:228][  0]LogModController:Verbose: AModController::MergeDataTables - Found existing table entry for /Game/Items/ItemTable.ItemTable with RowName: 8007, overwriting.
[2018.07.13-19.24.21:228][  0]LogModController:Verbose: AModController::MergeDataTables - Found existing table entry for /Game/Items/ItemTable.ItemTable with RowName: 8008, overwriting.
[2018.07.13-19.24.21:228][  0]LogModController:Verbose: AModController::MergeDataTables - Found existing table entry for /Game/Items/ItemTable.ItemTable with RowName: 8009, overwriting.
[2018.07.13-19.24.21:229][  0]LogModController:Verbose: AModController::MergeDataTables - Found existing table entry for /Game/Items/ItemTable.ItemTable with RowName: 8010, overwriting.
[2018.07.13-19.24.21:229][  0]LogModController:Verbose: AModController::MergeDataTables - Merged MergeInto: /Game/Items/ItemTable.ItemTable vs ToBeAdded: /Game/DLC/ConanArmor_DLC/ConanArmor_DLC_ItemTable.ConanArmor_DLC_ItemTable
[2018.07.13-19.24.21:229][  0]LogModController:Verbose: AModController::MergeDataTables - Found existing table entry for /Game/Items/Recipes/RecipesTable.RecipesTable with RowName: 8001, overwriting.
[2018.07.13-19.24.21:229][  0]LogModController:Verbose: AModController::MergeDataTables - Found existing table entry for /Game/Items/Recipes/RecipesTable.RecipesTable with RowName: 8002, overwriting.
[2018.07.13-19.24.21:229][  0]LogModController:Verbose: AModController::MergeDataTables - Found existing table entry for /Game/Items/Recipes/RecipesTable.RecipesTable with RowName: 8003, overwriting.
[2018.07.13-19.24.21:229][  0]LogModController:Verbose: AModController::MergeDataTables - Found existing table entry for /Game/Items/Recipes/RecipesTable.RecipesTable with RowName: 8004, overwriting.
[2018.07.13-19.24.21:229][  0]LogModController:Verbose: AModController::MergeDataTables - Found existing table entry for /Game/Items/Recipes/RecipesTable.RecipesTable with RowName: 8005, overwriting.
[2018.07.13-19.24.21:230][  0]LogModController:Verbose: AModController::MergeDataTables - Found existing table entry for /Game/Items/Recipes/RecipesTable.RecipesTable with RowName: 8006, overwriting.
[2018.07.13-19.24.21:230][  0]LogModController:Verbose: AModController::MergeDataTables - Found existing table entry for /Game/Items/Recipes/RecipesTable.RecipesTable with RowName: 8007, overwriting.
[2018.07.13-19.24.21:230][  0]LogModController:Verbose: AModController::MergeDataTables - Found existing table entry for /Game/Items/Recipes/RecipesTable.RecipesTable with RowName: 8008, overwriting.
[2018.07.13-19.24.21:230][  0]LogModController:Verbose: AModController::MergeDataTables - Found existing table entry for /Game/Items/Recipes/RecipesTable.RecipesTable with RowName: 8009, overwriting.
[2018.07.13-19.24.21:230][  0]LogModController:Verbose: AModController::MergeDataTables - Found existing table entry for /Game/Items/Recipes/RecipesTable.RecipesTable with RowName: 8010, overwriting.
[2018.07.13-19.24.21:230][  0]LogModController:Verbose: AModController::MergeDataTables - Merged MergeInto: /Game/Items/Recipes/RecipesTable.RecipesTable vs ToBeAdded: /Game/DLC/ConanArmor_DLC/ConanArmor_DLC_RecipeTable.ConanArmor_DLC_RecipeTable
[2018.07.13-19.24.21:230][  0]LogModManager: AddActiveModControllerClass: /Game/DLC/ConanSword_DLC/BP_ConanSword_DLC_ModController.BP_ConanSword_DLC_ModController_C
[2018.07.13-19.24.21:230][  0]LogModController:Verbose: AModController::MergeDataTables - Found existing table entry for /Game/Items/ItemTable.ItemTable with RowName: 8000, overwriting.
[2018.07.13-19.24.21:230][  0]LogModController:Verbose: AModController::MergeDataTables - Found existing table entry for /Game/Items/ItemTable.ItemTable with RowName: 8011, overwriting.
[2018.07.13-19.24.21:231][  0]LogModController:Verbose: AModController::MergeDataTables - Merged MergeInto: /Game/Items/ItemTable.ItemTable vs ToBeAdded: /Game/DLC/ConanSword_DLC/ConanSword_DLC_ItemTable.ConanSword_DLC_ItemTable
[2018.07.13-19.24.21:231][  0]LogModController:Verbose: AModController::MergeDataTables - Found existing table entry for /Game/Items/Recipes/RecipesTable.RecipesTable with RowName: 8000, overwriting.
[2018.07.13-19.24.21:231][  0]LogModController:Verbose: AModController::MergeDataTables - Found existing table entry for /Game/Items/Recipes/RecipesTable.RecipesTable with RowName: 8011, overwriting.
[2018.07.13-19.24.21:231][  0]LogModController:Verbose: AModController::MergeDataTables - Merged MergeInto: /Game/Items/Recipes/RecipesTable.RecipesTable vs ToBeAdded: /Game/DLC/ConanSword_DLC/ConanSword_DLC_RecipeTable.ConanSword_DLC_RecipeTable
[2018.07.13-19.24.21:231][  0]LogModManager: Done searching for mod controllers.
[2018.07.13-19.24.21:231][  0]LogEngine: Initializing Engine...
[2018.07.13-19.24.21:250][  0]LogStreaming:Error: Couldn't find file for package /Engine/EditorMaterials/GizmoMaterial requested by async loading code. NameToLoad: /Engine/EditorMaterials/GizmoMaterial
[2018.07.13-19.24.21:250][  0]LogStreaming:Error: Found 0 dependent packages...
[2018.07.13-19.24.21:250][  0]LogEngine: ERROR: Failed to load special material '/Engine/EditorMaterials/GizmoMaterial.GizmoMaterial'. This will probably have bad consequences (depending on its use)
[2018.07.13-19.24.21:459][  0]LogPakFile: New pak file ../../../ConanSandbox/Content/Paks/Slate.pak added to pak precacher.
[2018.07.13-19.24.21:459][  0]LogInit: XAudio2 using 'Speakers (Realtek High Definition Audio)' : 2 channels at 48 kHz using 32 bits per sample (channel mask 0x3)
[2018.07.13-19.24.21:523][  0]LogInit: FAudioDevice initialized.
[2018.07.13-19.24.21:535][  0]LogInit: Texture streaming: Enabled
[2018.07.13-19.24.23:095][  0]LogPakFile: New pak file ../../../ConanSandbox/Content/Paks/Systems.pak added to pak precacher.
[2018.07.13-19.24.23:096][  0]LogAsyncObjectFinder:Error: FAsyncObjectFinder: Asset "/Game/UI/UIModuleTable.UIModuleTable" (used by "/Engine/Transient.GUIModuleController_0") should have been loaded at this point! Please fix! Note: Will try to syncload the asset to continue execution.
[2018.07.13-19.24.23:199][  0]LogInit:Display: Game Engine Initialized.
[2018.07.13-19.24.23:199][  0]LogInit:Display: Starting Game.
[2018.07.13-19.24.23:213][  0]LogNet: Browse: /Game/Maps/Startup?Name=Player
[2018.07.13-19.24.23:213][  0]LogLoad: LoadMap: /Game/Maps/Startup?Name=Player
[2018.07.13-19.24.33:519][  0]LogPakFile: New pak file ../../../ConanSandbox/Content/Paks/Maps.pak added to pak precacher.
[2018.07.13-19.24.33:519][  0]LogPakFile: New pak file ../../../ConanSandbox/Content/Paks/Tools.pak added to pak precacher.
[2018.07.13-19.24.33:519][  0]LogPakFile: New pak file ../../../ConanSandbox/Content/Paks/Characters.pak added to pak precacher.
[2018.07.13-19.24.33:551][  0]LogAIModule: Creating AISystem for world Startup
[2018.07.13-19.24.33:551][  0]LogLoad: Game class is 'StartupGameMode_C'
[2018.07.13-19.24.33:553][  0]LogLevelActorContainer: Created LevelActorCluster (57) for /Game/Maps/Startup.Startup:PersistentLevel with 2 objects, 1 referenced clusters and 2 mutable objects.
[2018.07.13-19.24.33:553][  0]LogWorld: Bringing World /Game/Maps/Startup.Startup up for play (max tick rate 0) at 2018.07.14-02.24.33
[2018.07.13-19.24.33:553][  0]LogWorld: Bringing up level for play took: 0.001003
[2018.07.13-19.24.33:563][  0]LogGameMode:Display: Match State Changed from EnteringMap to WaitingToStart
[2018.07.13-19.24.33:563][  0]LogGameState: Match State Changed from EnteringMap to WaitingToStart
[2018.07.13-19.24.33:563][  0]LogGameMode:Display: Match State Changed from WaitingToStart to InProgress
[2018.07.13-19.24.33:563][  0]LogEngine: BlockTillLevelStreamingCompleted: 0
[2018.07.13-19.24.33:886][  0]LogConsoleManager:Warning: Setting the console variable 't.MaxFPS' with 'SetByGameSetting' was ignored as it is lower priority than the previous 'SetByCode'. Value remains '30'
[2018.07.13-19.24.33:886][  0]LogConsoleManager:Warning: Setting the console variable 'r.MotionBlurQuality' with 'SetByScalability' was ignored as it is lower priority than the previous 'SetByCode'. Value remains '0'
[2018.07.13-19.24.33:894][  0]LogConsoleManager:Warning: Setting the console variable 't.MaxFPS' with 'SetByGameSetting' was ignored as it is lower priority than the previous 'SetByCode'. Value remains '30'
[2018.07.13-19.24.33:894][  0]LogConsoleManager:Warning: Setting the console variable 'r.MotionBlurQuality' with 'SetByScalability' was ignored as it is lower priority than the previous 'SetByCode'. Value remains '0'
[2018.07.13-19.24.33:896][  0]LogUMG:Display: Widget Class W_GamepadHelpOverlay_C - Loaded Fast Template.
[2018.07.13-19.24.33:897][  0]UnitTest:Display: ClientState: 1
[2018.07.13-19.24.33:898][  0]ConanSandbox:Warning: Voice Enable State :FALSE (ClientS:0)
[2018.07.13-19.24.33:898][  0]LogUMG:Display: Widget Class W_MainMenu_MainMenu_C - Loaded Fast Template.
[2018.07.13-19.24.33:903][  0]LogSlate: Took 0.000538 seconds to synchronously load lazily loaded font '../../../Engine/Content/Slate/Fonts/Roboto-Regular.ttf' (155K)
[2018.07.13-19.24.33:933][  0]LogPackageLocalizationCache: Processed 4 localized package path(s) for 1 prioritized culture(s) in 0.032731 seconds
[2018.07.13-19.24.33:933][  0]Network:Display: Presence: "" => "PS_MainMenu".
[2018.07.13-19.24.33:933][  0]LogUMG:Display: Widget Class W_MouseBlockWindow_C - Loaded Fast Template.
[2018.07.13-19.24.33:934][  0]LogUMG:Display: Widget Class W_GamepadHelpEntry_C - Loaded Fast Template.
[2018.07.13-19.24.33:934][  0]LogUMG:Display: Widget Class W_ActionTutorial_C - Loaded Fast Template.
[2018.07.13-19.24.33:935][  0]GUI:Display: C:\B\branch_ConanSandbox_Stable\code\UE4\Source\ConanSandbox\ConanGameInstance.cpp(2091): UConanGameInstance::SetClientState: ToggleIngameLoadingScreen(false), m_ClientState=1
[2018.07.13-19.24.33:936][  0]GUI:Display: C:\B\branch_ConanSandbox_Stable\code\UE4\Source\ConanSandbox\ConanGameInstance.cpp(1929): UConanGameInstance::ToggleIngameLoadingScreen: ActivateModule("IngameLoadingScreen", false)
[2018.07.13-19.24.33:936][  0]LogGameState: Match State Changed from WaitingToStart to InProgress
[2018.07.13-19.24.33:936][  0]LogLoad: Took 10.722287 seconds to LoadMap(/Game/Maps/Startup)
[2018.07.13-19.24.34:140][  0]LogPakFile: New pak file ../../../ConanSandbox/Content/Paks/Effects.pak added to pak precacher.
[2018.07.13-19.24.34:140][  0]LogWindowsTextInputMethodSystem:Display: IME system now deactivated.
[2018.07.13-19.24.34:428][  0]LogPakFile: New pak file ../../../ConanSandbox/Content/Paks/WeatherEffects.pak added to pak precacher.
[2018.07.13-19.24.34:429][  0]LogPakFile: New pak file ../../../ConanSandbox/Content/Paks/Environment.pak added to pak precacher.
[2018.07.13-19.24.34:503][  0]LogPakFile: New pak file ../../../ConanSandbox/Content/Paks/Base.pak added to pak precacher.
[2018.07.13-19.24.35:129][  0]LogLoad: (Engine Initialization) Total time: 25.18 seconds
[2018.07.13-19.24.35:129][  0]LogExternalProfiler: No external profilers were discovered.  External profiling features will not be available.
[2018.07.13-19.24.35:170][  0]LogAnsel: We reckon 0.010000 meters to 1 world unit
[2018.07.13-19.24.35:171][  0]LogCameraPhotography: Photography camera created.  Provider=NVIDIA Ansel, Supported=1
[2018.07.13-19.24.35:177][  0]LogUMG:Display: Widget Class W_SubtitleRenderer_C - Loaded Fast Template.
[2018.07.13-19.24.35:222][  0]LogSlate: Took 0.042670 seconds to synchronously load lazily loaded font '../../../ConanSandbox/Content/Slate/Kelson_Sans_Bold_0_Default.ufont' (66K)
[2018.07.13-19.24.35:258][  0]LogSlate: Took 0.033187 seconds to synchronously load lazily loaded font '../../../ConanSandbox/Content/Slate/Kelson_Sans_Regular_0_Default.ufont' (106K)
[2018.07.13-19.24.35:259][  0]LogStreaming:Display: Suspending async loading (1)
[2018.07.13-19.24.35:680][  0]LogStreaming:Display: Resuming async loading (0)
[2018.07.13-19.24.35:802][  1]LogRenderer: Reallocating scene render targets to support 720x540 NumSamples 1 (Frame:2).
[2018.07.13-19.24.36:020][  1]LogAnsel: We reckon 0.010000 meters to 1 world unit
[2018.07.13-19.24.36:025][  1]Network:Display: OnServerVoiceChatReplicated: Changed to Disabled
[2018.07.13-19.24.36:028][  2]LogUMG:Display: Widget Class W_PatchNotesEntryView_C - Loaded Fast Template.
[2018.07.13-19.24.36:055][  2]LogUMG:Display: Widget Class W_FIFOWindow_C - Loaded Fast Template.
[2018.07.13-19.24.36:061][  2]LogSlate: Took 0.002109 seconds to synchronously load lazily loaded font '../../../ConanSandbox/Content/Slate/KelsonSans_0_Bold.ufont' (60K)
[2018.07.13-19.24.36:091][  2]LogSlate: Took 0.029318 seconds to synchronously load lazily loaded font '../../../ConanSandbox/Content/Slate/KelsonSans_0_Normal.ufont' (62K)
[2018.07.13-19.24.38:069][ 62]LogUMG:Display: Widget Class W_MessageBox_C - Loaded Fast Template.
[2018.07.13-19.24.38:071][ 62]ConanUserPrivilege:Display: FOnQueryUserPrivilegeComplete::PrivilegeResult? DESKTOP-40S7AG1-Beware-BFB23D9B4B7B60A4C6F492AD966946FC : 0
[2018.07.13-19.24.38:071][ 62]ConanUserPrivilege:Display: FOnQueryUserPrivilegeComplete::PrivilegeResult? DESKTOP-40S7AG1-Beware-BFB23D9B4B7B60A4C6F492AD966946FC : 0
[2018.07.13-19.24.38:071][ 62]ConanUserPrivilege:Display: FOnQueryUserPrivilegeComplete::PrivilegeResult? DESKTOP-40S7AG1-Beware-BFB23D9B4B7B60A4C6F492AD966946FC : 0
[2018.07.13-19.24.38:071][ 62]ConanUserPrivilege:Display: FOnQueryUserPrivilegeComplete::PrivilegeResult? DESKTOP-40S7AG1-Beware-BFB23D9B4B7B60A4C6F492AD966946FC : 0
[2018.07.13-19.24.38:072][ 62]LogSlate: Took 0.000429 seconds to synchronously load lazily loaded font '../../../Engine/Content/EngineFonts/Faces/RobotoBold.ufont' (160K)
[2018.07.13-19.24.38:096][ 62]LogSlate: Took 0.021276 seconds to synchronously load lazily loaded font '../../../ConanSandbox/Content/Slate/NotoSans_0_Normal.ufont' (299K)
[2018.07.13-19.24.38:099][ 62]LogUMG:Display: Widget Class W_ServerList_C - Loaded Fast Template.
[2018.07.13-19.24.38:147][ 62]LogOnline:Warning: OSS: Can't destroy a null online session (Game)
[2018.07.13-19.24.38:147][ 62]LogUMG:Display: Widget Class W_DropDownText_C - Loaded Fast Template.
[2018.07.13-19.24.38:186][ 62]LogSlate: Took 0.029838 seconds to synchronously load lazily loaded font '../../../ConanSandbox/Content/Slate/NotoSans-Italic_0_Default.ufont' (273K)
[2018.07.13-19.24.38:194][ 62]LogSlate: Took 0.007335 seconds to synchronously load lazily loaded font '../../../ConanSandbox/Content/Slate/Alte_Haas_Grotesk_Regular_0_Default.ufont' (141K)
[2018.07.13-19.24.39:220][ 91]LogOnline:Warning: OSS: Can't cancel a search that isn't in progress
[2018.07.13-19.24.39:388][ 96]LogInit: WinSock: I am DESKTOP-40S7AG1 (192.168.1.34:0)
[2018.07.13-19.25.00:140][713]LogOnline:Warning: OSS: Can't cancel a search that isn't in progress
[2018.07.13-19.25.00:140][713]LogOnline:Warning: OSS: Can't cancel a search that isn't in progress
[2018.07.13-19.25.00:140][713]LogGameMode:Display: Match State Changed from InProgress to LeavingMap
[2018.07.13-19.25.00:140][713]LogGameState: Match State Changed from InProgress to LeavingMap
[2018.07.13-19.25.00:140][713]LogNet: Browse: 25.49.160.70//Game/Maps/Startup?Name=Player
[2018.07.13-19.25.00:141][713]LogInit: WinSock: Socket queue 32768 / 32768
[2018.07.13-19.25.00:142][713]PacketHandlerLog: Loaded PacketHandler component: Engine.EngineHandlerComponentFactory (StatelessConnectHandlerComponent)
[2018.07.13-19.25.00:142][713]LogNet: Game client on port 7777, rate 15000
[2018.07.13-19.25.00:142][713]LogNetVersion: GetLocalNetworkVersion: CL: 98206, ProjectName: conansandbox, ProjectVersion: 1.0.0.0, EngineNetworkVersion: 2, GameNetworkVersion: 0, NetworkChecksum: 3374031125
[2018.07.13-19.25.00:142][713]LogNetVersion: GetLocalNetworkVersionOverride: NetworkChecksum: 804636165
[2018.07.13-19.25.00:142][713]LogNet: UPendingNetGame::InitNetDriver: Sending hello. [UNetConnection] RemoteAddr: 25.49.160.70:7777, Name: IpConnection_0, Driver: PendingNetDriver IpNetDriver_0, IsServer: NO, PC: NULL, Owner: NULL
[2018.07.13-19.25.00:240][716]LogHandshake: SendChallengeResponse. Timestamp: 9781.625977, Cookie: 088043028214159085170093173036205186048108241068218010122062
[2018.07.13-19.25.00:440][722]ConanSandbox:Display: Server settings received
[2018.07.13-19.25.00:440][722]LogNet: Welcomed by server (Level: /Game/Maps/ConanSandbox/ConanSandbox, Game: /Game/Systems/BaseGameMode.BaseGameMode_C)
[2018.07.13-19.25.00:441][722]UnitTest:Display: ClientState: 1
[2018.07.13-19.25.01:480][722]LogStreaming:Warning: Took 271.72ms to ProcessLoadedPackages
[2018.07.13-19.25.01:486][722]UnitTest:Display: ClientState: 2
[2018.07.13-19.25.01:486][722]ConanSandbox:Warning: Voice Enable State :FALSE (ClientS:0)
[2018.07.13-19.25.01:486][722]LogUMG:Display: Widget Class W_IngameLoadingScreen_C - Loaded Fast Template.
[2018.07.13-19.25.01:548][722]LogOnline:Warning: OSS: Can't cancel a search that isn't in progress
[2018.07.13-19.25.01:550][722]GUI:Display: C:\B\branch_ConanSandbox_Stable\code\UE4\Source\ConanSandbox\ConanGameInstance.cpp(2091): UConanGameInstance::SetClientState: ToggleIngameLoadingScreen(true), m_ClientState=2
[2018.07.13-19.25.01:550][722]GUI:Display: C:\B\branch_ConanSandbox_Stable\code\UE4\Source\ConanSandbox\ConanGameInstance.cpp(1884): UConanGameInstance::ToggleIngameLoadingScreen: ActivateModule("IngameLoadingScreen", true)
[2018.07.13-19.25.01:550][722]BattlEyeLogging: BattlEyeClient: ClientLoadingScreenStarted
[2018.07.13-19.25.01:550][722]GUI:Display: C:\B\branch_ConanSandbox_Stable\code\UE4\Source\ConanSandbox\ConanGameInstance.cpp(1449): UConanGameInstance::PreLoadMap_Callback: StartLoadingScreen
[2018.07.13-19.25.01:591][722]LogUMG:Display: Widget Class W_HotkeyIcon_C - Loaded Fast Template.
[2018.07.13-19.25.01:630][722]LogSlate: Took 0.020015 seconds to synchronously load lazily loaded font '../../../ConanSandbox/Content/Slate/NotoSans_0_Bold.ufont' (304K)
[2018.07.13-19.25.01:741][722]GraniteRenderLog:Warning: Tile set /Game/GraniteSDK/Baking/0004.gts was not found in the Granite settings.
Please update the Granite settings (by clicking 'Update' in the Granite settings panel in the editor) to ensure the best performance and optimal memory use.
[2018.07.13-19.25.01:741][722]GraniteRenderLog:Warning: Tile set /Game/GraniteSDK/Baking/0004.gts (layer 0) was not found in the Granite settings.
Please update the Granite settings (by clicking 'Update' in the Granite settings panel in the editor) to ensure the best performance and optimal memory use.
[2018.07.13-19.25.01:741][722]GraniteRenderLog:Warning: Tile set /Game/GraniteSDK/Baking/0004.gts (layer 1) was not found in the Granite settings.
Please update the Granite settings (by clicking 'Update' in the Granite settings panel in the editor) to ensure the best performance and optimal memory use.
[2018.07.13-19.25.01:741][722]GraniteRenderLog:Warning: Tile set /Game/GraniteSDK/Baking/0004.gts (layer 2) was not found in the Granite settings.
Please update the Granite settings (by clicking 'Update' in the Granite settings panel in the editor) to ensure the best performance and optimal memory use.
[2018.07.13-19.25.01:741][722]GraniteRenderLog:Warning: Tile set /Game/GraniteSDK/Baking/0004.gts (layer 3) was not found in the Granite settings.
Please update the Granite settings (by clicking 'Update' in the Granite settings panel in the editor) to ensure the best performance and optimal memory use.
[2018.07.13-19.25.01:882][722]GraniteRenderLog:Warning: Tile set /Game/GraniteSDK/Baking/1444.gts was not found in the Granite settings.
Please update the Granite settings (by clicking 'Update' in the Granite settings panel in the editor) to ensure the best performance and optimal memory use.
[2018.07.13-19.25.01:882][722]GraniteRenderLog:Warning: Tile set /Game/GraniteSDK/Baking/1444.gts (layer 0) was not found in the Granite settings.
Please update the Granite settings (by clicking 'Update' in the Granite settings panel in the editor) to ensure the best performance and optimal memory use.
[2018.07.13-19.25.01:882][722]GraniteRenderLog:Warning: Tile set /Game/GraniteSDK/Baking/1444.gts (layer 1) was not found in the Granite settings.
Please update the Granite settings (by clicking 'Update' in the Granite settings panel in the editor) to ensure the best performance and optimal memory use.
[2018.07.13-19.25.01:882][722]GraniteRenderLog:Warning: Tile set /Game/GraniteSDK/Baking/1444.gts (layer 2) was not found in the Granite settings.
Please update the Granite settings (by clicking 'Update' in the Granite settings panel in the editor) to ensure the best performance and optimal memory use.
[2018.07.13-19.25.01:882][722]GraniteRenderLog:Warning: Tile set /Game/GraniteSDK/Baking/1444.gts (layer 3) was not found in the Granite settings.
Please update the Granite settings (by clicking 'Update' in the Granite settings panel in the editor) to ensure the best performance and optimal memory use.
[2018.07.13-19.25.01:990][722]GraniteRenderLog:Warning: Tile set /Game/GraniteSDK/Baking/0456.gts was not found in the Granite settings.
Please update the Granite settings (by clicking 'Update' in the Granite settings panel in the editor) to ensure the best performance and optimal memory use.
[2018.07.13-19.25.01:990][722]GraniteRenderLog:Warning: Tile set /Game/GraniteSDK/Baking/0456.gts (layer 0) was not found in the Granite settings.
Please update the Granite settings (by clicking 'Update' in the Granite settings panel in the editor) to ensure the best performance and optimal memory use.
[2018.07.13-19.25.01:990][722]GraniteRenderLog:Warning: Tile set /Game/GraniteSDK/Baking/0456.gts (layer 1) was not found in the Granite settings.
Please update the Granite settings (by clicking 'Update' in the Granite settings panel in the editor) to ensure the best performance and optimal memory use.
[2018.07.13-19.25.01:990][722]GraniteRenderLog:Warning: Tile set /Game/GraniteSDK/Baking/0456.gts (layer 2) was not found in the Granite settings.
Please update the Granite settings (by clicking 'Update' in the Granite settings panel in the editor) to ensure the best performance and optimal memory use.
[2018.07.13-19.25.02:005][722]GraniteRenderLog:Warning: Tile set /Game/GraniteSDK/Baking/0166.gts was not found in the Granite settings.
Please update the Granite settings (by clicking 'Update' in the Granite settings panel in the editor) to ensure the best performance and optimal memory use.
[2018.07.13-19.25.02:005][722]GraniteRenderLog:Warning: Tile set /Game/GraniteSDK/Baking/0166.gts (layer 0) was not found in the Granite settings.
Please update the Granite settings (by clicking 'Update' in the Granite settings panel in the editor) to ensure the best performance and optimal memory use.
[2018.07.13-19.25.02:005][722]GraniteRenderLog:Warning: Tile set /Game/GraniteSDK/Baking/0166.gts (layer 1) was not found in the Granite settings.
Please update the Granite settings (by clicking 'Update' in the Granite settings panel in the editor) to ensure the best performance and optimal memory use.
[2018.07.13-19.25.02:143][722]LogLoad: LoadMap: 25.49.160.70//Game/Maps/ConanSandbox/ConanSandbox?Name=Player?game=/Game/Systems/BaseGameMode.BaseGameMode_C
[2018.07.13-19.25.03:180][722]LogPakFile: New pak file ../../../ConanSandbox/Content/Paks/RedDesertPack.pak added to pak precacher.
[2018.07.13-19.25.03:180][722]LogPakFile: New pak file ../../../ConanSandbox/Content/Paks/NaturePackage.pak added to pak precacher.
[2018.07.13-19.25.03:180][722]LogPakFile: New pak file ../../../ConanSandbox/Content/Paks/Marketplace.pak added to pak precacher.
[2018.07.13-19.25.03:180][722]LogPakFile: New pak file ../../../ConanSandbox/Content/Paks/Chameleon.pak added to pak precacher.
[2018.07.13-19.25.03:180][722]LogStreaming:Error: Couldn't find file for package /Engine/EditorMeshes/MatineeCam_SM requested by async loading code. NameToLoad: /Engine/EditorMeshes/MatineeCam_SM
[2018.07.13-19.25.03:180][722]LogStreaming:Error: Found 1 dependent packages...
[2018.07.13-19.25.03:180][722]LogStreaming:Error:   /Game/Maps/ConanSandbox/ConanSandbox
[2018.07.13-19.25.03:180][722]LogPakFile: New pak file ../../../ConanSandbox/Content/Paks/ProceduralNaturePack.pak added to pak precacher.
[2018.07.13-19.25.03:180][722]LogPakFile: New pak file ../../../ConanSandbox/Content/Paks/OceanFloor.pak added to pak precacher.
[2018.07.13-19.25.03:557][722]LogPakFile: New pak file ../../../ConanSandbox/Content/Paks/Master_AnimBP.pak added to pak precacher.
[2018.07.13-19.25.04:478][722]LogPakFile: New pak file ../../../ConanSandbox/Content/Paks/Elemental.pak added to pak precacher.
[2018.07.13-19.25.09:049][722]LogPakFile: New pak file ../../../ConanSandbox/Content/Paks/Cinematics.pak added to pak precacher.
[2018.07.13-19.25.09:049][722]LogPakFile: New pak file ../../../ConanSandbox/Content/Paks/WastelandRocks.pak added to pak precacher.
[2018.07.13-19.25.09:049][722]LogPakFile: New pak file ../../../ConanSandbox/Content/Paks/100+crosshairspack.pak added to pak precacher.
[2018.07.13-19.25.13:704][722]LogPakFile: New pak file ../../../ConanSandbox/Content/Paks/Dev.pak added to pak precacher.
[2018.07.13-19.25.30:168][722]LogPakFile: New pak file ../../../ConanSandbox/Content/Paks/FXVillesBloodVFXPack.pak added to pak precacher.
[2018.07.13-19.25.30:168][722]LogPakFile: New pak file ../../../ConanSandbox/Content/Paks/TextureMax.pak added to pak precacher.
[2018.07.13-19.25.30:205][722]LogStreaming:Warning: Preache request should have been hot ../../../ConanSandbox/Content/GraniteSDK/Baking/0146_2730c863.uasset.
[2018.07.13-19.25.30:381][722]LogPakFile: New pak file ../../../ConanSandbox/Content/Paks/Developers.pak added to pak precacher.
[2018.07.13-19.25.40:316][722]GUI:Display: C:\B\branch_ConanSandbox_Stable\code\UE4\Source\ConanSandbox\ConanGameInstance.cpp(443): UConanGameInstance::OnPreWorldInitialization: ToggleIngameLoadingScreen(false), m_ClientState=2
[2018.07.13-19.25.40:317][722]GUI:Display: C:\B\branch_ConanSandbox_Stable\code\UE4\Source\ConanSandbox\ConanGameInstance.cpp(451): UConanGameInstance::OnPreWorldInitialization: ToggleIngameLoadingScreen(true), m_ClientState=2
[2018.07.13-19.25.40:317][722]GUI:Display: C:\B\branch_ConanSandbox_Stable\code\UE4\Source\ConanSandbox\ConanGameInstance.cpp(1884): UConanGameInstance::ToggleIngameLoadingScreen: ActivateModule("IngameLoadingScreen", true)
[2018.07.13-19.25.40:359][722]LogLevelActorContainer: Created LevelActorCluster (696) for /Game/Maps/ConanSandbox/ConanSandbox.ConanSandbox:PersistentLevel with 256 objects, 1 referenced clusters and 11 mutable objects.
[2018.07.13-19.25.40:360][722]LogWorld: Bringing World /Game/Maps/ConanSandbox/ConanSandbox.ConanSandbox up for play (max tick rate 30) at 2018.07.14-02.25.40
[2018.07.13-19.25.40:363][722]LogWorld: Bringing up level for play took: 0.043397
[2018.07.13-19.25.40:364][722]GUI:Display: C:\B\branch_ConanSandbox_Stable\code\UE4\Source\ConanSandbox\ConanGameInstance.cpp(1457): UConanGameInstance::PostLoadMap_Callback: StopLoadingScreen, m_ClientState = 2
[2018.07.13-19.25.40:365][722]LogLoad: Took 38.220666 seconds to LoadMap(/Game/Maps/ConanSandbox/ConanSandbox)
[2018.07.13-19.25.40:366][722]LogNet: UNetDriver::TickDispatch: Very long time between ticks. DeltaTime: 0.03, Realtime: 39.93. IpNetDriver_0
[2018.07.13-19.25.40:724][723]LogNet: UNetDriver::TickDispatch: Very long time between ticks. DeltaTime: 40.28, Realtime: 0.36. IpNetDriver_0
[2018.07.13-19.25.40:739][723]LogOnline:Warning: OSS: No game present to join for session (Game)
[2018.07.13-19.25.40:746][723]LogUMG:Display: Widget Class W_FloatingName_C - Loaded Fast Template.
[2018.07.13-19.25.40:752][723]GUI:Display: C:\B\branch_ConanSandbox_Stable\code\UE4\Source\ConanSandbox\Character\ConanPlayerController.cpp(5924): AConanPlayerController::MakeClientWaitForStreamingWhenCloseTo_Implementation: SetTransitionState(2), TransitionState=0
[2018.07.13-19.25.40:752][723]GUI:Display: C:\B\branch_ConanSandbox_Stable\code\UE4\Source\ConanSandbox\Character\ConanPlayerController.cpp(5924): AConanPlayerController::MakeClientWaitForStreamingWhenCloseTo_Implementation: SetTransitionState(2), TransitionState=2
[2018.07.13-19.25.40:752][723]GUI:Display: C:\B\branch_ConanSandbox_Stable\code\UE4\Source\ConanSandbox\Character\ConanPlayerController.cpp(3948): AConanPlayerController::PrepareForTeleportClient_Implementation: SetTeleportState(1), TeleportState=0
[2018.07.13-19.25.40:922][723]LogUObjectGlobals:Warning: Failed to find object 'Object /Game/Maps/ConanSandbox/ConanSandbox.ConanSandbox:PersistentLevel.BP_ServerSettings_C_0.SceneComponent_0'
[2018.07.13-19.25.40:923][723]Network:Display: OnServerVoiceChatReplicated: Changed to Enabled
[2018.07.13-19.25.40:923][723]Performance:Display: [BP_ConanWorldComposition_C_0] World Composition Update:
+STREAMING POSITION: X=102383.820 Y=318118.719 Z=-21490.000 (from player #0 () overriden streaming location) [ADDED]
+STREAMING POSITION: X=101080.781 Y=104195.758 Z=-12363.530 (from player #0 () overriden streaming location) [ADDED]
+STREAMING POSITION: X=101080.781 Y=104195.758 Z=-12365.461 (from player #0 () overriden streaming location) [ADDED]
+STREAMING POSITION: X=24302.801 Y=320147.906 Z=-20860.000 (from extra streaming position) [ADDED]

[2018.07.13-19.25.40:924][723]LogUMG:Display: Widget Class W_HUD_BuffEntry_C - Loaded Fast Template.
[2018.07.13-19.25.40:938][723]LogSlate: Took 0.002026 seconds to synchronously load lazily loaded font '../../../ConanSandbox/Content/Slate/NotoSans_0_Bold.ufont' (304K)
[2018.07.13-19.25.40:983][725]LogStreaming:Error: Couldn't find file for package /Engine/EditorLandscapeResources/DataLayer requested by async loading code. NameToLoad: /Engine/EditorLandscapeResources/DataLayer
[2018.07.13-19.25.40:983][725]LogStreaming:Error: Found 1 dependent packages...
[2018.07.13-19.25.40:983][725]LogStreaming:Error:   /Game/Maps/ConanSandbox/Art/Heightmap/Heightmap_x3_y0
[2018.07.13-19.25.41:029][725]LogPakFile: New pak file ../../../ConanSandbox/Content/Paks/ForestMushroomsPack.pak added to pak precacher.
[2018.07.13-19.25.41:072][725]LogPakFile: New pak file ../../../ConanSandbox/Content/Paks/Stumps_and_logs.pak added to pak precacher.
[2018.07.13-19.25.41:170][727]Performance:Display: [BP_ConanWorldComposition_C_0] World Composition Update:
-STREAMING POSITION: X=102383.820 Y=318118.719 Z=-21490.000 (from player #0 () overriden streaming location) [REMOVED]
-STREAMING POSITION: X=101080.781 Y=104195.758 Z=-12363.530 (from player #0 () overriden streaming location) [REMOVED]
-STREAMING POSITION: X=101080.781 Y=104195.758 Z=-12365.461 (from player #0 () overriden streaming location) [REMOVED]
+STREAMING POSITION: X=102383.820 Y=318118.719 Z=-21490.000 (from player #0 (Nuite) overriden streaming location) [ADDED]
+STREAMING POSITION: X=101080.781 Y=104195.758 Z=-12363.530 (from player #0 (Nuite) overriden streaming location) [ADDED]
+STREAMING POSITION: X=101080.781 Y=104195.758 Z=-12365.461 (from player #0 (Nuite) overriden streaming location) [ADDED]
=STREAMING POSITION: X=24302.801 Y=320147.906 Z=-20860.000 (from extra streaming position)

[2018.07.13-19.25.42:934][775]LogOnline:Warning: OSS: No game present to join for session (Game)
[2018.07.13-19.25.42:934][775]LogOnline:Warning: OSS: No game present to join for session (Game)
[2018.07.13-19.25.42:935][775]LogOnline:Warning: OSS: No game present to join for session (Game)
[2018.07.13-19.25.43:034][778]LogOnline:Warning: OSS: No game present to join for session (Game)
[2018.07.13-19.25.43:034][778]LogOnline:Warning: OSS: No game present to join for session (Game)
[2018.07.13-19.25.43:035][778]LogOnline:Warning: OSS: No game present to join for session (Game)
[2018.07.13-19.25.43:038][778]Main:Display: Creating ServiceActors for "/Game/Maps/ConanSandbox/ConanSandbox.ConanSandbox:PersistentLevel.BaseGameState_C_0"...
[2018.07.13-19.25.45:877][778]LogPakFile: New pak file ../../../ConanSandbox/Content/Paks/ExampleContent.pak added to pak precacher.
[2018.07.13-19.25.46:040][778]Main:Display: Registered service actor "/Game/Systems/Combat/ComboSystem/BP_ComboRulesLookup.BP_ComboRulesLookup_C" with interface "/Game/Systems/Combat/ComboSystem/BP_ComboRulesLookupInterface.BP_ComboRulesLookupInterface_C".
[2018.07.13-19.25.47:341][778]LogPakFile: New pak file ../../../ConanSandbox/Content/Paks/Shaders.pak added to pak precacher.
[2018.07.13-19.25.47:360][778]LogUMG:Display: Widget Class W_EnemyHealthbar_C - Loaded Fast Template.
[2018.07.13-19.25.47:363][778]LogUMG:Display: Widget Class W_TargetLockHighlight_C - Loaded Fast Template.
[2018.07.13-19.25.47:364][778]LogConsoleManager:Warning: Setting the console variable 't.MaxFPS' with 'SetByGameSetting' was ignored as it is lower priority than the previous 'SetByCode'. Value remains '30'
[2018.07.13-19.25.47:364][778]LogConsoleManager:Warning: Setting the console variable 'r.ViewDistanceScale' with 'SetByScalability' was ignored as it is lower priority than the previous 'SetByCode'. Value remains '0.07'
[2018.07.13-19.25.47:364][778]LogConsoleManager:Warning: Setting the console variable 'r.Shadow.DistanceScale' with 'SetByScalability' was ignored as it is lower priority than the previous 'SetByCode'. Value remains '0'
[2018.07.13-19.25.47:364][778]LogConsoleManager:Warning: Setting the console variable 'r.MotionBlurQuality' with 'SetByScalability' was ignored as it is lower priority than the previous 'SetByCode'. Value remains '0'
[2018.07.13-19.25.47:364][778]LogConsoleManager:Warning: Setting the console variable 'r.Tonemapper.Quality' with 'SetByScalability' was ignored as it is lower priority than the previous 'SetByCode'. Value remains '0'
[2018.07.13-19.25.47:365][778]LogConsoleManager:Warning: Setting the console variable 'r.TranslucencyLightingVolumeDim' with 'SetByScalability' was ignored as it is lower priority than the previous 'SetByCode'. Value remains '8'
[2018.07.13-19.25.47:365][778]LogConsoleManager:Warning: Setting the console variable 'r.EmitterSpawnRateScale' with 'SetByScalability' was ignored as it is lower priority than the previous 'SetByCode'. Value remains '0.075'
[2018.07.13-19.25.47:365][778]LogConsoleManager:Warning: Setting the console variable 't.MaxFPS' with 'SetByGameSetting' was ignored as it is lower priority than the previous 'SetByCode'. Value remains '30'
[2018.07.13-19.25.47:365][778]LogConsoleManager:Warning: Setting the console variable 'r.ViewDistanceScale' with 'SetByScalability' was ignored as it is lower priority than the previous 'SetByCode'. Value remains '0.07'
[2018.07.13-19.25.47:365][778]LogConsoleManager:Warning: Setting the console variable 'r.Shadow.DistanceScale' with 'SetByScalability' was ignored as it is lower priority than the previous 'SetByCode'. Value remains '0'
[2018.07.13-19.25.47:365][778]LogConsoleManager:Warning: Setting the console variable 'r.MotionBlurQuality' with 'SetByScalability' was ignored as it is lower priority than the previous 'SetByCode'. Value remains '0'
[2018.07.13-19.25.47:365][778]LogConsoleManager:Warning: Setting the console variable 'r.Tonemapper.Quality' with 'SetByScalability' was ignored as it is lower priority than the previous 'SetByCode'. Value remains '0'
[2018.07.13-19.25.47:365][778]LogConsoleManager:Warning: Setting the console variable 'r.TranslucencyLightingVolumeDim' with 'SetByScalability' was ignored as it is lower priority than the previous 'SetByCode'. Value remains '8'
[2018.07.13-19.25.47:366][778]LogConsoleManager:Warning: Setting the console variable 'r.EmitterSpawnRateScale' with 'SetByScalability' was ignored as it is lower priority than the previous 'SetByCode'. Value remains '0.075'
[2018.07.13-19.25.47:366][778]LogUMG:Display: Widget Class W_HUD_BuffList_C - Loaded Fast Template.
[2018.07.13-19.25.47:366][778]LogUMG:Display: Widget Class W_FIFOWindow_C - Loaded Fast Template.
[2018.07.13-19.25.47:366][778]LogUMG:Display: Widget Class W_SubtitleRenderer_C - Loaded Fast Template.
[2018.07.13-19.25.47:366][778]PIE:Warning: Warning The widget 'W_GamepadHelpOverlay_C' was already added to the screen.
[2018.07.13-19.26.09:708][778]LogNet:Warning: UIpNetDriver::ProcesRemoteFunction: No owning connection for actor BasePlayerChar_C_1. Function StartSandstorm will not be processed.
[2018.07.13-19.26.09:708][778]LogNet:Warning: UIpNetDriver::ProcesRemoteFunction: No owning connection for actor BasePlayerChar_C_1. Function ServerRequestInitialMarkerUpdate will not be processed.
[2018.07.13-19.26.09:708][778]LogNet:Warning: UIpNetDriver::ProcesRemoteFunction: No owning connection for actor BasePlayerChar_C_1. Function ServerRequestInitialUpdate will not be processed.
[2018.07.13-19.26.09:712][778]Audio:Display: [ConanSandbox_C_0] Loading environment audio level: Client or listen server.
[2018.07.13-19.26.09:712][778]LogLevel: ActivateLevel /Game/Maps/ConanSandbox/ConanSandbox_SOUND 1 1 0
[2018.07.13-19.26.09:712][778]Audio:Display: [BP_SoundStage_C_0] Sound Stage on line
[2018.07.13-19.26.09:713][778]LogPrimitiveComponent:Warning: CreateDynamicMaterialInstance on /Game/Maps/ConanSandbox/ConanSandbox.ConanSandbox:PersistentLevel.BP_SandStorm.SandstormMesh: Material index 1 is invalid.
[2018.07.13-19.26.09:766][778]LogOnline:Warning: OSS: No game present to join for session (Game)
[2018.07.13-19.26.09:774][778]LogNet:Warning: UIpNetDriver::TickDispatch: Took too long to receive packets. Time: 26.74 IpNetDriver_0
[2018.07.13-19.26.09:774][778]Network:Display: Network usage last 16908220.00 seconds
[2018.07.13-19.26.09:774][778]Network:Display: out bytes min;out bytes max;out bytes avg;out bytes total;out parts min;out parts max;out parts avg;out parts total;in bytes min;in bytes max;in bytes avg;in bytes total;actor
[2018.07.13-19.26.09:791][778]Effects:Display: [BP_CloudParticleSpawner BasePlayerChar_C_0] Actual max particle count: 49
[2018.07.13-19.26.09:801][778]LogNet:Warning: UIpNetDriver::ProcesRemoteFunction: No owning connection for actor BasePlayerChar_C_2. Function StartSandstorm will not be processed.
[2018.07.13-19.26.09:801][778]LogNet:Warning: UIpNetDriver::ProcesRemoteFunction: No owning connection for actor BasePlayerChar_C_2. Function ServerRequestInitialMarkerUpdate will not be processed.
[2018.07.13-19.26.09:801][778]LogNet:Warning: UIpNetDriver::ProcesRemoteFunction: No owning connection for actor BasePlayerChar_C_2. Function ServerRequestInitialUpdate will not be processed.
[2018.07.13-19.26.09:983][779]LogNet: UNetDriver::TickDispatch: Very long time between ticks. DeltaTime: 26.93, Realtime: 26.95. IpNetDriver_0
[2018.07.13-19.26.10:166][782]LogLevelActorContainer: Created LevelActorCluster (1067) for /Game/Maps/ConanSandbox/ConanSandbox_SOUND.ConanSandbox_SOUND:PersistentLevel with 12 objects, 2 referenced clusters and 2 mutable objects.
[2018.07.13-19.26.10:247][784]GUI:Display: C:\B\branch_ConanSandbox_Stable\code\UE4\Source\ConanSandbox\Character\ConanPlayerController.cpp(3293): AConanPlayerController::TeleportTick: SetTeleportState(0), TeleportState=1
[2018.07.13-19.26.10:248][784]Audio:Display: [ConanSandbox_C_0] Environment audio level loaded.
[2018.07.13-19.26.10:249][784]Performance:Display: [BP_ConanWorldComposition_C_0] World Composition Update:
-STREAMING POSITION: X=24302.801 Y=320147.906 Z=-20939.412 (from extra streaming position) [REMOVED]
+STREAMING POSITION: X=101080.781 Y=104195.750 Z=-12365.461 (from extra streaming position) [ADDED]
=STREAMING POSITION: X=102383.820 Y=318118.719 Z=-21490.000 (from player #0 (Nuite) overriden streaming location)
=STREAMING POSITION: X=101080.781 Y=104195.758 Z=-12363.530 (from player #0 (Nuite) overriden streaming location)
=STREAMING POSITION: X=101080.781 Y=104195.758 Z=-12365.461 (from player #0 (Nuite) overriden streaming location)

[2018.07.13-19.26.10:279][785]Streaming:Display: Waiting for streaming completed (game, unload)
[2018.07.13-19.26.12:280][785]LogEngine: BlockTillLevelStreamingCompleted: 1
[2018.07.13-19.26.12:281][785]Network:Warning: Data: FunCombat_PlayerController_C_0 (client) received 1333.5 bytes per second > 1024 (sample window size: 2.00 seconds)
[2018.07.13-19.26.12:284][785]LogNet: NotifyStreamingLevelUnload: PersistentLevel
[2018.07.13-19.26.12:285][785]LogNet: NotifyStreamingLevelUnload: PersistentLevel
[2018.07.13-19.26.12:479][785]LogLevelActorContainer: Created LevelActorCluster (1010) for /Game/Maps/ConanSandbox/Art/Art_CurseWall.Art_CurseWall:PersistentLevel with 16 objects, 3 referenced clusters and 9 mutable objects.
[2018.07.13-19.26.12:479][785]LogLevelActorContainer: Created LevelActorCluster (905) for /Game/Maps/ConanSandbox/Art/Heightmap/Heightmap_x3_y2LOD/Heightmap_x3_y2_LOD1.Heightmap_x3_y2_LOD1:PersistentLevel with 2 objects, 0 referenced clusters and 2 mutable objects.
[2018.07.13-19.26.12:479][785]LogLevelActorContainer: Created LevelActorCluster (1073) for /Game/Maps/ConanSandbox/Art/Heightmap/Heightmap_x3_y5LOD/Heightmap_x3_y5_LOD1.Heightmap_x3_y5_LOD1:PersistentLevel with 2 objects, 0 referenced clusters and 2 mutable objects.
[2018.07.13-19.26.12:493][786]GUI:Display: C:\B\branch_ConanSandbox_Stable\code\UE4\Source\ConanSandbox\Character\ConanPlayerController.cpp(3764): AConanPlayerController::BlockOnStreamingClient_Implementation: SetTeleportState(2), TeleportState=0
[2018.07.13-19.26.12:526][786]Streaming:Display: Waiting for streaming completed (game, load)
[2018.07.13-19.26.12:551][786]LogLevelActorContainer: Created LevelActorCluster (1074) for /Game/Maps/ConanSandbox/Art/Heightmap/Heightmap_x4_y0.Heightmap_x4_y0:PersistentLevel with 365 objects, 473 referenced clusters and 1885 mutable objects.
[2018.07.13-19.26.12:551][786]LogStreaming:Display: UWorld::AddToWorld: updating components for /Game/Maps/ConanSandbox/Art/Heightmap/Heightmap_x4_y0 took (less than) 24.73 ms
[2018.07.13-19.26.20:490][786]LogLevelActorContainer: Created LevelActorCluster (1128) for /Game/Maps/ConanSandbox/Art/Heightmap/Heightmap_x4_y1.Heightmap_x4_y1:PersistentLevel with 1851 objects, 526 referenced clusters and 1975 mutable objects.
[2018.07.13-19.26.20:490][786]LogStreaming:Display: UWorld::AddToWorld: updating components for /Game/Maps/ConanSandbox/Art/Heightmap/Heightmap_x4_y1 took (less than) 191.43 ms
[2018.07.13-19.26.22:073][786]LogLevelActorContainer: Created LevelActorCluster (1129) for /Game/Maps/ConanSandbox/Art/Heightmap/Heightmap_x4_y2.Heightmap_x4_y2:PersistentLevel with 3271 objects, 555 referenced clusters and 2021 mutable objects.
[2018.07.13-19.26.22:073][786]LogStreaming:Display: UWorld::AddToWorld: updating components for /Game/Maps/ConanSandbox/Art/Heightmap/Heightmap_x4_y2 took (less than) 78.03 ms
[2018.07.13-19.26.23:814][786]LogLevelActorContainer: Created LevelActorCluster (1133) for /Game/Maps/ConanSandbox/Art/Heightmap/Heightmap_x4_y3.Heightmap_x4_y3:PersistentLevel with 2673 objects, 474 referenced clusters and 1988 mutable objects.
[2018.07.13-19.26.23:814][786]LogStreaming:Display: UWorld::AddToWorld: updating components for /Game/Maps/ConanSandbox/Art/Heightmap/Heightmap_x4_y3 took (less than) 25.05 ms
[2018.07.13-19.26.23:818][786]LogLevelActorContainer: Created LevelActorCluster (1134) for /Game/Maps/ConanSandbox/Art/Heightmap/Heightmap_x4_y4LOD/Heightmap_x4_y4_LOD1.Heightmap_x4_y4_LOD1:PersistentLevel with 2 objects, 0 referenced clusters and 2 mutable objects.
[2018.07.13-19.26.23:818][786]LogLevelActorContainer: Created LevelActorCluster (1135) for /Game/Maps/ConanSandbox/Art/Heightmap/Heightmap_x4_y5LOD/Heightmap_x4_y5_LOD1.Heightmap_x4_y5_LOD1:PersistentLevel with 2 objects, 0 referenced clusters and 2 mutable objects.
[2018.07.13-19.26.24:067][786]LogLevelActorContainer: Created LevelActorCluster (1136) for /Game/Maps/ConanSandbox/Art/Heightmap/Heightmap_x5_y0.Heightmap_x5_y0:PersistentLevel with 213 objects, 473 referenced clusters and 1874 mutable objects.
[2018.07.13-19.26.24:383][786]LogLevelActorContainer: Created LevelActorCluster (1137) for /Game/Maps/ConanSandbox/Art/Heightmap/Heightmap_x5_y1.Heightmap_x5_y1:PersistentLevel with 724 objects, 473 referenced clusters and 1925 mutable objects.
[2018.07.13-19.26.24:383][786]LogStreaming:Display: UWorld::AddToWorld: updating components for /Game/Maps/ConanSandbox/Art/Heightmap/Heightmap_x5_y1 took (less than) 33.09 ms
[2018.07.13-19.26.24:416][786]LogStreaming:Display: UWorld::AddToWorld: updating components for /Game/Maps/ConanSandbox/Art/Heightmap/Heightmap_x5_y2 took (less than) 31.89 ms
[2018.07.13-19.26.25:367][786]LogLevelActorContainer: Created LevelActorCluster (1139) for /Game/Maps/ConanSandbox/Art/Heightmap/Heightmap_x5_y2.Heightmap_x5_y2:PersistentLevel with 1433 objects, 486 referenced clusters and 1944 mutable objects.
[2018.07.13-19.26.26:239][786]LogLevelActorContainer: Created LevelActorCluster (1140) for /Game/Maps/ConanSandbox/Art/Heightmap/Heightmap_x5_y3.Heightmap_x5_y3:PersistentLevel with 2102 objects, 474 referenced clusters and 1970 mutable objects.
[2018.07.13-19.26.26:239][786]LogStreaming:Display: UWorld::AddToWorld: updating components for /Game/Maps/ConanSandbox/Art/Heightmap/Heightmap_x5_y3 took (less than) 40.11 ms
[2018.07.13-19.26.32:062][786]LogLevelActorContainer: Created LevelActorCluster (1161) for /Game/Maps/ConanSandbox/Gameplay/Gameplay_Emotes.Gameplay_Emotes:PersistentLevel with 160 objects, 488 referenced clusters and 1696 mutable objects.
[2018.07.13-19.26.32:076][786]Items:Error: Data: [BP_Emote_Worship_Mitra] missing lore item in table: 0
[2018.07.13-19.26.32:077][786]Items:Error: Data: [BP_Emote_Worship_Set] missing lore item in table: 0
[2018.07.13-19.26.32:077][786]Items:Error: Data: [BP_Emote_Worship_Yog] missing lore item in table: 0
[2018.07.13-19.26.32:077][786]Items:Error: Data: [Teach_Skulltaker_feat] missing lore item in table: 0
[2018.07.13-19.26.32:169][786]LogLevelActorContainer: Created LevelActorCluster (1162) for /Game/Maps/ConanSandbox/Gameplay/Gameplay_NPCs_Desert_East.Gameplay_NPCs_Desert_East:PersistentLevel with 72 objects, 0 referenced clusters and 6 mutable objects.
[2018.07.13-19.26.32:186][786]LogStreaming:Display: UWorld::AddToWorld: routing Initialize on actors for /Game/Maps/ConanSandbox/Gameplay/Gameplay_NPCs_Desert_East took (less than) 20.35 ms
[2018.07.13-19.26.32:200][786]LogLevelActorContainer: Created LevelActorCluster (1163) for /Game/Maps/ConanSandbox/Gameplay/Gameplay_NPCs_Desert_EastWest.Gameplay_NPCs_Desert_EastWest:PersistentLevel with 26 objects, 0 referenced clusters and 5 mutable objects.
[2018.07.13-19.26.32:204][786]LogLevelActorContainer: Created LevelActorCluster (1164) for /Game/Maps/ConanSandbox/Gameplay/Gameplay_NPCs_Desert_SouthEast.Gameplay_NPCs_Desert_SouthEast:PersistentLevel with 30 objects, 0 referenced clusters and 2 mutable objects.
[2018.07.13-19.26.32:221][786]LogLevelActorContainer: Created LevelActorCluster (1165) for /Game/Maps/ConanSandbox/Gameplay/Gameplay_NPCs_Swamp_West.Gameplay_NPCs_Swamp_West:PersistentLevel with 18 objects, 0 referenced clusters and 4 mutable objects.
[2018.07.13-19.26.32:226][786]LogLevelActorContainer: Created LevelActorCluster (1166) for /Game/Maps/ConanSandbox/Gameplay/Gameplay_Prototype_SouthOfRiverEast.Gameplay_Prototype_SouthOfRiverEast:PersistentLevel with 44 objects, 0 referenced clusters and 2 mutable objects.
[2018.07.13-19.26.32:292][786]LogLevelActorContainer: Created LevelActorCluster (1167) for /Game/Maps/ConanSandbox/Gameplay/Gameplay_StartingExperience.Gameplay_StartingExperience:PersistentLevel with 76 objects, 486 referenced clusters and 1673 mutable objects.
[2018.07.13-19.26.32:292][786]LogStreaming:Display: UWorld::AddToWorld: updating components for /Game/Maps/ConanSandbox/Gameplay/Gameplay_StartingExperience took (less than) 38.79 ms
[2018.07.13-19.26.32:316][786]LogStreaming:Display: UWorld::AddToWorld: routing Initialize on actors for /Game/Maps/ConanSandbox/Gameplay/Gameplay_StartingExperience took (less than) 23.37 ms
[2018.07.13-19.26.32:551][786]LogLevelActorContainer: Created LevelActorCluster (1168) for /Game/Maps/ConanSandbox/Gameplay/Camps_NPC/Camps-NPC_x4_y2-4.Camps-NPC_x4_y2-4:PersistentLevel with 2 objects, 0 referenced clusters and 2 mutable objects.
[2018.07.13-19.26.32:608][786]LogLevelActorContainer: Created LevelActorCluster (1169) for /Game/Maps/ConanSandbox/Gameplay/Camps_NPC/Camps-NPC_x4_y3-2.Camps-NPC_x4_y3-2:PersistentLevel with 10 objects, 467 referenced clusters and 1587 mutable objects.
[2018.07.13-19.26.32:621][786]Items:Error: Data: [Feat_BlackHandBanners] missing lore item in table: 0
[2018.07.13-19.26.32:621][786]Items:Error: Data: [Feat_BlackHandBanners2] missing lore item in table: 0
[2018.07.13-19.26.32:685][786]LogLevelActorContainer: Created LevelActorCluster (1170) for /Game/Maps/ConanSandbox/Gameplay/Camps_NPC/Camps_NPC_x4_y3.Camps_NPC_x4_y3:PersistentLevel with 6 objects, 0 referenced clusters and 4 mutable objects.
[2018.07.13-19.26.32:697][786]Items:Error: Data: [BP_interactable_clientside_567] missing lore item in table: 0
[2018.07.13-19.26.32:745][786]LogLevelActorContainer: Created LevelActorCluster (1171) for /Game/Maps/ConanSandbox/Gameplay/Camps_NPC/Camps_NPC_x5_y2.Camps_NPC_x5_y2:PersistentLevel with 2 objects, 0 referenced clusters and 2 mutable objects.
[2018.07.13-19.26.32:761][786]LogLevelActorContainer: Created LevelActorCluster (1172) for /Game/Maps/ConanSandbox/Gameplay/Camps_NPC/Camps_NPC_x5_y3.Camps_NPC_x5_y3:PersistentLevel with 2 objects, 0 referenced clusters and 2 mutable objects.
[2018.07.13-19.26.32:761][786]LogEngine: BlockTillLevelStreamingCompleted: 2
[2018.07.13-19.26.32:761][786]Streaming:Display: Waiting for streaming completed (game, NPC replication)
[2018.07.13-19.26.33:042][787]LogNet: UNetDriver::TickDispatch: Very long time between ticks. DeltaTime: 20.55, Realtime: 20.55. IpNetDriver_0
[2018.07.13-19.26.33:058][787]Streaming:Display: Waiting for streaming completed (game, NPC asyncloads)
[2018.07.13-19.26.33:717][789]Streaming:Display: Waiting for streaming completed (game): Done.
[2018.07.13-19.26.33:717][789]GUI:Display: C:\B\branch_ConanSandbox_Stable\code\UE4\Source\ConanSandbox\Character\ConanPlayerController.cpp(3101): AConanPlayerController::Tick: SetTransitionState(3), TransitionState=2
[2018.07.13-19.26.33:717][789]ConanGameInstanceLog:Warning: Levels loaded: 255/255
[2018.07.13-19.26.33:892][793]GUI:Display: C:\B\branch_ConanSandbox_Stable\code\UE4\Source\ConanSandbox\Character\ConanPlayerController.cpp(1688): AConanPlayerController::ClientCompleteSpawn_Implementation: SetTransitionState(0), TransitionState=3
[2018.07.13-19.26.33:892][793]UnitTest:Display: ClientState: 3
[2018.07.13-19.26.33:895][793]ConanSandbox:Warning: Voice Enable State :TRUE (ClientS:1)
[2018.07.13-19.26.33:895][793]LogUMG:Display: Widget Class W_HUDCharacterStatIndicators_C - Loaded Fast Template.
[2018.07.13-19.26.33:898][793]LogUMG:Display: Widget Class W_ChatWindow_C - Loaded Fast Template.
[2018.07.13-19.26.33:899][793]LogUMG:Display: Widget Class W_RichChatLine_C - Loaded Fast Template.
[2018.07.13-19.26.33:964][793]LogUMG:Display: Widget Class W_VoiceChatWindow_C - Loaded Fast Template.
[2018.07.13-19.26.33:964][793]LogUMG:Display: Widget Class W_OnScreenInfoContainer_C - Loaded Fast Template.
[2018.07.13-19.26.33:964][793]LogUMG:Display: Widget Class W_HUD_Crafting_C - Loaded Fast Template.
[2018.07.13-19.26.33:966][793]LogUMG:Display: Widget Class W_Crosshair_C - Loaded Fast Template.
[2018.07.13-19.26.33:966][793]LogUMG:Display: Widget Class W_Carousel_C - Loaded Fast Template.
[2018.07.13-19.26.33:968][793]LogUMG:Display: Widget Class W_ExilesJourneyTrial_C - Loaded Fast Template.
[2018.07.13-19.26.33:969][793]LogUMG:Display: Widget Class W_ExilesJourneyTrialStep_C - Loaded Fast Template.
[2018.07.13-19.26.33:972][793]LogUMG:Display: Widget Class W_GameModeHints_C - Loaded Fast Template.
[2018.07.13-19.26.33:975][793]GUI:Display: C:\B\branch_ConanSandbox_Stable\code\UE4\Source\ConanSandbox\ConanGameInstance.cpp(2091): UConanGameInstance::SetClientState: ToggleIngameLoadingScreen(false), m_ClientState=3
[2018.07.13-19.26.33:975][793]GUI:Display: C:\B\branch_ConanSandbox_Stable\code\UE4\Source\ConanSandbox\UI\HUD\ConanHUD.cpp(52): AConanHUD::RemoveIngameLoadingScreen_Implementation: RemoveIngameLoadingScreen
[2018.07.13-19.26.33:975][793]ConanSandbox: RemoveIngameLoadingScreen
[2018.07.13-19.26.33:975][793]GUI:Display: C:\B\branch_ConanSandbox_Stable\code\UE4\Source\ConanSandbox\UI\HUD\ConanHUD.cpp(44): AConanHUD::RemoveIngameLoadingScreenNative: ActivateModule("IngameLoadingScreen", false)
[2018.07.13-19.26.33:975][793]BattlEyeLogging: BattlEyeClient: ClientLoadingScreenStopped
[2018.07.13-19.26.33:975][793]Main:Display: Entering game session (playing as Coop)...
[2018.07.13-19.26.33:975][793]GUI:Display: C:\B\branch_ConanSandbox_Stable\code\UE4\Source\ConanSandbox\Character\ConanPlayerController.cpp(1696): AConanPlayerController::ClientCompleteSpawn_Implementation: ToggleIngameLoadingScreen(false), m_ClientState=3
[2018.07.13-19.26.33:975][793]GUI:Display: C:\B\branch_ConanSandbox_Stable\code\UE4\Source\ConanSandbox\UI\HUD\ConanHUD.cpp(52): AConanHUD::RemoveIngameLoadingScreen_Implementation: RemoveIngameLoadingScreen
[2018.07.13-19.26.33:975][793]ConanSandbox: RemoveIngameLoadingScreen
[2018.07.13-19.26.33:975][793]GUI:Display: C:\B\branch_ConanSandbox_Stable\code\UE4\Source\ConanSandbox\UI\HUD\ConanHUD.cpp(44): AConanHUD::RemoveIngameLoadingScreenNative: ActivateModule("IngameLoadingScreen", false)
[2018.07.13-19.26.33:975][793]Network:Display: OnServerVoiceChatReplicated: Changed to Enabled
[2018.07.13-19.26.33:975][793]LogUMG:Display: Widget Class W_HUD_C - Loaded Fast Template.
[2018.07.13-19.26.33:976][793]LogUMG:Display: Widget Class W_HUD_LootLogElement_C - Loaded Fast Template.
[2018.07.13-19.26.33:978][793]LogUMG:Display: Widget Class W_FullScreenEffectContainer_C - Loaded Fast Template.
[2018.07.13-19.26.33:978][793]LogUMG:Display: Widget Class W_HudDamageIndicator_C - Loaded Fast Template.
[2018.07.13-19.26.33:998][793]Performance:Display: [BP_ConanWorldComposition_C_0] World Composition Update:
-STREAMING POSITION: X=102383.820 Y=318118.719 Z=-21490.000 (from player #0 (Nuite) overriden streaming location) [REMOVED]
-STREAMING POSITION: X=101080.781 Y=104195.758 Z=-12363.530 (from player #0 (Nuite) overriden streaming location) [REMOVED]
-STREAMING POSITION: X=101080.781 Y=104195.758 Z=-12365.461 (from player #0 (Nuite) overriden streaming location) [REMOVED]
+STREAMING POSITION: X=100909.398 Y=104041.742 Z=-12246.256 (from player #0 (Nuite) player viewpoint) [ADDED]
=STREAMING POSITION: X=101080.781 Y=104195.750 Z=-12363.529 (from extra streaming position)

[2018.07.13-19.26.34:068][793]LogSlate: Took 0.064381 seconds to synchronously load lazily loaded font '../../../ConanSandbox/Content/UI/Fonts/OpenSans_0_Bold.ufont' (220K)
[2018.07.13-19.26.34:074][793]LogSlate: Took 0.001508 seconds to synchronously load lazily loaded font '../../../ConanSandbox/Content/Slate/Alte_Haas_Grotesk_Regular_0_Default.ufont' (141K)
[2018.07.13-19.26.34:146][793]LogSlate: Took 0.071414 seconds to synchronously load lazily loaded font '../../../Engine/Content/EngineFonts/Faces/RobotoRegular.ufont' (155K)
[2018.07.13-19.26.34:149][793]LogSlate: Took 0.001564 seconds to synchronously load lazily loaded font '../../../ConanSandbox/Content/Slate/KelsonSans_0_Normal.ufont' (62K)
[2018.07.13-19.26.34:153][793]LogSlate: Took 0.001498 seconds to synchronously load lazily loaded font '../../../ConanSandbox/Content/Slate/KelsonSans_0_Bold.ufont' (60K)
[2018.07.13-19.26.34:177][793]LogSlate: Took 0.021894 seconds to synchronously load lazily loaded font '../../../ConanSandbox/Content/UI/Textures/GUIs/MainMenu/F_BebasKai_0_Font.ufont' (35K)
[2018.07.13-19.26.34:183][793]LogUMG:Display: Widget Class W_FIFOMessageView_C - Loaded Fast Template.
[2018.07.13-19.26.34:222][794]LogSlate: Took 0.002062 seconds to synchronously load lazily loaded font '../../../ConanSandbox/Content/Slate/Kelson_Sans_Bold_0_Default.ufont' (66K)
[2018.07.13-19.26.34:330][797]LogNet: NotifyStreamingLevelUnload: PersistentLevel
[2018.07.13-19.26.34:415][798]Streaming:Display: Waiting for streaming completed (teleport, unload)
[2018.07.13-19.26.34:884][798]LogEngine: BlockTillLevelStreamingCompleted: 3
[2018.07.13-19.26.34:886][798]Network:Warning: Data: FunCombat_PlayerController_C_0 (client) sent 1331.0 bytes per second > 1024 (sample window size: 2.00 seconds)
[2018.07.13-19.26.34:886][798]Network:Warning: Data: 0 (client) received 1329.0 bytes per second > 1024 (sample window size: 2.00 seconds)
[2018.07.13-19.26.34:908][798]LogNet: NotifyStreamingLevelUnload: PersistentLevel
[2018.07.13-19.26.34:909][798]LogNet: NotifyStreamingLevelUnload: PersistentLevel
[2018.07.13-19.26.34:910][798]LogNet: NotifyStreamingLevelUnload: PersistentLevel
[2018.07.13-19.26.34:910][798]LogNet: NotifyStreamingLevelUnload: PersistentLevel
[2018.07.13-19.26.34:910][798]LogNet: NotifyStreamingLevelUnload: PersistentLevel
[2018.07.13-19.26.34:910][798]LogNet: NotifyStreamingLevelUnload: PersistentLevel
[2018.07.13-19.26.34:910][798]LogNet: NotifyStreamingLevelUnload: PersistentLevel
[2018.07.13-19.26.34:910][798]LogNet: NotifyStreamingLevelUnload: PersistentLevel
[2018.07.13-19.26.34:910][798]LogNet: NotifyStreamingLevelUnload: PersistentLevel
[2018.07.13-19.26.35:029][799]Streaming:Display: Waiting for streaming completed (teleport, load)
[2018.07.13-19.26.35:029][799]LogEngine: BlockTillLevelStreamingCompleted: 4
[2018.07.13-19.26.35:212][800]Streaming:Display: Waiting for streaming completed (teleport, NPC asyncloads)
[2018.07.13-19.26.35:311][802]Streaming:Display: Waiting for streaming completed (teleport): Done.
[2018.07.13-19.26.35:311][802]GUI:Display: C:\B\branch_ConanSandbox_Stable\code\UE4\Source\ConanSandbox\Character\ConanPlayerController.cpp(3179): AConanPlayerController::TeleportTick: SetTeleportState(0), TeleportState=2
[2018.07.13-19.26.35:311][802]ConanSandbox:Warning: AConanPlayerController::TeleportTick, invalid AConanCharacter, can't complete teleport!
[2018.07.13-19.26.35:311][802]ConanGameInstanceLog:Warning: Levels loaded: 255/255
[2018.07.13-19.26.36:759][833]LogSlate: Took 0.000479 seconds to synchronously load lazily loaded font '../../../Engine/Content/EngineFonts/Faces/RobotoBold.ufont' (160K)
[2018.07.13-19.26.40:936][929]LogUMG:Display: Widget Class W_ContainerInfo_C - Loaded Fast Template.
[2018.07.13-19.26.40:939][929]LogUMG:Display: Widget Class InventoryGridSlotView_C - Loaded Fast Template.
[2018.07.13-19.26.40:948][929]LogUMG:Display: Widget Class InventoryIconView_C - Loaded Fast Template.
[2018.07.13-19.26.41:023][929]LogSlate: Took 0.001408 seconds to synchronously load lazily loaded font '../../../ConanSandbox/Content/Slate/NotoSans_0_Normal.ufont' (299K)
[2018.07.13-19.26.41:026][929]LogSlate: Took 0.001532 seconds to synchronously load lazily loaded font '../../../ConanSandbox/Content/Slate/Kelson_Sans_Regular_0_Default.ufont' (106K)
[2018.07.13-19.26.42:541][971]Network:Warning: Data: BasePlayerChar_C_1 (client) received 1217.0 bytes per second > 1024 (sample window size: 2.00 seconds)
[2018.07.13-19.26.44:544][ 31]Network:Warning: Data: BasePlayerChar_C_0 (client) sent 1096.5 bytes per second > 1024 (sample window size: 2.00 seconds)
[2018.07.13-19.26.44:544][ 31]Network:Warning: Data: BasePlayerChar_C_2 (client) received 1048.0 bytes per second > 1024 (sample window size: 2.00 seconds)
[2018.07.13-19.26.46:330][ 81]LogLevelActorContainer: Created LevelActorCluster (715) for /Game/Maps/ConanSandbox/Art/Caves/Art_Caves_x4_y2.Art_Caves_x4_y2:PersistentLevel with 1982 objects, 488 referenced clusters and 1782 mutable objects.
[2018.07.13-19.26.46:330][ 81]LogStreaming:Display: UWorld::AddToWorld: updating components for /Game/Maps/ConanSandbox/Art/Caves/Art_Caves_x4_y2 took (less than) 69.83 ms
[2018.07.13-19.26.46:367][ 82]LogLevelActorContainer: Created LevelActorCluster (820) for /Game/Maps/ConanSandbox/Gameplay/Gameplay_Prototype_SouthEast.Gameplay_Prototype_SouthEast:PersistentLevel with 50 objects, 0 referenced clusters and 8 mutable objects.
[2018.07.13-19.26.47:883][118]LogLevelActorContainer: Created LevelActorCluster (1173) for /Game/Maps/ConanSandbox/Gameplay/Camps_NPC/Camps_NPC_x5_y3-2.Camps_NPC_x5_y3-2:PersistentLevel with 212 objects, 525 referenced clusters and 1713 mutable objects.
[2018.07.13-19.26.47:883][118]LogStreaming:Display: UWorld::AddToWorld: updating components for /Game/Maps/ConanSandbox/Gameplay/Camps_NPC/Camps_NPC_x5_y3-2 took (less than) 53.59 ms
[2018.07.13-19.26.48:086][125]LogStreaming:Error: LoadPackageAsync tried to load package: 'BP_PL_Crafting_CampFire_752' 
[2018.07.13-19.26.48:093][125]LogWindows: Windows GetLastError: The operation completed successfully. (0)
