Log file open, 07/14/18 13:26:33
LogPlatformFile: Not using cached read wrapper
LogTaskGraph: Started task graph with 5 named threads and 8 total threads with 1 sets of task threads.
LogOnline:Display: STEAM: Loading Steam SDK 1.38a
LogInit: WinSock: version 1.1 (2.2), MaxSocks=32767, MaxUdp=65467
LogModManager: Starting mod runtime module.
LogInit: Build: ue415-dw-Stable-osl-CL-98206.0
LogInit: Engine Version: 4.15.3-98206+ue415-dw-Stable-osl
LogInit: Compatible Engine Version: 4.15.0-98206+ue415-dw-Stable-osl
LogInit: Net CL: 98206
LogDevObjectVersion: Number of dev versions registered: 14
LogDevObjectVersion:   Dev-Blueprints (B0D832E4-1F89-4F0D-ACCF-7EB736FD4AA2): 8
LogDevObjectVersion:   Dev-Build (E1C64328-A22C-4D53-A36C-8E866417BD8C): 0
LogDevObjectVersion:   Dev-Core (375EC13C-06E4-48FB-B500-84F0262A717E): 2
LogDevObjectVersion:   Dev-Editor (E4B068ED-F494-42E9-A231-DA0B2E46BB41): 15
LogDevObjectVersion:   Dev-Framework (CFFC743F-43B0-4480-9391-14DF171D2073): 23
LogDevObjectVersion:   Dev-Mobile (B02B49B5-BB20-44E9-A304-32B752E40360): 0
LogDevObjectVersion:   Dev-Networking (A4E4105C-59A1-49B5-A7C5-40C4547EDFEE): 0
LogDevObjectVersion:   Dev-Online (39C831C9-5AE6-47DC-9A44-9C173E1C8E7C): 0
LogDevObjectVersion:   Dev-Physics (78F01B33-EBEA-4F98-B9B4-84EACCB95AA2): 0
LogDevObjectVersion:   Dev-Platform (6631380F-2D4D-43E0-8009-CF276956A95A): 0
LogDevObjectVersion:   Dev-Rendering (12F88B9F-8875-4AFC-A67C-D90C383ABD29): 12
LogDevObjectVersion:   Dev-Sequencer (7B5AE74C-D270-4C10-A958-57980B212A5A): 3
LogDevObjectVersion:   Dev-VR (D7296918-1DD6-4BDD-9DE2-64A83CC13884): 0
LogDevObjectVersion:   Dev-LoadTimes (C2A15278-BFE7-4AFE-6C17-90FF531DF755): 1
LogInit: Compiled (64-bit): May 24 2018 17:27:21
LogInit: Compiled with Visual C++: 19.00.24215.01
LogInit: Build Configuration: Test
LogInit: Branch Name: ue415-dw-Stable-osl
LogInit: Command line: 
LogInit: Base directory: D:/blender/Conan.Exiles.Build.17925/Conan.Exiles.Build.17925/Conan.Exiles/ConanSandbox/Binaries/Win64/
LogInit: Installed Engine Build: 0
LogInit: Nativized: No
LogInit: Presizing for max 8388607 objects, including 42000 objects not considered by GC, pre-allocating 8388608 bytes for permanent pool.
LogStreaming:Display: Async Loading initialized: Event Driven Loader: true, Async Loading Thread: true
LogInit: Object subsystem initialized
[2018.07.14-06.26.35:657][  0]LogInit: Selected Device Profile: [WindowsNoEditor]
[2018.07.14-06.26.35:657][  0]LogInit: Applying CVar settings loaded from the selected device profile: [WindowsNoEditor]
[2018.07.14-06.26.35:928][  0]LogInit: Computer: DESKTOP-KD224SR
[2018.07.14-06.26.35:928][  0]LogInit: User: Sek
[2018.07.14-06.26.35:928][  0]LogInit: CPU Page size=65536, Cores=4
[2018.07.14-06.26.35:928][  0]LogInit: High frequency timer resolution =2.612272 MHz
[2018.07.14-06.26.35:928][  0]LogMemory: Memory total: Physical=8.0GB (8GB approx)
[2018.07.14-06.26.35:928][  0]LogMemory: Platform Memory Stats for WindowsNoEditor
[2018.07.14-06.26.35:928][  0]LogMemory: Process Physical Memory: 475.55 MB used, 475.55 MB peak
[2018.07.14-06.26.35:928][  0]LogMemory: Process Virtual Memory: 493.31 MB used, 493.31 MB peak
[2018.07.14-06.26.35:928][  0]LogMemory: Physical Memory: 3192.62 MB used,  4990.43 MB free, 8183.05 MB total
[2018.07.14-06.26.35:928][  0]LogMemory: Virtual Memory: 5087.94 MB used,  4990.43 MB free, 134217728.00 MB total
[2018.07.14-06.26.36:746][  0]LogTextLocalizationManager: No specific translations for ('en-US') exist, so ('en') translations will be used.
[2018.07.14-06.26.37:262][  0]LogD3D11RHI: D3D11 adapters:
[2018.07.14-06.26.37:421][  0]LogD3D11RHI:    0. 'NVIDIA GeForce GT 730' (Feature Level 11_0)
[2018.07.14-06.26.37:421][  0]LogD3D11RHI:       2007/0/4091 MB DedicatedVideo/DedicatedSystem/SharedSystem, Outputs:1, VendorId:0x10de
[2018.07.14-06.26.37:453][  0]LogD3D11RHI:    1. 'Microsoft Basic Render Driver' (Feature Level 11_0)
[2018.07.14-06.26.37:453][  0]LogD3D11RHI:       0/0/4091 MB DedicatedVideo/DedicatedSystem/SharedSystem, Outputs:0, VendorId:0x1414
[2018.07.14-06.26.37:453][  0]LogD3D11RHI: Chosen D3D11 Adapter: 0
[2018.07.14-06.26.37:460][  0]LogD3D11RHI: Creating new Direct3DDevice
[2018.07.14-06.26.37:461][  0]LogD3D11RHI:     GPU DeviceId: 0x1287 (for the marketing name, search the web for "GPU Device Id")
[2018.07.14-06.26.37:461][  0]LogWindows: EnumDisplayDevices:
[2018.07.14-06.26.37:461][  0]LogWindows:    0. 'NVIDIA GeForce GT 730' (P:1 D:1)
[2018.07.14-06.26.37:461][  0]LogWindows:    1. 'NVIDIA GeForce GT 730' (P:0 D:0)
[2018.07.14-06.26.37:461][  0]LogWindows:    2. 'NVIDIA GeForce GT 730' (P:0 D:0)
[2018.07.14-06.26.37:461][  0]LogWindows: DebugString: GetVideoDriverDetailsInvalid PrimaryIsNotTheChoosenAdapter GetVideoDriverDetailsInvalid PrimaryIsNotTheChoosenAdapter GetVideoDriverDetailsInvalid PrimaryIsNotTheChoosenAdapter FoundDriverCount:0 
[2018.07.14-06.26.37:461][  0]LogD3D11RHI:     Adapter Name: NVIDIA GeForce GT 730
[2018.07.14-06.26.37:461][  0]LogD3D11RHI:   Driver Version: Unknown (internal:Unknown, unified:Unknown)
[2018.07.14-06.26.37:461][  0]LogD3D11RHI:      Driver Date: Unknown
[2018.07.14-06.26.37:461][  0]LogRHI: Texture pool is 1361 MB (70% of 1945 MB)
[2018.07.14-06.26.37:513][  0]LogD3D11RHI:Warning: Timestamp queries are currently disabled on this hardware due to instability. Realtime GPU stats will not be available. You can override this behaviour by setting r.NVIDIATimestampWorkaround to 0
[2018.07.14-06.26.37:601][  0]LogD3D11RHI: Async texture creation enabled
[2018.07.14-06.26.37:627][  0]LogD3D11RHI: GPU Timing Frequency: 1000.000000 (Debug: 2 2)
[2018.07.14-06.26.37:928][  0]LogSlate: Using Freetype 2.6.0
[2018.07.14-06.26.37:949][  0]LogSlate: SlateFontCache - WITH_FREETYPE: 1, WITH_HARFBUZZ: 1
[2018.07.14-06.26.37:949][  0]LogSlate: SlateFontCache - WITH_FREETYPE: 1, WITH_HARFBUZZ: 1
[2018.07.14-06.26.39:166][  0]LogAssetRegistry: FAssetRegistry took 0.6832 seconds to start up
[2018.07.14-06.26.39:359][  0]Dreamworld:Display: Dreamworld project: CSAND
[2018.07.14-06.26.39:359][  0]Dreamworld:Display: Dreamworld configuration: ConanSandbox.Client.VS2015.Live.Win64
[2018.07.14-06.26.39:359][  0]Dreamworld:Display: Dreamworld platform: x64
[2018.07.14-06.26.39:359][  0]Dreamworld:Display: Dreamworld revision: 98222
[2018.07.14-06.26.39:359][  0]Dreamworld:Display: Dreamworld snapshot: 17925
[2018.07.14-06.26.39:360][  0]Dreamworld:Display: Dreamworld branch: ConanSandbox_Stable
[2018.07.14-06.26.39:360][  0]Dreamworld:Display: Platform (.ini): <unknown>
[2018.07.14-06.26.39:360][  0]Dreamworld:Display: Platform: WindowsNoEditor
[2018.07.14-06.26.39:360][  0]Dreamworld:Display: .ini sub-platform prefix: <not specified>
[2018.07.14-06.26.39:413][  0]LogPackageLocalizationCache: Processed 4 localized package path(s) for 2 prioritized culture(s) in 0.009669 seconds
[2018.07.14-06.26.39:444][  0]LogInit: Selected Device Profile: [WindowsNoEditor]
[2018.07.14-06.26.39:446][  0]LogPakFile: New pak file ../../../ConanSandbox/Content/Paks/Sound.pak added to pak precacher.
[2018.07.14-06.26.39:519][  0]LogContentStreaming: Texture pool size is 500.00 MB
[2018.07.14-06.26.39:931][  0]LogPakFile: New pak file ../../../ConanSandbox/Content/Paks/UI.pak added to pak precacher.
[2018.07.14-06.26.40:182][  0]LogNetVersion: GetLocalNetworkVersion: CL: 98206, ProjectName: conansandbox, ProjectVersion: , EngineNetworkVersion: 2, GameNetworkVersion: 0, NetworkChecksum: 3346072323
[2018.07.14-06.26.40:182][  0]LogNetVersion: GetLocalNetworkVersionOverride: NetworkChecksum: 804636165
[2018.07.14-06.26.40:347][  0]LogMoviePlayer: Initializing movie player
[2018.07.14-06.26.41:744][  0]UserSettings:Display: User's IP Country Code is TH
[2018.07.14-06.26.42:159][  0]LogMemory:Display: Entered application state 'ConanSandboxStarting'.
[2018.07.14-06.26.42:160][  0]LogModuleManager:Warning: ModuleManager: Module 'EnvironmentQueryEditor' not found - its StaticallyLinkedModuleInitializers function is null.
[2018.07.14-06.26.42:314][  0]LogAnsel: Tried to load ../../../Engine/Plugins/Runtime/Nvidia/Ansel/Binaries/ThirdParty/AnselSDK64.dll : success=1
[2018.07.14-06.26.42:320][  0]LogUObjectArray: 42382 objects as part of root set at end of initial load.
[2018.07.14-06.26.42:320][  0]LogUObjectArray: 2 objects are not in the root set, but can never be destroyed because they are in the DisregardForGC set.
[2018.07.14-06.26.42:320][  0]LogUObjectAllocator: 8309704 out of 8388608 bytes used by permanent object pool.
[2018.07.14-06.26.42:320][  0]LogUObjectArray: CloseDisregardForGC: 42382/42382 objects in disregard for GC pool
[2018.07.14-06.26.42:331][  0]LogRcon:Display: Rcon disabled.
[2018.07.14-06.26.42:331][  0]LogModManager: Searching for mod/dlc controllers.
[2018.07.14-06.26.45:192][  0]LogOutputDevice:Display: Bug report upload completed with result code 200, took 1.918 seconds.
[2018.07.14-06.26.45:192][  0]LogPakFile: New pak file ../../../ConanSandbox/Content/Paks/DLC_ConanSword_DLC.pak added to pak precacher.
[2018.07.14-06.26.45:192][  0]LogPakFile: New pak file ../../../ConanSandbox/Content/Paks/Items.pak added to pak precacher.
[2018.07.14-06.26.45:192][  0]LogPakFile: New pak file ../../../ConanSandbox/Content/Paks/DLC_ConanArmor_DLC.pak added to pak precacher.
[2018.07.14-06.26.45:193][  0]LogModManager: AddActiveModControllerClass: /Game/DLC/ConanArmor_DLC/BP_ConanArmor_DLC_ModController.BP_ConanArmor_DLC_ModController_C
[2018.07.14-06.26.45:193][  0]LogModController:Verbose: AModController::MergeDataTables - Found existing table entry for /Game/Items/ItemTable.ItemTable with RowName: 8001, overwriting.
[2018.07.14-06.26.45:193][  0]LogModController:Verbose: AModController::MergeDataTables - Found existing table entry for /Game/Items/ItemTable.ItemTable with RowName: 8002, overwriting.
[2018.07.14-06.26.45:193][  0]LogModController:Verbose: AModController::MergeDataTables - Found existing table entry for /Game/Items/ItemTable.ItemTable with RowName: 8003, overwriting.
[2018.07.14-06.26.45:193][  0]LogModController:Verbose: AModController::MergeDataTables - Found existing table entry for /Game/Items/ItemTable.ItemTable with RowName: 8004, overwriting.
[2018.07.14-06.26.45:193][  0]LogModController:Verbose: AModController::MergeDataTables - Found existing table entry for /Game/Items/ItemTable.ItemTable with RowName: 8005, overwriting.
[2018.07.14-06.26.45:193][  0]LogModController:Verbose: AModController::MergeDataTables - Found existing table entry for /Game/Items/ItemTable.ItemTable with RowName: 8006, overwriting.
[2018.07.14-06.26.45:193][  0]LogModController:Verbose: AModController::MergeDataTables - Found existing table entry for /Game/Items/ItemTable.ItemTable with RowName: 8007, overwriting.
[2018.07.14-06.26.45:193][  0]LogModController:Verbose: AModController::MergeDataTables - Found existing table entry for /Game/Items/ItemTable.ItemTable with RowName: 8008, overwriting.
[2018.07.14-06.26.45:194][  0]LogModController:Verbose: AModController::MergeDataTables - Found existing table entry for /Game/Items/ItemTable.ItemTable with RowName: 8009, overwriting.
[2018.07.14-06.26.45:194][  0]LogModController:Verbose: AModController::MergeDataTables - Found existing table entry for /Game/Items/ItemTable.ItemTable with RowName: 8010, overwriting.
[2018.07.14-06.26.45:194][  0]LogModController:Verbose: AModController::MergeDataTables - Merged MergeInto: /Game/Items/ItemTable.ItemTable vs ToBeAdded: /Game/DLC/ConanArmor_DLC/ConanArmor_DLC_ItemTable.ConanArmor_DLC_ItemTable
[2018.07.14-06.26.45:194][  0]LogModController:Verbose: AModController::MergeDataTables - Found existing table entry for /Game/Items/Recipes/RecipesTable.RecipesTable with RowName: 8001, overwriting.
[2018.07.14-06.26.45:194][  0]LogModController:Verbose: AModController::MergeDataTables - Found existing table entry for /Game/Items/Recipes/RecipesTable.RecipesTable with RowName: 8002, overwriting.
[2018.07.14-06.26.45:194][  0]LogModController:Verbose: AModController::MergeDataTables - Found existing table entry for /Game/Items/Recipes/RecipesTable.RecipesTable with RowName: 8003, overwriting.
[2018.07.14-06.26.45:194][  0]LogModController:Verbose: AModController::MergeDataTables - Found existing table entry for /Game/Items/Recipes/RecipesTable.RecipesTable with RowName: 8004, overwriting.
[2018.07.14-06.26.45:194][  0]LogModController:Verbose: AModController::MergeDataTables - Found existing table entry for /Game/Items/Recipes/RecipesTable.RecipesTable with RowName: 8005, overwriting.
[2018.07.14-06.26.45:194][  0]LogModController:Verbose: AModController::MergeDataTables - Found existing table entry for /Game/Items/Recipes/RecipesTable.RecipesTable with RowName: 8006, overwriting.
[2018.07.14-06.26.45:194][  0]LogModController:Verbose: AModController::MergeDataTables - Found existing table entry for /Game/Items/Recipes/RecipesTable.RecipesTable with RowName: 8007, overwriting.
[2018.07.14-06.26.45:194][  0]LogModController:Verbose: AModController::MergeDataTables - Found existing table entry for /Game/Items/Recipes/RecipesTable.RecipesTable with RowName: 8008, overwriting.
[2018.07.14-06.26.45:194][  0]LogModController:Verbose: AModController::MergeDataTables - Found existing table entry for /Game/Items/Recipes/RecipesTable.RecipesTable with RowName: 8009, overwriting.
[2018.07.14-06.26.45:194][  0]LogModController:Verbose: AModController::MergeDataTables - Found existing table entry for /Game/Items/Recipes/RecipesTable.RecipesTable with RowName: 8010, overwriting.
[2018.07.14-06.26.45:194][  0]LogModController:Verbose: AModController::MergeDataTables - Merged MergeInto: /Game/Items/Recipes/RecipesTable.RecipesTable vs ToBeAdded: /Game/DLC/ConanArmor_DLC/ConanArmor_DLC_RecipeTable.ConanArmor_DLC_RecipeTable
[2018.07.14-06.26.45:194][  0]LogModManager: AddActiveModControllerClass: /Game/DLC/ConanSword_DLC/BP_ConanSword_DLC_ModController.BP_ConanSword_DLC_ModController_C
[2018.07.14-06.26.45:194][  0]LogModController:Verbose: AModController::MergeDataTables - Found existing table entry for /Game/Items/ItemTable.ItemTable with RowName: 8000, overwriting.
[2018.07.14-06.26.45:195][  0]LogModController:Verbose: AModController::MergeDataTables - Found existing table entry for /Game/Items/ItemTable.ItemTable with RowName: 8011, overwriting.
[2018.07.14-06.26.45:195][  0]LogModController:Verbose: AModController::MergeDataTables - Merged MergeInto: /Game/Items/ItemTable.ItemTable vs ToBeAdded: /Game/DLC/ConanSword_DLC/ConanSword_DLC_ItemTable.ConanSword_DLC_ItemTable
[2018.07.14-06.26.45:195][  0]LogModController:Verbose: AModController::MergeDataTables - Found existing table entry for /Game/Items/Recipes/RecipesTable.RecipesTable with RowName: 8000, overwriting.
[2018.07.14-06.26.45:195][  0]LogModController:Verbose: AModController::MergeDataTables - Found existing table entry for /Game/Items/Recipes/RecipesTable.RecipesTable with RowName: 8011, overwriting.
[2018.07.14-06.26.45:195][  0]LogModController:Verbose: AModController::MergeDataTables - Merged MergeInto: /Game/Items/Recipes/RecipesTable.RecipesTable vs ToBeAdded: /Game/DLC/ConanSword_DLC/ConanSword_DLC_RecipeTable.ConanSword_DLC_RecipeTable
[2018.07.14-06.26.45:195][  0]LogModManager: Done searching for mod controllers.
[2018.07.14-06.26.45:195][  0]LogEngine: Initializing Engine...
[2018.07.14-06.26.45:481][  0]LogStreaming:Error: Couldn't find file for package /Engine/EditorMaterials/GizmoMaterial requested by async loading code. NameToLoad: /Engine/EditorMaterials/GizmoMaterial
[2018.07.14-06.26.45:481][  0]LogStreaming:Error: Found 0 dependent packages...
[2018.07.14-06.26.45:481][  0]LogEngine: ERROR: Failed to load special material '/Engine/EditorMaterials/GizmoMaterial.GizmoMaterial'. This will probably have bad consequences (depending on its use)
[2018.07.14-06.26.46:373][  0]LogPakFile: New pak file ../../../ConanSandbox/Content/Paks/Slate.pak added to pak precacher.
[2018.07.14-06.26.46:373][  0]LogInit: XAudio2 using 'Speakers (VIA HD Audio(Win 10))' : 2 channels at 48 kHz using 32 bits per sample (channel mask 0x3)
[2018.07.14-06.26.46:448][  0]LogInit: FAudioDevice initialized.
[2018.07.14-06.26.46:459][  0]LogInit: Texture streaming: Enabled
[2018.07.14-06.26.46:959][  0]LogPakFile: New pak file ../../../ConanSandbox/Content/Paks/Systems.pak added to pak precacher.
[2018.07.14-06.26.46:959][  0]LogAsyncObjectFinder:Error: FAsyncObjectFinder: Asset "/Game/UI/UIModuleTable.UIModuleTable" (used by "/Engine/Transient.GUIModuleController_0") should have been loaded at this point! Please fix! Note: Will try to syncload the asset to continue execution.
[2018.07.14-06.26.47:001][  0]LogInit:Display: Game Engine Initialized.
[2018.07.14-06.26.47:002][  0]LogInit:Display: Starting Game.
[2018.07.14-06.26.47:003][  0]LogNet: Browse: /Game/Maps/Startup?Name=Player
[2018.07.14-06.26.47:003][  0]LogLoad: LoadMap: /Game/Maps/Startup?Name=Player
[2018.07.14-06.26.49:544][  0]LogPakFile: New pak file ../../../ConanSandbox/Content/Paks/Maps.pak added to pak precacher.
[2018.07.14-06.26.49:544][  0]LogPakFile: New pak file ../../../ConanSandbox/Content/Paks/Tools.pak added to pak precacher.
[2018.07.14-06.26.49:544][  0]LogPakFile: New pak file ../../../ConanSandbox/Content/Paks/Characters.pak added to pak precacher.
[2018.07.14-06.26.49:564][  0]LogAIModule: Creating AISystem for world Startup
[2018.07.14-06.26.49:564][  0]LogLoad: Game class is 'StartupGameMode_C'
[2018.07.14-06.26.49:566][  0]LogLevelActorContainer: Created LevelActorCluster (55) for /Game/Maps/Startup.Startup:PersistentLevel with 2 objects, 1 referenced clusters and 2 mutable objects.
[2018.07.14-06.26.49:566][  0]LogWorld: Bringing World /Game/Maps/Startup.Startup up for play (max tick rate 0) at 2018.07.14-13.26.49
[2018.07.14-06.26.49:566][  0]LogWorld: Bringing up level for play took: 0.000543
[2018.07.14-06.26.49:570][  0]LogGameMode:Display: Match State Changed from EnteringMap to WaitingToStart
[2018.07.14-06.26.49:570][  0]LogGameState: Match State Changed from EnteringMap to WaitingToStart
[2018.07.14-06.26.49:570][  0]LogGameMode:Display: Match State Changed from WaitingToStart to InProgress
[2018.07.14-06.26.49:570][  0]LogEngine: BlockTillLevelStreamingCompleted: 0
[2018.07.14-06.26.49:758][  0]LogConsoleManager:Warning: Setting the console variable 't.MaxFPS' with 'SetByGameSetting' was ignored as it is lower priority than the previous 'SetByCode'. Value remains '60'
[2018.07.14-06.26.49:758][  0]LogConsoleManager:Warning: Setting the console variable 'r.MotionBlurQuality' with 'SetByScalability' was ignored as it is lower priority than the previous 'SetByCode'. Value remains '0'
[2018.07.14-06.26.49:763][  0]LogUMG:Display: Widget Class W_GamepadHelpOverlay_C - Loaded Fast Template.
[2018.07.14-06.26.49:763][  0]UnitTest:Display: ClientState: 1
[2018.07.14-06.26.49:764][  0]ConanSandbox:Warning: Voice Enable State :FALSE (ClientS:0)
[2018.07.14-06.26.49:764][  0]LogUMG:Display: Widget Class W_MainMenu_MainMenu_C - Loaded Fast Template.
[2018.07.14-06.26.49:766][  0]LogSlate: Took 0.000375 seconds to synchronously load lazily loaded font '../../../Engine/Content/Slate/Fonts/Roboto-Regular.ttf' (155K)
[2018.07.14-06.26.49:781][  0]LogPackageLocalizationCache: Processed 4 localized package path(s) for 1 prioritized culture(s) in 0.017399 seconds
[2018.07.14-06.26.49:781][  0]Network:Display: Presence: "" => "PS_MainMenu".
[2018.07.14-06.26.49:782][  0]LogUMG:Display: Widget Class W_MouseBlockWindow_C - Loaded Fast Template.
[2018.07.14-06.26.49:782][  0]LogUMG:Display: Widget Class W_GamepadHelpEntry_C - Loaded Fast Template.
[2018.07.14-06.26.49:782][  0]LogUMG:Display: Widget Class W_ActionTutorial_C - Loaded Fast Template.
[2018.07.14-06.26.49:783][  0]GUI:Display: C:\B\branch_ConanSandbox_Stable\code\UE4\Source\ConanSandbox\ConanGameInstance.cpp(2091): UConanGameInstance::SetClientState: ToggleIngameLoadingScreen(false), m_ClientState=1
[2018.07.14-06.26.49:783][  0]GUI:Display: C:\B\branch_ConanSandbox_Stable\code\UE4\Source\ConanSandbox\ConanGameInstance.cpp(1929): UConanGameInstance::ToggleIngameLoadingScreen: ActivateModule("IngameLoadingScreen", false)
[2018.07.14-06.26.49:783][  0]LogGameState: Match State Changed from WaitingToStart to InProgress
[2018.07.14-06.26.49:783][  0]LogLoad: Took 2.780328 seconds to LoadMap(/Game/Maps/Startup)
[2018.07.14-06.26.49:986][  0]LogPakFile: New pak file ../../../ConanSandbox/Content/Paks/Effects.pak added to pak precacher.
[2018.07.14-06.26.49:986][  0]LogPakFile: New pak file ../../../ConanSandbox/Content/Paks/WeatherEffects.pak added to pak precacher.
[2018.07.14-06.26.49:986][  0]LogPakFile: New pak file ../../../ConanSandbox/Content/Paks/Environment.pak added to pak precacher.
[2018.07.14-06.26.49:986][  0]LogWindowsTextInputMethodSystem:Display: IME system now deactivated.
[2018.07.14-06.26.50:050][  0]LogPakFile: New pak file ../../../ConanSandbox/Content/Paks/Base.pak added to pak precacher.
[2018.07.14-06.26.52:227][  0]LogLoad: (Engine Initialization) Total time: 23.68 seconds
[2018.07.14-06.26.52:227][  0]LogExternalProfiler: No external profilers were discovered.  External profiling features will not be available.
[2018.07.14-06.26.52:328][  0]LogAnsel: We reckon 0.010000 meters to 1 world unit
[2018.07.14-06.26.52:340][  0]LogUMG:Display: Widget Class W_SubtitleRenderer_C - Loaded Fast Template.
[2018.07.14-06.26.52:381][  0]LogSlate: Took 0.037506 seconds to synchronously load lazily loaded font '../../../ConanSandbox/Content/Slate/Kelson_Sans_Bold_0_Default.ufont' (66K)
[2018.07.14-06.26.52:424][  0]LogSlate: Took 0.039559 seconds to synchronously load lazily loaded font '../../../ConanSandbox/Content/Slate/Kelson_Sans_Regular_0_Default.ufont' (106K)
[2018.07.14-06.26.52:426][  0]LogStreaming:Display: Suspending async loading (1)
[2018.07.14-06.26.53:259][  0]LogStreaming:Display: Resuming async loading (0)
[2018.07.14-06.26.53:267][  1]LogUMG:Display: Widget Class W_PatchNotesEntryView_C - Loaded Fast Template.
[2018.07.14-06.26.53:282][  1]LogOnline:Warning: Async task 'FOnlineAsyncTaskSteamGetAchievements bWasSuccessful: 0 UserId: led0warl [0x110000104293208]' failed in 3.503243 seconds
[2018.07.14-06.26.53:340][  1]LogRenderer: Reallocating scene render targets to support 1360x768 NumSamples 1 (Frame:2).
[2018.07.14-06.26.53:382][  1]Network:Display: OnServerVoiceChatReplicated: Changed to Disabled
[2018.07.14-06.26.53:384][  1]LogUMG:Display: Widget Class W_FIFOWindow_C - Loaded Fast Template.
[2018.07.14-06.26.53:387][  1]LogSlate: Took 0.001101 seconds to synchronously load lazily loaded font '../../../ConanSandbox/Content/Slate/KelsonSans_0_Bold.ufont' (60K)
[2018.07.14-06.26.53:417][  1]LogSlate: Took 0.029616 seconds to synchronously load lazily loaded font '../../../ConanSandbox/Content/Slate/KelsonSans_0_Normal.ufont' (62K)
[2018.07.14-06.27.00:212][399]LogUMG:Display: Widget Class W_MessageBox_C - Loaded Fast Template.
[2018.07.14-06.27.00:214][399]ConanUserPrivilege:Display: FOnQueryUserPrivilegeComplete::PrivilegeResult? 76561198030074376 : 0
[2018.07.14-06.27.00:214][399]ConanUserPrivilege:Display: FOnQueryUserPrivilegeComplete::PrivilegeResult? 76561198030074376 : 0
[2018.07.14-06.27.00:214][399]ConanUserPrivilege:Display: FOnQueryUserPrivilegeComplete::PrivilegeResult? 76561198030074376 : 0
[2018.07.14-06.27.00:214][399]ConanUserPrivilege:Display: FOnQueryUserPrivilegeComplete::PrivilegeResult? 76561198030074376 : 0
[2018.07.14-06.27.00:215][399]LogSlate: Took 0.000328 seconds to synchronously load lazily loaded font '../../../Engine/Content/EngineFonts/Faces/RobotoBold.ufont' (160K)
[2018.07.14-06.27.00:236][399]LogSlate: Took 0.019451 seconds to synchronously load lazily loaded font '../../../ConanSandbox/Content/Slate/NotoSans_0_Normal.ufont' (299K)
[2018.07.14-06.27.00:238][399]LogUMG:Display: Widget Class W_HostLocal_C - Loaded Fast Template.
[2018.07.14-06.27.00:266][399]LogSlate: Took 0.000355 seconds to synchronously load lazily loaded font '../../../Engine/Content/Slate/Fonts/Roboto-Regular.ttf' (155K)
[2018.07.14-06.27.00:275][399]LogSlate: Took 0.007241 seconds to synchronously load lazily loaded font '../../../ConanSandbox/Content/Slate/Alte_Haas_Grotesk_Regular_0_Default.ufont' (141K)
[2018.07.14-06.27.00:301][399]GUI:Display: C:\B\branch_ConanSandbox_Stable\code\UE4\Source\ConanSandbox\UI\ServerList\HostLocalBase.cpp(289): UHostLocalBase::OnGameStarted: ToggleIngameLoadingScreen(true), m_ClientState=1
[2018.07.14-06.27.00:301][399]GUI:Display: C:\B\branch_ConanSandbox_Stable\code\UE4\Source\ConanSandbox\ConanGameInstance.cpp(1884): UConanGameInstance::ToggleIngameLoadingScreen: ActivateModule("IngameLoadingScreen", true)
[2018.07.14-06.27.00:301][399]LogUMG:Display: Widget Class W_IngameLoadingScreen_C - Loaded Fast Template.
[2018.07.14-06.27.00:341][399]LogNetVersion: GetLocalNetworkVersion: CL: 98206, ProjectName: conansandbox, ProjectVersion: 1.0.0.0, EngineNetworkVersion: 2, GameNetworkVersion: 0, NetworkChecksum: 3374031125
[2018.07.14-06.27.00:341][399]LogNetVersion: GetLocalNetworkVersionOverride: NetworkChecksum: 804636165
[2018.07.14-06.27.00:370][399]LogSlate: Took 0.027268 seconds to synchronously load lazily loaded font '../../../ConanSandbox/Content/Slate/NotoSans_0_Bold.ufont' (304K)
[2018.07.14-06.27.00:694][420]UnitTest:Display: ClientState: 2
[2018.07.14-06.27.00:694][420]ConanSandbox:Warning: Voice Enable State :FALSE (ClientS:0)
[2018.07.14-06.27.00:695][420]GUI:Display: C:\B\branch_ConanSandbox_Stable\code\UE4\Source\ConanSandbox\ConanGameInstance.cpp(2091): UConanGameInstance::SetClientState: ToggleIngameLoadingScreen(true), m_ClientState=2
[2018.07.14-06.27.00:695][420]GUI:Display: C:\B\branch_ConanSandbox_Stable\code\UE4\Source\ConanSandbox\ConanGameInstance.cpp(1884): UConanGameInstance::ToggleIngameLoadingScreen: ActivateModule("IngameLoadingScreen", true)
[2018.07.14-06.27.00:695][420]BattlEyeLogging: BattlEyeClient: ClientLoadingScreenStarted
[2018.07.14-06.27.00:707][420]LogOnline:Warning: Async task 'FOnlineAsyncTaskSteamGetAchievements bWasSuccessful: 0 UserId: led0warl [0x110000104293208]' failed in 0.001814 seconds
[2018.07.14-06.27.00:707][420]LogGameMode:Display: Match State Changed from InProgress to LeavingMap
[2018.07.14-06.27.00:707][420]LogGameState: Match State Changed from InProgress to LeavingMap
[2018.07.14-06.27.00:707][420]LogNet: Browse: /Game/Maps/ConanSandbox/ConanSandbox?listen?bUseLobby
[2018.07.14-06.27.00:707][420]UnitTest:Display: ClientState: 2
[2018.07.14-06.27.01:358][420]LogStreaming:Warning: Took 234.36ms to ProcessLoadedPackages
[2018.07.14-06.27.02:076][420]LogStreaming:Warning: Took 718.69ms to ProcessLoadedPackages
[2018.07.14-06.27.02:078][420]GUI:Display: C:\B\branch_ConanSandbox_Stable\code\UE4\Source\ConanSandbox\ConanGameInstance.cpp(1449): UConanGameInstance::PreLoadMap_Callback: StartLoadingScreen
[2018.07.14-06.27.02:141][420]LogUMG:Display: Widget Class W_HotkeyIcon_C - Loaded Fast Template.
[2018.07.14-06.27.02:174][420]GraniteRenderLog:Warning: Tile set /Game/GraniteSDK/Baking/0004.gts was not found in the Granite settings.
Please update the Granite settings (by clicking 'Update' in the Granite settings panel in the editor) to ensure the best performance and optimal memory use.
[2018.07.14-06.27.02:174][420]GraniteRenderLog:Warning: Tile set /Game/GraniteSDK/Baking/0004.gts (layer 0) was not found in the Granite settings.
Please update the Granite settings (by clicking 'Update' in the Granite settings panel in the editor) to ensure the best performance and optimal memory use.
[2018.07.14-06.27.02:174][420]GraniteRenderLog:Warning: Tile set /Game/GraniteSDK/Baking/0004.gts (layer 1) was not found in the Granite settings.
Please update the Granite settings (by clicking 'Update' in the Granite settings panel in the editor) to ensure the best performance and optimal memory use.
[2018.07.14-06.27.02:174][420]GraniteRenderLog:Warning: Tile set /Game/GraniteSDK/Baking/0004.gts (layer 2) was not found in the Granite settings.
Please update the Granite settings (by clicking 'Update' in the Granite settings panel in the editor) to ensure the best performance and optimal memory use.
[2018.07.14-06.27.02:174][420]GraniteRenderLog:Warning: Tile set /Game/GraniteSDK/Baking/0004.gts (layer 3) was not found in the Granite settings.
Please update the Granite settings (by clicking 'Update' in the Granite settings panel in the editor) to ensure the best performance and optimal memory use.
[2018.07.14-06.27.02:767][420]GraniteRenderLog:Warning: Tile set /Game/GraniteSDK/Baking/1444.gts was not found in the Granite settings.
Please update the Granite settings (by clicking 'Update' in the Granite settings panel in the editor) to ensure the best performance and optimal memory use.
[2018.07.14-06.27.02:767][420]GraniteRenderLog:Warning: Tile set /Game/GraniteSDK/Baking/1444.gts (layer 0) was not found in the Granite settings.
Please update the Granite settings (by clicking 'Update' in the Granite settings panel in the editor) to ensure the best performance and optimal memory use.
[2018.07.14-06.27.02:767][420]GraniteRenderLog:Warning: Tile set /Game/GraniteSDK/Baking/1444.gts (layer 1) was not found in the Granite settings.
Please update the Granite settings (by clicking 'Update' in the Granite settings panel in the editor) to ensure the best performance and optimal memory use.
[2018.07.14-06.27.02:767][420]GraniteRenderLog:Warning: Tile set /Game/GraniteSDK/Baking/1444.gts (layer 2) was not found in the Granite settings.
Please update the Granite settings (by clicking 'Update' in the Granite settings panel in the editor) to ensure the best performance and optimal memory use.
[2018.07.14-06.27.02:767][420]GraniteRenderLog:Warning: Tile set /Game/GraniteSDK/Baking/1444.gts (layer 3) was not found in the Granite settings.
Please update the Granite settings (by clicking 'Update' in the Granite settings panel in the editor) to ensure the best performance and optimal memory use.
[2018.07.14-06.27.03:158][420]GraniteRenderLog:Warning: Tile set /Game/GraniteSDK/Baking/0166.gts was not found in the Granite settings.
Please update the Granite settings (by clicking 'Update' in the Granite settings panel in the editor) to ensure the best performance and optimal memory use.
[2018.07.14-06.27.03:158][420]GraniteRenderLog:Warning: Tile set /Game/GraniteSDK/Baking/0166.gts (layer 0) was not found in the Granite settings.
Please update the Granite settings (by clicking 'Update' in the Granite settings panel in the editor) to ensure the best performance and optimal memory use.
[2018.07.14-06.27.03:160][420]GraniteRenderLog:Warning: Tile set /Game/GraniteSDK/Baking/0166.gts (layer 1) was not found in the Granite settings.
Please update the Granite settings (by clicking 'Update' in the Granite settings panel in the editor) to ensure the best performance and optimal memory use.
[2018.07.14-06.27.03:200][420]GraniteRenderLog:Warning: Tile set /Game/GraniteSDK/Baking/0456.gts was not found in the Granite settings.
Please update the Granite settings (by clicking 'Update' in the Granite settings panel in the editor) to ensure the best performance and optimal memory use.
[2018.07.14-06.27.03:200][420]GraniteRenderLog:Warning: Tile set /Game/GraniteSDK/Baking/0456.gts (layer 0) was not found in the Granite settings.
Please update the Granite settings (by clicking 'Update' in the Granite settings panel in the editor) to ensure the best performance and optimal memory use.
[2018.07.14-06.27.03:201][420]GraniteRenderLog:Warning: Tile set /Game/GraniteSDK/Baking/0456.gts (layer 1) was not found in the Granite settings.
Please update the Granite settings (by clicking 'Update' in the Granite settings panel in the editor) to ensure the best performance and optimal memory use.
[2018.07.14-06.27.03:201][420]GraniteRenderLog:Warning: Tile set /Game/GraniteSDK/Baking/0456.gts (layer 2) was not found in the Granite settings.
Please update the Granite settings (by clicking 'Update' in the Granite settings panel in the editor) to ensure the best performance and optimal memory use.
[2018.07.14-06.27.03:609][420]LogLoad: LoadMap: /Game/Maps/ConanSandbox/ConanSandbox?listen?bUseLobby
[2018.07.14-06.27.03:676][420]LogSlate:Warning: Attempted to access resource for LoadingScreenImage_Logo_07 which is Unreachable
[2018.07.14-06.27.04:362][420]LogPakFile: New pak file ../../../ConanSandbox/Content/Paks/RedDesertPack.pak added to pak precacher.
[2018.07.14-06.27.04:362][420]LogPakFile: New pak file ../../../ConanSandbox/Content/Paks/NaturePackage.pak added to pak precacher.
[2018.07.14-06.27.04:362][420]LogPakFile: New pak file ../../../ConanSandbox/Content/Paks/Marketplace.pak added to pak precacher.
[2018.07.14-06.27.04:362][420]LogPakFile: New pak file ../../../ConanSandbox/Content/Paks/Chameleon.pak added to pak precacher.
[2018.07.14-06.27.04:362][420]LogStreaming:Error: Couldn't find file for package /Engine/EditorMeshes/MatineeCam_SM requested by async loading code. NameToLoad: /Engine/EditorMeshes/MatineeCam_SM
[2018.07.14-06.27.04:362][420]LogStreaming:Error: Found 1 dependent packages...
[2018.07.14-06.27.04:362][420]LogStreaming:Error:   /Game/Maps/ConanSandbox/ConanSandbox
[2018.07.14-06.27.04:362][420]LogPakFile: New pak file ../../../ConanSandbox/Content/Paks/ProceduralNaturePack.pak added to pak precacher.
[2018.07.14-06.27.04:362][420]LogPakFile: New pak file ../../../ConanSandbox/Content/Paks/Elemental.pak added to pak precacher.
[2018.07.14-06.27.04:362][420]LogPakFile: New pak file ../../../ConanSandbox/Content/Paks/OceanFloor.pak added to pak precacher.
[2018.07.14-06.27.05:384][420]LogPakFile: New pak file ../../../ConanSandbox/Content/Paks/Master_AnimBP.pak added to pak precacher.
[2018.07.14-06.27.07:936][420]LogPakFile: New pak file ../../../ConanSandbox/Content/Paks/Cinematics.pak added to pak precacher.
[2018.07.14-06.27.07:936][420]LogPakFile: New pak file ../../../ConanSandbox/Content/Paks/WastelandRocks.pak added to pak precacher.
[2018.07.14-06.27.13:117][420]LogPakFile: New pak file ../../../ConanSandbox/Content/Paks/100+crosshairspack.pak added to pak precacher.
[2018.07.14-06.27.14:687][420]LogPakFile: New pak file ../../../ConanSandbox/Content/Paks/Dev.pak added to pak precacher.
[2018.07.14-06.27.27:738][420]LogPakFile: New pak file ../../../ConanSandbox/Content/Paks/FXVillesBloodVFXPack.pak added to pak precacher.
[2018.07.14-06.27.27:738][420]LogPakFile: New pak file ../../../ConanSandbox/Content/Paks/TextureMax.pak added to pak precacher.
[2018.07.14-06.27.27:738][420]LogPakFile: New pak file ../../../ConanSandbox/Content/Paks/Developers.pak added to pak precacher.
[2018.07.14-06.27.34:146][420]GUI:Display: C:\B\branch_ConanSandbox_Stable\code\UE4\Source\ConanSandbox\ConanGameInstance.cpp(443): UConanGameInstance::OnPreWorldInitialization: ToggleIngameLoadingScreen(false), m_ClientState=2
[2018.07.14-06.27.34:146][420]GUI:Display: C:\B\branch_ConanSandbox_Stable\code\UE4\Source\ConanSandbox\ConanGameInstance.cpp(451): UConanGameInstance::OnPreWorldInitialization: ToggleIngameLoadingScreen(true), m_ClientState=2
[2018.07.14-06.27.34:146][420]GUI:Display: C:\B\branch_ConanSandbox_Stable\code\UE4\Source\ConanSandbox\ConanGameInstance.cpp(1884): UConanGameInstance::ToggleIngameLoadingScreen: ActivateModule("IngameLoadingScreen", true)
[2018.07.14-06.27.34:147][420]LogAIModule: Creating AISystem for world ConanSandbox
[2018.07.14-06.27.34:147][420]LogLoad: Game class is 'BaseGameMode_C'
[2018.07.14-06.27.34:147][420]SpawnTable:Display: USpawnTableComponent Generating Static Data
[2018.07.14-06.27.34:219][420]LogNet:Display: SteamNetDriver_0 bound to port 7777
[2018.07.14-06.27.34:219][420]PacketHandlerLog: Loaded PacketHandler component: Engine.EngineHandlerComponentFactory (StatelessConnectHandlerComponent)
[2018.07.14-06.27.34:219][420]LogNet: GameNetDriver SteamNetDriver_0 IpNetDriver listening on port 7777
[2018.07.14-06.27.34:248][420]LogLevelActorContainer: Created LevelActorCluster (713) for /Game/Maps/ConanSandbox/ConanSandbox.ConanSandbox:PersistentLevel with 256 objects, 1 referenced clusters and 11 mutable objects.
[2018.07.14-06.27.34:248][420]LogWorld: Bringing World /Game/Maps/ConanSandbox/ConanSandbox.ConanSandbox up for play (max tick rate 60) at 2018.07.14-13.27.34
[2018.07.14-06.27.34:248][420]LogMemory:Display: Entered application state 'InitGame'.
[2018.07.14-06.27.34:385][420]Dreamworld:Display: CreateBackup: remaining pages: 138
[2018.07.14-06.27.34:385][420]Dreamworld:Display: CreateBackup: remaining pages: 137
[2018.07.14-06.27.34:385][420]Dreamworld:Display: CreateBackup: remaining pages: 136
[2018.07.14-06.27.34:385][420]Dreamworld:Display: CreateBackup: remaining pages: 135
[2018.07.14-06.27.34:385][420]Dreamworld:Display: CreateBackup: remaining pages: 134
[2018.07.14-06.27.34:385][420]Dreamworld:Display: CreateBackup: remaining pages: 133
[2018.07.14-06.27.34:385][420]Dreamworld:Display: CreateBackup: remaining pages: 132
[2018.07.14-06.27.34:385][420]Dreamworld:Display: CreateBackup: remaining pages: 131
[2018.07.14-06.27.34:385][420]Dreamworld:Display: CreateBackup: remaining pages: 130
[2018.07.14-06.27.34:385][420]Dreamworld:Display: CreateBackup: remaining pages: 129
[2018.07.14-06.27.34:385][420]Dreamworld:Display: CreateBackup: remaining pages: 128
[2018.07.14-06.27.34:385][420]Dreamworld:Display: CreateBackup: remaining pages: 127
[2018.07.14-06.27.34:385][420]Dreamworld:Display: CreateBackup: remaining pages: 126
[2018.07.14-06.27.34:385][420]Dreamworld:Display: CreateBackup: remaining pages: 125
[2018.07.14-06.27.34:386][420]Dreamworld:Display: CreateBackup: remaining pages: 124
[2018.07.14-06.27.34:386][420]Dreamworld:Display: CreateBackup: remaining pages: 123
[2018.07.14-06.27.34:386][420]Dreamworld:Display: CreateBackup: remaining pages: 122
[2018.07.14-06.27.34:386][420]Dreamworld:Display: CreateBackup: remaining pages: 121
[2018.07.14-06.27.34:386][420]Dreamworld:Display: CreateBackup: remaining pages: 120
[2018.07.14-06.27.34:386][420]Dreamworld:Display: CreateBackup: remaining pages: 119
[2018.07.14-06.27.34:386][420]Dreamworld:Display: CreateBackup: remaining pages: 118
[2018.07.14-06.27.34:386][420]Dreamworld:Display: CreateBackup: remaining pages: 117
[2018.07.14-06.27.34:386][420]Dreamworld:Display: CreateBackup: remaining pages: 116
[2018.07.14-06.27.34:386][420]Dreamworld:Display: CreateBackup: remaining pages: 115
[2018.07.14-06.27.34:386][420]Dreamworld:Display: CreateBackup: remaining pages: 114
[2018.07.14-06.27.34:386][420]Dreamworld:Display: CreateBackup: remaining pages: 113
[2018.07.14-06.27.34:386][420]Dreamworld:Display: CreateBackup: remaining pages: 112
[2018.07.14-06.27.34:386][420]Dreamworld:Display: CreateBackup: remaining pages: 111
[2018.07.14-06.27.34:386][420]Dreamworld:Display: CreateBackup: remaining pages: 110
[2018.07.14-06.27.34:386][420]Dreamworld:Display: CreateBackup: remaining pages: 109
[2018.07.14-06.27.34:386][420]Dreamworld:Display: CreateBackup: remaining pages: 108
[2018.07.14-06.27.34:386][420]Dreamworld:Display: CreateBackup: remaining pages: 107
[2018.07.14-06.27.34:386][420]Dreamworld:Display: CreateBackup: remaining pages: 106
[2018.07.14-06.27.34:386][420]Dreamworld:Display: CreateBackup: remaining pages: 105
[2018.07.14-06.27.34:386][420]Dreamworld:Display: CreateBackup: remaining pages: 104
[2018.07.14-06.27.34:386][420]Dreamworld:Display: CreateBackup: remaining pages: 103
[2018.07.14-06.27.34:386][420]Dreamworld:Display: CreateBackup: remaining pages: 102
[2018.07.14-06.27.34:386][420]Dreamworld:Display: CreateBackup: remaining pages: 101
[2018.07.14-06.27.34:386][420]Dreamworld:Display: CreateBackup: remaining pages: 100
[2018.07.14-06.27.34:386][420]Dreamworld:Display: CreateBackup: remaining pages: 99
[2018.07.14-06.27.34:387][420]Dreamworld:Display: CreateBackup: remaining pages: 98
[2018.07.14-06.27.34:387][420]Dreamworld:Display: CreateBackup: remaining pages: 97
[2018.07.14-06.27.34:387][420]Dreamworld:Display: CreateBackup: remaining pages: 96
[2018.07.14-06.27.34:387][420]Dreamworld:Display: CreateBackup: remaining pages: 95
[2018.07.14-06.27.34:387][420]Dreamworld:Display: CreateBackup: remaining pages: 94
[2018.07.14-06.27.34:387][420]Dreamworld:Display: CreateBackup: remaining pages: 93
[2018.07.14-06.27.34:387][420]Dreamworld:Display: CreateBackup: remaining pages: 92
[2018.07.14-06.27.34:387][420]Dreamworld:Display: CreateBackup: remaining pages: 91
[2018.07.14-06.27.34:387][420]Dreamworld:Display: CreateBackup: remaining pages: 90
[2018.07.14-06.27.34:387][420]Dreamworld:Display: CreateBackup: remaining pages: 89
[2018.07.14-06.27.34:387][420]Dreamworld:Display: CreateBackup: remaining pages: 88
[2018.07.14-06.27.34:387][420]Dreamworld:Display: CreateBackup: remaining pages: 87
[2018.07.14-06.27.34:387][420]Dreamworld:Display: CreateBackup: remaining pages: 86
[2018.07.14-06.27.34:387][420]Dreamworld:Display: CreateBackup: remaining pages: 85
[2018.07.14-06.27.34:387][420]Dreamworld:Display: CreateBackup: remaining pages: 84
[2018.07.14-06.27.34:387][420]Dreamworld:Display: CreateBackup: remaining pages: 83
[2018.07.14-06.27.34:387][420]Dreamworld:Display: CreateBackup: remaining pages: 82
[2018.07.14-06.27.34:387][420]Dreamworld:Display: CreateBackup: remaining pages: 81
[2018.07.14-06.27.34:387][420]Dreamworld:Display: CreateBackup: remaining pages: 80
[2018.07.14-06.27.34:387][420]Dreamworld:Display: CreateBackup: remaining pages: 79
[2018.07.14-06.27.34:387][420]Dreamworld:Display: CreateBackup: remaining pages: 78
[2018.07.14-06.27.34:387][420]Dreamworld:Display: CreateBackup: remaining pages: 77
[2018.07.14-06.27.34:387][420]Dreamworld:Display: CreateBackup: remaining pages: 76
[2018.07.14-06.27.34:387][420]Dreamworld:Display: CreateBackup: remaining pages: 75
[2018.07.14-06.27.34:387][420]Dreamworld:Display: CreateBackup: remaining pages: 74
[2018.07.14-06.27.34:387][420]Dreamworld:Display: CreateBackup: remaining pages: 73
[2018.07.14-06.27.34:388][420]Dreamworld:Display: CreateBackup: remaining pages: 72
[2018.07.14-06.27.34:388][420]Dreamworld:Display: CreateBackup: remaining pages: 71
[2018.07.14-06.27.34:388][420]Dreamworld:Display: CreateBackup: remaining pages: 70
[2018.07.14-06.27.34:388][420]Dreamworld:Display: CreateBackup: remaining pages: 69
[2018.07.14-06.27.34:388][420]Dreamworld:Display: CreateBackup: remaining pages: 68
[2018.07.14-06.27.34:388][420]Dreamworld:Display: CreateBackup: remaining pages: 67
[2018.07.14-06.27.34:388][420]Dreamworld:Display: CreateBackup: remaining pages: 66
[2018.07.14-06.27.34:388][420]Dreamworld:Display: CreateBackup: remaining pages: 65
[2018.07.14-06.27.34:388][420]Dreamworld:Display: CreateBackup: remaining pages: 64
[2018.07.14-06.27.34:388][420]Dreamworld:Display: CreateBackup: remaining pages: 63
[2018.07.14-06.27.34:388][420]Dreamworld:Display: CreateBackup: remaining pages: 62
[2018.07.14-06.27.34:388][420]Dreamworld:Display: CreateBackup: remaining pages: 61
[2018.07.14-06.27.34:388][420]Dreamworld:Display: CreateBackup: remaining pages: 60
[2018.07.14-06.27.34:388][420]Dreamworld:Display: CreateBackup: remaining pages: 59
[2018.07.14-06.27.34:388][420]Dreamworld:Display: CreateBackup: remaining pages: 58
[2018.07.14-06.27.34:388][420]Dreamworld:Display: CreateBackup: remaining pages: 57
[2018.07.14-06.27.34:388][420]Dreamworld:Display: CreateBackup: remaining pages: 56
[2018.07.14-06.27.34:388][420]Dreamworld:Display: CreateBackup: remaining pages: 55
[2018.07.14-06.27.34:388][420]Dreamworld:Display: CreateBackup: remaining pages: 54
[2018.07.14-06.27.34:388][420]Dreamworld:Display: CreateBackup: remaining pages: 53
[2018.07.14-06.27.34:388][420]Dreamworld:Display: CreateBackup: remaining pages: 52
[2018.07.14-06.27.34:388][420]Dreamworld:Display: CreateBackup: remaining pages: 51
[2018.07.14-06.27.34:388][420]Dreamworld:Display: CreateBackup: remaining pages: 50
[2018.07.14-06.27.34:388][420]Dreamworld:Display: CreateBackup: remaining pages: 49
[2018.07.14-06.27.34:388][420]Dreamworld:Display: CreateBackup: remaining pages: 48
[2018.07.14-06.27.34:388][420]Dreamworld:Display: CreateBackup: remaining pages: 47
[2018.07.14-06.27.34:389][420]Dreamworld:Display: CreateBackup: remaining pages: 46
[2018.07.14-06.27.34:389][420]Dreamworld:Display: CreateBackup: remaining pages: 45
[2018.07.14-06.27.34:389][420]Dreamworld:Display: CreateBackup: remaining pages: 44
[2018.07.14-06.27.34:389][420]Dreamworld:Display: CreateBackup: remaining pages: 43
[2018.07.14-06.27.34:389][420]Dreamworld:Display: CreateBackup: remaining pages: 42
[2018.07.14-06.27.34:389][420]Dreamworld:Display: CreateBackup: remaining pages: 41
[2018.07.14-06.27.34:389][420]Dreamworld:Display: CreateBackup: remaining pages: 40
[2018.07.14-06.27.34:389][420]Dreamworld:Display: CreateBackup: remaining pages: 39
[2018.07.14-06.27.34:389][420]Dreamworld:Display: CreateBackup: remaining pages: 38
[2018.07.14-06.27.34:389][420]Dreamworld:Display: CreateBackup: remaining pages: 37
[2018.07.14-06.27.34:389][420]Dreamworld:Display: CreateBackup: remaining pages: 36
[2018.07.14-06.27.34:389][420]Dreamworld:Display: CreateBackup: remaining pages: 35
[2018.07.14-06.27.34:389][420]Dreamworld:Display: CreateBackup: remaining pages: 34
[2018.07.14-06.27.34:389][420]Dreamworld:Display: CreateBackup: remaining pages: 33
[2018.07.14-06.27.34:389][420]Dreamworld:Display: CreateBackup: remaining pages: 32
[2018.07.14-06.27.34:389][420]Dreamworld:Display: CreateBackup: remaining pages: 31
[2018.07.14-06.27.34:389][420]Dreamworld:Display: CreateBackup: remaining pages: 30
[2018.07.14-06.27.34:389][420]Dreamworld:Display: CreateBackup: remaining pages: 29
[2018.07.14-06.27.34:389][420]Dreamworld:Display: CreateBackup: remaining pages: 28
[2018.07.14-06.27.34:389][420]Dreamworld:Display: CreateBackup: remaining pages: 27
[2018.07.14-06.27.34:389][420]Dreamworld:Display: CreateBackup: remaining pages: 26
[2018.07.14-06.27.34:389][420]Dreamworld:Display: CreateBackup: remaining pages: 25
[2018.07.14-06.27.34:389][420]Dreamworld:Display: CreateBackup: remaining pages: 24
[2018.07.14-06.27.34:389][420]Dreamworld:Display: CreateBackup: remaining pages: 23
[2018.07.14-06.27.34:390][420]Dreamworld:Display: CreateBackup: remaining pages: 22
[2018.07.14-06.27.34:390][420]Dreamworld:Display: CreateBackup: remaining pages: 21
[2018.07.14-06.27.34:390][420]Dreamworld:Display: CreateBackup: remaining pages: 20
[2018.07.14-06.27.34:390][420]Dreamworld:Display: CreateBackup: remaining pages: 19
[2018.07.14-06.27.34:390][420]Dreamworld:Display: CreateBackup: remaining pages: 18
[2018.07.14-06.27.34:390][420]Dreamworld:Display: CreateBackup: remaining pages: 17
[2018.07.14-06.27.34:390][420]Dreamworld:Display: CreateBackup: remaining pages: 16
[2018.07.14-06.27.34:390][420]Dreamworld:Display: CreateBackup: remaining pages: 15
[2018.07.14-06.27.34:390][420]Dreamworld:Display: CreateBackup: remaining pages: 14
[2018.07.14-06.27.34:390][420]Dreamworld:Display: CreateBackup: remaining pages: 13
[2018.07.14-06.27.34:390][420]Dreamworld:Display: CreateBackup: remaining pages: 12
[2018.07.14-06.27.34:390][420]Dreamworld:Display: CreateBackup: remaining pages: 11
[2018.07.14-06.27.34:390][420]Dreamworld:Display: CreateBackup: remaining pages: 10
[2018.07.14-06.27.34:390][420]Dreamworld:Display: CreateBackup: remaining pages: 9
[2018.07.14-06.27.34:390][420]Dreamworld:Display: CreateBackup: remaining pages: 8
[2018.07.14-06.27.34:390][420]Dreamworld:Display: CreateBackup: remaining pages: 7
[2018.07.14-06.27.34:390][420]Dreamworld:Display: CreateBackup: remaining pages: 6
[2018.07.14-06.27.34:390][420]Dreamworld:Display: CreateBackup: remaining pages: 5
[2018.07.14-06.27.34:390][420]Dreamworld:Display: CreateBackup: remaining pages: 4
[2018.07.14-06.27.34:390][420]Dreamworld:Display: CreateBackup: remaining pages: 3
[2018.07.14-06.27.34:390][420]Dreamworld:Display: CreateBackup: remaining pages: 2
[2018.07.14-06.27.34:390][420]Dreamworld:Display: CreateBackup: remaining pages: 1
[2018.07.14-06.27.34:654][420]Dreamworld:Display: CreateBackup: database D:\blender\Conan.Exiles.Build.17925\Conan.Exiles.Build.17925\Conan.Exiles\ConanSandbox\Saved\game.db backup complete.
[2018.07.14-06.27.34:880][420]Main:Display: Creating ServiceActors for "/Game/Maps/ConanSandbox/ConanSandbox.ConanSandbox:PersistentLevel.BaseGameState_C_0"...
[2018.07.14-06.27.34:901][420]Main:Display: Registered service actor "/Game/Systems/Combat/ComboSystem/BP_ComboRulesLookup.BP_ComboRulesLookup_C" with interface "/Game/Systems/Combat/ComboSystem/BP_ComboRulesLookupInterface.BP_ComboRulesLookupInterface_C".
[2018.07.14-06.27.34:927][420]LogWorld: Bringing up level for play took: 0.706612
[2018.07.14-06.27.34:947][420]Login:Display: [BaseGameMode_C_0] Found 27 non-ADHOC PlayerStart points.
[2018.07.14-06.27.34:948][420]Login:Display: [BaseGameMode_C_0] Picking player start 0/27
[2018.07.14-06.27.34:948][420]Login:Display: [BaseGameMode_C_0] Picking player start 1/27
[2018.07.14-06.27.34:948][420]Login:Display: [BaseGameMode_C_0] Picking player start 2/27
[2018.07.14-06.27.34:948][420]Login:Display: [BaseGameMode_C_0] Picking player start 3/27
[2018.07.14-06.27.34:948][420]Login:Display: [BaseGameMode_C_0] Picking player start 4/27
[2018.07.14-06.27.34:948][420]Login:Display: [BaseGameMode_C_0] Picking player start 5/27
[2018.07.14-06.27.34:948][420]Login:Display: [BaseGameMode_C_0] Picking player start 6/27
[2018.07.14-06.27.34:948][420]Login:Display: [BaseGameMode_C_0] Picking player start 7/27
[2018.07.14-06.27.34:948][420]Login:Display: [BaseGameMode_C_0] Picking player start 8/27
[2018.07.14-06.27.34:948][420]Login:Display: [BaseGameMode_C_0] Picking player start 9/27
[2018.07.14-06.27.34:948][420]Login:Display: [BaseGameMode_C_0] Picking player start 10/27
[2018.07.14-06.27.34:948][420]Login:Display: [BaseGameMode_C_0] Picking player start 11/27
[2018.07.14-06.27.34:948][420]Login:Display: [BaseGameMode_C_0] Picking player start 12/27
[2018.07.14-06.27.34:948][420]Login:Display: [BaseGameMode_C_0] Picking player start 13/27
[2018.07.14-06.27.34:948][420]Login:Display: [BaseGameMode_C_0] Picking player start 14/27
[2018.07.14-06.27.34:948][420]Login:Display: [BaseGameMode_C_0] Picking player start 15/27
[2018.07.14-06.27.34:948][420]Login:Display: [BaseGameMode_C_0] Picking player start 16/27
[2018.07.14-06.27.34:948][420]Login:Display: [BaseGameMode_C_0] Picking player start 17/27
[2018.07.14-06.27.34:948][420]Login:Display: [BaseGameMode_C_0] Picking player start 18/27
[2018.07.14-06.27.34:948][420]Login:Display: [BaseGameMode_C_0] Picking player start 19/27
[2018.07.14-06.27.34:948][420]Login:Display: [BaseGameMode_C_0] Picking player start 20/27
[2018.07.14-06.27.34:948][420]Login:Display: [BaseGameMode_C_0] Picking player start 21/27
[2018.07.14-06.27.34:948][420]Login:Display: [BaseGameMode_C_0] FindPlayerStart returns Translation: X=-50555.809 Y=321209.969 Z=-21130.000 Rotation: P=0.000000 Y=-85.786774 R=0.000000 Scale X=0.800 Y=0.700 Z=1.000
[2018.07.14-06.27.34:966][420]Login:Display: [FunCombat_PlayerController_C_0 None] User 76561198030074376 logged in.
[2018.07.14-06.27.34:966][420]Login:Display: [BaseGameMode_C_0] Picking player start from 27 cached positions.
[2018.07.14-06.27.34:966][420]Login:Display: [BaseGameMode_C_0] Picking player start 22/27
[2018.07.14-06.27.34:966][420]Login:Display: [BaseGameMode_C_0] BaseGameMode.StartLogin PlayerID: {}
[2018.07.14-06.27.34:967][420]LogMemory:Display: Entered application state 'StartPlay'.
[2018.07.14-06.27.34:967][420]LogGameMode:Display: Match State Changed from EnteringMap to WaitingToStart
[2018.07.14-06.27.34:967][420]LogGameState: Match State Changed from EnteringMap to WaitingToStart
[2018.07.14-06.27.34:967][420]LogGameMode:Display: Match State Changed from WaitingToStart to InProgress
[2018.07.14-06.27.35:019][420]Persistence: Loading/Spawning active mod controllers, #2 expected
[2018.07.14-06.27.35:022][420]Persistence: Loading mod controller: BP_ConanArmor_DLC_ModController_C
[2018.07.14-06.27.35:026][420]Persistence: Loading mod controller: BP_ConanSword_DLC_ModController_C
[2018.07.14-06.27.35:030][420]LogMemory:Display: Entered application state 'MatchStarting'.
[2018.07.14-06.27.35:030][420]Performance:Display: [BP_ConanWorldComposition_C_0] World Composition Update:
+STREAMING POSITION: X=79864.406 Y=208772.844 Z=-20024.398 (from player #0 () player viewpoint) [ADDED]
+STREAMING POSITION: X=79864.406 Y=208772.844 Z=-20024.398 (from extra streaming position) [ADDED]

[2018.07.14-06.27.35:987][420]LogPakFile: New pak file ../../../ConanSandbox/Content/Paks/ForestMushroomsPack.pak added to pak precacher.
[2018.07.14-06.27.35:987][420]LogStreaming:Error: Couldn't find file for package /Engine/EditorLandscapeResources/DataLayer requested by async loading code. NameToLoad: /Engine/EditorLandscapeResources/DataLayer
[2018.07.14-06.27.35:987][420]LogStreaming:Error: Found 1 dependent packages...
[2018.07.14-06.27.35:987][420]LogStreaming:Error:   /Game/Maps/ConanSandbox/Art/Heightmap/Heightmap_x4_y1
[2018.07.14-06.27.38:343][420]LogPakFile: New pak file ../../../ConanSandbox/Content/Paks/ExampleContent.pak added to pak precacher.
[2018.07.14-06.27.39:545][420]LogPakFile: New pak file ../../../ConanSandbox/Content/Paks/Shaders.pak added to pak precacher.
[2018.07.14-06.27.48:933][420]LogLevelActorContainer: Created LevelActorCluster (861) for /Game/Maps/ConanSandbox/Art/Art_CurseWall.Art_CurseWall:PersistentLevel with 16 objects, 3 referenced clusters and 9 mutable objects.
[2018.07.14-06.27.49:014][420]LogLevelActorContainer: Created LevelActorCluster (862) for /Game/Maps/ConanSandbox/Art/Caves/Art_Caves_x4_y2.Art_Caves_x4_y2:PersistentLevel with 1982 objects, 485 referenced clusters and 1814 mutable objects.
[2018.07.14-06.27.49:015][420]LogLevelActorContainer: Created LevelActorCluster (863) for /Game/Maps/ConanSandbox/Art/Heightmap/Heightmap_x3_y1LOD/Heightmap_x3_y1_LOD1.Heightmap_x3_y1_LOD1:PersistentLevel with 2 objects, 0 referenced clusters and 2 mutable objects.
[2018.07.14-06.27.49:015][420]LogLevelActorContainer: Created LevelActorCluster (864) for /Game/Maps/ConanSandbox/Art/Heightmap/Heightmap_x3_y2LOD/Heightmap_x3_y2_LOD1.Heightmap_x3_y2_LOD1:PersistentLevel with 2 objects, 0 referenced clusters and 2 mutable objects.
[2018.07.14-06.27.49:015][420]LogLevelActorContainer: Created LevelActorCluster (865) for /Game/Maps/ConanSandbox/Art/Heightmap/Heightmap_x3_y5LOD/Heightmap_x3_y5_LOD1.Heightmap_x3_y5_LOD1:PersistentLevel with 2 objects, 0 referenced clusters and 2 mutable objects.
[2018.07.14-06.27.49:189][420]LogLevelActorContainer: Created LevelActorCluster (866) for /Game/Maps/ConanSandbox/Art/Heightmap/Heightmap_x4_y1.Heightmap_x4_y1:PersistentLevel with 1851 objects, 502 referenced clusters and 1980 mutable objects.
[2018.07.14-06.27.49:337][420]LogLevelActorContainer: Created LevelActorCluster (867) for /Game/Maps/ConanSandbox/Art/Heightmap/Heightmap_x4_y2.Heightmap_x4_y2:PersistentLevel with 3271 objects, 488 referenced clusters and 2019 mutable objects.
[2018.07.14-06.27.49:339][420]LogLevelActorContainer: Created LevelActorCluster (868) for /Game/Maps/ConanSandbox/Art/Heightmap/Heightmap_x4_y4LOD/Heightmap_x4_y4_LOD1.Heightmap_x4_y4_LOD1:PersistentLevel with 2 objects, 0 referenced clusters and 2 mutable objects.
[2018.07.14-06.27.49:339][420]LogLevelActorContainer: Created LevelActorCluster (869) for /Game/Maps/ConanSandbox/Art/Heightmap/Heightmap_x4_y5LOD/Heightmap_x4_y5_LOD1.Heightmap_x4_y5_LOD1:PersistentLevel with 2 objects, 0 referenced clusters and 2 mutable objects.
[2018.07.14-06.27.49:383][420]LogLevelActorContainer: Created LevelActorCluster (870) for /Game/Maps/ConanSandbox/Art/Heightmap/Heightmap_x5_y1.Heightmap_x5_y1:PersistentLevel with 724 objects, 475 referenced clusters and 1959 mutable objects.
[2018.07.14-06.27.49:435][420]LogLevelActorContainer: Created LevelActorCluster (871) for /Game/Maps/ConanSandbox/Art/Heightmap/Heightmap_x5_y2.Heightmap_x5_y2:PersistentLevel with 1433 objects, 484 referenced clusters and 1976 mutable objects.
[2018.07.14-06.27.49:456][420]LogLevelActorContainer: Created LevelActorCluster (872) for /Game/Maps/ConanSandbox/Gameplay/Gameplay_Emotes.Gameplay_Emotes:PersistentLevel with 160 objects, 483 referenced clusters and 1730 mutable objects.
[2018.07.14-06.27.49:495][420]LogLevelActorContainer: Created LevelActorCluster (873) for /Game/Maps/ConanSandbox/Gameplay/Gameplay_NPCs_Desert_Center.Gameplay_NPCs_Desert_Center:PersistentLevel with 270 objects, 482 referenced clusters and 1711 mutable objects.
[2018.07.14-06.27.49:515][420]LogLevelActorContainer: Created LevelActorCluster (874) for /Game/Maps/ConanSandbox/Gameplay/Gameplay_NPCs_Desert_East.Gameplay_NPCs_Desert_East:PersistentLevel with 72 objects, 0 referenced clusters and 6 mutable objects.
[2018.07.14-06.27.49:527][420]LogLevelActorContainer: Created LevelActorCluster (875) for /Game/Maps/ConanSandbox/Gameplay/Gameplay_NPCs_Desert_SouthEast.Gameplay_NPCs_Desert_SouthEast:PersistentLevel with 30 objects, 0 referenced clusters and 2 mutable objects.
[2018.07.14-06.27.49:528][420]LogLevelActorContainer: Created LevelActorCluster (876) for /Game/Maps/ConanSandbox/Gameplay/Gameplay_NPCs_Desert_SouthWest.Gameplay_NPCs_Desert_SouthWest:PersistentLevel with 36 objects, 0 referenced clusters and 2 mutable objects.
[2018.07.14-06.27.49:540][420]LogLevelActorContainer: Created LevelActorCluster (877) for /Game/Maps/ConanSandbox/Gameplay/Gameplay_NPCs_Swamp_West.Gameplay_NPCs_Swamp_West:PersistentLevel with 18 objects, 0 referenced clusters and 4 mutable objects.
[2018.07.14-06.27.49:542][420]LogLevelActorContainer: Created LevelActorCluster (878) for /Game/Maps/ConanSandbox/Gameplay/Gameplay_Prototype_South.Gameplay_Prototype_South:PersistentLevel with 84 objects, 0 referenced clusters and 8 mutable objects.
[2018.07.14-06.27.49:544][420]LogLevelActorContainer: Created LevelActorCluster (879) for /Game/Maps/ConanSandbox/Gameplay/Gameplay_Prototype_SouthEast.Gameplay_Prototype_SouthEast:PersistentLevel with 50 objects, 0 referenced clusters and 8 mutable objects.
[2018.07.14-06.27.49:544][420]LogLevelActorContainer: Created LevelActorCluster (880) for /Game/Maps/ConanSandbox/Gameplay/Gameplay_Prototype_SouthOfRiverEast.Gameplay_Prototype_SouthOfRiverEast:PersistentLevel with 44 objects, 0 referenced clusters and 2 mutable objects.
[2018.07.14-06.27.49:582][420]LogLevelActorContainer: Created LevelActorCluster (881) for /Game/Maps/ConanSandbox/Gameplay/Gameplay_StartingExperience.Gameplay_StartingExperience:PersistentLevel with 76 objects, 484 referenced clusters and 1705 mutable objects.
[2018.07.14-06.27.49:671][420]LogEngine: BlockTillLevelStreamingCompleted: 1
[2018.07.14-06.27.49:671][420]GlobalServerChannel:Display: Loading ServerSettings File: ../../../ConanSandbox/Saved/Config/WindowsNoEditor/ServerSettings.ini
[2018.07.14-06.27.49:673][420]GlobalServerChannel:Display: Loading ServerSettings File: ../../../ConanSandbox/Saved/Config/WindowsNoEditor/ServerSettings.ini
[2018.07.14-06.27.49:676][420]ConanSandbox:Display: AServerBlacklist::LoadSettings(): Blacklist file D:/blender/Conan.Exiles.Build.17925/Conan.Exiles.Build.17925/Conan.Exiles/ConanSandbox/Saved//blacklist.txt does not exist
[2018.07.14-06.27.49:676][420]LogUMG:Display: Widget Class W_EnemyHealthbar_C - Loaded Fast Template.
[2018.07.14-06.27.49:680][420]LogUMG:Display: Widget Class W_TargetLockHighlight_C - Loaded Fast Template.
[2018.07.14-06.27.49:680][420]LogConsoleManager:Warning: Setting the console variable 't.MaxFPS' with 'SetByGameSetting' was ignored as it is lower priority than the previous 'SetByCode'. Value remains '60'
[2018.07.14-06.27.49:680][420]LogConsoleManager:Warning: Setting the console variable 'r.MotionBlurQuality' with 'SetByScalability' was ignored as it is lower priority than the previous 'SetByCode'. Value remains '0'
[2018.07.14-06.27.49:682][420]LogUMG:Display: Widget Class W_FIFOWindow_C - Loaded Fast Template.
[2018.07.14-06.27.49:682][420]LogUMG:Display: Widget Class W_SubtitleRenderer_C - Loaded Fast Template.
[2018.07.14-06.27.49:682][420]PIE:Warning: Warning The widget 'W_GamepadHelpOverlay_C' was already added to the screen.
[2018.07.14-06.27.49:682][420]Audio:Display: [ConanSandbox_C_0] Loading environment audio level: Client or listen server.
[2018.07.14-06.27.49:682][420]LogLevel: ActivateLevel /Game/Maps/ConanSandbox/ConanSandbox_SOUND 1 1 0
[2018.07.14-06.27.49:682][420]Audio:Display: [BP_SoundStage_C_0] Sound Stage on line
[2018.07.14-06.27.49:683][420]LogPrimitiveComponent:Warning: CreateDynamicMaterialInstance on /Game/Maps/ConanSandbox/ConanSandbox.ConanSandbox:PersistentLevel.BP_SandStorm.SandstormMesh: Material index 1 is invalid.
[2018.07.14-06.27.49:748][420]Items:Error: Data: [BP_Emote_Worship_Mitra] missing lore item in table: 0
[2018.07.14-06.27.49:748][420]Items:Error: Data: [BP_Emote_Worship_Set] missing lore item in table: 0
[2018.07.14-06.27.49:748][420]Items:Error: Data: [BP_Emote_Worship_Yog] missing lore item in table: 0
[2018.07.14-06.27.49:748][420]Items:Error: Data: [Teach_Skulltaker_feat] missing lore item in table: 0
[2018.07.14-06.27.49:749][420]Items:Error: Data: [BP_interactable_clientside7_357] missing lore item in table: 0
[2018.07.14-06.27.49:774][420]Persistence:Display: WorldPersistence: Loading 51 actors
[2018.07.14-06.27.59:055][420]LogUMG:Display: Widget Class W_BuildingGhostText_C - Loaded Fast Template.
[2018.07.14-06.28.00:075][420]LogStreaming:Error: Couldn't find file for package /Game/Environment/Landscape/Textures/T_RDT_ForestFloor_04_HRA requested by async loading code. NameToLoad: /Game/Environment/Landscape/Textures/T_RDT_ForestFloor_04_HRA
[2018.07.14-06.28.00:075][420]LogStreaming:Error: Found 1 dependent packages...
[2018.07.14-06.28.00:075][420]LogStreaming:Error:   /Game/Environment/Player_built/Materials/MI_Planter_dirt
[2018.07.14-06.28.02:389][420]LogUMG:Display: Widget Class W_FloatingName_C - Loaded Fast Template.
[2018.07.14-06.28.02:396][420]LogClass:Warning: Skipping saved property ThrallName of ThrallInfo since it is no longer serializable for asset:  FMemoryReader. (Maybe resave asset?)
[2018.07.14-06.28.02:396][420]LogClass:Warning: Skipping saved property ThrallIcon of ThrallInfo since it is no longer serializable for asset:  FMemoryReader. (Maybe resave asset?)
[2018.07.14-06.28.02:396][420]LogClass:Warning: Skipping saved property ThrallTier of ThrallInfo since it is no longer serializable for asset:  FMemoryReader. (Maybe resave asset?)
[2018.07.14-06.28.02:396][420]LogClass:Warning: Skipping saved property ThrallBuff of ThrallInfo since it is no longer serializable for asset:  FMemoryReader. (Maybe resave asset?)
[2018.07.14-06.28.02:396][420]LogClass:Warning: Skipping saved property ThrallProfession of ThrallInfo since it is no longer serializable for asset:  FMemoryReader. (Maybe resave asset?)
[2018.07.14-06.28.02:396][420]LogClass:Warning: Skipping saved property BonusRecipes of ThrallInfo since it is no longer serializable for asset:  FMemoryReader. (Maybe resave asset?)
[2018.07.14-06.28.02:396][420]LogClass:Warning: Skipping saved property CraftingGroups of ThrallInfo since it is no longer serializable for asset:  FMemoryReader. (Maybe resave asset?)
[2018.07.14-06.28.02:396][420]LogClass:Warning: Skipping saved property ThrallTemplateID of ThrallInfo since it is no longer serializable for asset:  FMemoryReader. (Maybe resave asset?)
[2018.07.14-06.28.02:614][420]Persistence:Display: WorldPersistence: Finished loading actors
[2018.07.14-06.28.02:641][420]LogMemory:Display: Entered application state 'WorldPersistenceDone'.
[2018.07.14-06.28.02:665][420]Persistence:Display: WorldPersistence: Found 3 alive characters
[2018.07.14-06.28.02:665][420]LogGameState: Match State Changed from WaitingToStart to InProgress
[2018.07.14-06.28.02:668][420]GUI:Display: C:\B\branch_ConanSandbox_Stable\code\UE4\Source\ConanSandbox\ConanGameInstance.cpp(1457): UConanGameInstance::PostLoadMap_Callback: StopLoadingScreen, m_ClientState = 2
[2018.07.14-06.28.02:672][420]LogLoad: Took 59.062748 seconds to LoadMap(/Game/Maps/ConanSandbox/ConanSandbox)
[2018.07.14-06.28.02:672][420]LogNet: UNetDriver::TickDispatch: Very long time between ticks. DeltaTime: 0.02, Realtime: 28.45. SteamNetDriver_0
[2018.07.14-06.28.02:685][420]Network:Display: Network usage last 16946000.00 seconds
[2018.07.14-06.28.02:685][420]Network:Display: out bytes min;out bytes max;out bytes avg;out bytes total;out parts min;out parts max;out parts avg;out parts total;in bytes min;in bytes max;in bytes avg;in bytes total;actor
[2018.07.14-06.28.02:685][420]Network:Display: OnServerVoiceChatReplicated: Changed to Enabled
[2018.07.14-06.28.02:689][420]ItemInventory:Warning: Code: ERROR: UItemInventory::Save() attempt to save inventory EquipmentInventory from actor PersistentHumanoidNPC_C_0 before it was done loading.
[2018.07.14-06.28.03:516][421]ConanSandbox:Display: Character ID 115 has name led0warl and guild ID 12.
[2018.07.14-06.28.03:540][421]LogOnline:Warning: Async task 'FOnlineAsyncTaskSteamGetAchievements bWasSuccessful: 0 UserId: led0warl [0x110000104293208]' failed in 13.853776 seconds
[2018.07.14-06.28.03:540][421]LogNet: UNetDriver::TickDispatch: Very long time between ticks. DeltaTime: 62.83, Realtime: 0.87. SteamNetDriver_0
[2018.07.14-06.28.03:554][421]LogSlate: Took 0.000233 seconds to synchronously load lazily loaded font '../../../ConanSandbox/Content/Slate/NotoSans_0_Bold.ufont' (304K)
[2018.07.14-06.28.03:703][424]ConanSandbox:Display: Character ID 3 has name Nuite and guild ID 12.
[2018.07.14-06.28.03:737][424]ConanSandbox:Display: Character ID 4 has name Sun and guild ID 12.
[2018.07.14-06.28.03:954][424]Login:Display: [FunCombat_PlayerController_C_0 None] UserCharacterList: Loading Character 0
[2018.07.14-06.28.03:954][424]Login:Display: [FunCombat_PlayerController_C_0 None] Creating ADHOC Player Start Translation: X=79864.406 Y=208772.844 Z=-20024.398 Rotation: P=0.000000 Y=-93.360687 R=0.000000 Scale X=1.000 Y=1.000 Z=1.000
[2018.07.14-06.28.03:954][424]Login:Display: [FunCombat_PlayerController_C_0 None] PreBeginPlay login completed.
[2018.07.14-06.28.04:284][427]LogLevelActorContainer: Created LevelActorCluster (1147) for /Game/Maps/ConanSandbox/ConanSandbox_SOUND.ConanSandbox_SOUND:PersistentLevel with 12 objects, 1 referenced clusters and 2 mutable objects.
[2018.07.14-06.28.04:317][427]LogStreaming:Display: UWorld::AddToWorld: routing Initialize on actors for /Game/Maps/ConanSandbox/ConanSandbox_SOUND took (less than) 37.28 ms
[2018.07.14-06.28.04:390][429]GUI:Display: C:\B\branch_ConanSandbox_Stable\code\UE4\Source\ConanSandbox\Character\ConanPlayerController.cpp(5924): AConanPlayerController::MakeClientWaitForStreamingWhenCloseTo_Implementation: SetTransitionState(2), TransitionState=0
[2018.07.14-06.28.04:394][429]Network:Display: Presence: "PS_MainMenu" => "PS_Wasteland".
[2018.07.14-06.28.04:421][429]GUI:Display: C:\B\branch_ConanSandbox_Stable\code\UE4\Source\ConanSandbox\Character\ConanPlayerController.cpp(5924): AConanPlayerController::MakeClientWaitForStreamingWhenCloseTo_Implementation: SetTransitionState(2), TransitionState=2
[2018.07.14-06.28.04:481][429]Streaming:Display: Waiting for streaming completed (game, unload)
[2018.07.14-06.28.04:481][429]Performance:Display: [BP_ConanWorldComposition_C_0] World Composition Update:
-STREAMING POSITION: X=79864.406 Y=208772.844 Z=-20024.398 (from player #0 () player viewpoint) [REMOVED]
+STREAMING POSITION: X=79864.406 Y=208772.844 Z=-20024.398 (from player #0 (led0warl) overriden streaming location) [ADDED]
+STREAMING POSITION: X=79864.406 Y=208772.844 Z=-20024.398 (from player #0 (led0warl) overriden streaming location) [ADDED]
=STREAMING POSITION: X=79864.406 Y=208772.844 Z=-20024.398 (from extra streaming position)

[2018.07.14-06.28.09:303][429]LogEngine: BlockTillLevelStreamingCompleted: 2
[2018.07.14-06.28.09:304][429]Audio:Display: [ConanSandbox_C_0] Environment audio level loaded.
[2018.07.14-06.28.09:318][429]LogSlate: Took 0.001338 seconds to synchronously load lazily loaded font '../../../ConanSandbox/Content/Slate/NotoSans_0_Normal.ufont' (299K)
[2018.07.14-06.28.09:318][429]Effects:Display: [BP_CloudParticleSpawner BasePlayerChar_C_0] Actual max particle count: 49
[2018.07.14-06.28.09:323][429]LogUMG:Display: Widget Class W_HUD_BuffEntry_C - Loaded Fast Template.
[2018.07.14-06.28.09:324][429]LogUMG:Display: Widget Class W_HUD_BuffList_C - Loaded Fast Template.
[2018.07.14-06.28.09:411][429]LogSlate: Took 0.067406 seconds to synchronously load lazily loaded font '../../../ConanSandbox/Content/Slate/Alte_Haas_Grotesk_Bold_0_Default.ufont' (142K)
[2018.07.14-06.28.09:415][430]Streaming:Display: Waiting for streaming completed (game, load)
[2018.07.14-06.28.10:071][430]LogEngine: BlockTillLevelStreamingCompleted: 3
[2018.07.14-06.28.10:077][430]LogSlate: Took 0.000299 seconds to synchronously load lazily loaded font '../../../Engine/Content/EngineFonts/Faces/RobotoBold.ufont' (160K)
[2018.07.14-06.28.10:098][430]LogSlate: Took 0.001325 seconds to synchronously load lazily loaded font '../../../ConanSandbox/Content/Slate/KelsonSans_0_Normal.ufont' (62K)
[2018.07.14-06.28.10:101][431]Streaming:Display: Waiting for streaming completed (game, NPC asyncloads)
[2018.07.14-06.28.10:308][433]Streaming:Display: Waiting for streaming completed (game): Done.
[2018.07.14-06.28.10:308][433]GUI:Display: C:\B\branch_ConanSandbox_Stable\code\UE4\Source\ConanSandbox\Character\ConanPlayerController.cpp(3101): AConanPlayerController::Tick: SetTransitionState(3), TransitionState=2
[2018.07.14-06.28.10:309][433]ConanGameInstanceLog:Warning: Levels loaded: 255/255
[2018.07.14-06.28.10:374][434]GUI:Display: C:\B\branch_ConanSandbox_Stable\code\UE4\Source\ConanSandbox\Character\ConanPlayerController.cpp(1688): AConanPlayerController::ClientCompleteSpawn_Implementation: SetTransitionState(0), TransitionState=3
[2018.07.14-06.28.10:374][434]UnitTest:Display: ClientState: 3
[2018.07.14-06.28.10:374][434]ConanSandbox:Warning: Voice Enable State :TRUE (ClientS:1)
[2018.07.14-06.28.10:374][434]LogUMG:Display: Widget Class W_HUDCharacterStatIndicators_C - Loaded Fast Template.
[2018.07.14-06.28.10:380][434]LogUMG:Display: Widget Class W_ChatWindow_C - Loaded Fast Template.
[2018.07.14-06.28.10:380][434]LogUMG:Display: Widget Class W_RichChatLine_C - Loaded Fast Template.
[2018.07.14-06.28.10:420][434]LogUMG:Display: Widget Class W_VoiceChatWindow_C - Loaded Fast Template.
[2018.07.14-06.28.10:420][434]LogUMG:Display: Widget Class W_OnScreenInfoContainer_C - Loaded Fast Template.
[2018.07.14-06.28.10:420][434]LogUMG:Display: Widget Class W_HUD_Crafting_C - Loaded Fast Template.
[2018.07.14-06.28.10:421][434]LogUMG:Display: Widget Class W_Crosshair_C - Loaded Fast Template.
[2018.07.14-06.28.10:421][434]LogUMG:Display: Widget Class W_Carousel_C - Loaded Fast Template.
[2018.07.14-06.28.10:423][434]LogUMG:Display: Widget Class W_ExilesJourneyTrial_C - Loaded Fast Template.
[2018.07.14-06.28.10:423][434]LogUMG:Display: Widget Class W_ExilesJourneyTrialStep_C - Loaded Fast Template.
[2018.07.14-06.28.10:427][434]LogUMG:Display: Widget Class W_GameModeHints_C - Loaded Fast Template.
[2018.07.14-06.28.10:431][434]GUI:Display: C:\B\branch_ConanSandbox_Stable\code\UE4\Source\ConanSandbox\ConanGameInstance.cpp(2091): UConanGameInstance::SetClientState: ToggleIngameLoadingScreen(false), m_ClientState=3
[2018.07.14-06.28.10:431][434]GUI:Display: C:\B\branch_ConanSandbox_Stable\code\UE4\Source\ConanSandbox\UI\HUD\ConanHUD.cpp(52): AConanHUD::RemoveIngameLoadingScreen_Implementation: RemoveIngameLoadingScreen
[2018.07.14-06.28.10:431][434]ConanSandbox: RemoveIngameLoadingScreen
[2018.07.14-06.28.10:431][434]GUI:Display: C:\B\branch_ConanSandbox_Stable\code\UE4\Source\ConanSandbox\UI\HUD\ConanHUD.cpp(44): AConanHUD::RemoveIngameLoadingScreenNative: ActivateModule("IngameLoadingScreen", false)
[2018.07.14-06.28.10:432][434]BattlEyeLogging: BattlEyeClient: ClientLoadingScreenStopped
[2018.07.14-06.28.10:432][434]Main:Display: Entering game session (playing as Server)...
[2018.07.14-06.28.10:432][434]GUI:Display: C:\B\branch_ConanSandbox_Stable\code\UE4\Source\ConanSandbox\Character\ConanPlayerController.cpp(1696): AConanPlayerController::ClientCompleteSpawn_Implementation: ToggleIngameLoadingScreen(false), m_ClientState=3
[2018.07.14-06.28.10:432][434]GUI:Display: C:\B\branch_ConanSandbox_Stable\code\UE4\Source\ConanSandbox\UI\HUD\ConanHUD.cpp(52): AConanHUD::RemoveIngameLoadingScreen_Implementation: RemoveIngameLoadingScreen
[2018.07.14-06.28.10:432][434]ConanSandbox: RemoveIngameLoadingScreen
[2018.07.14-06.28.10:432][434]GUI:Display: C:\B\branch_ConanSandbox_Stable\code\UE4\Source\ConanSandbox\UI\HUD\ConanHUD.cpp(44): AConanHUD::RemoveIngameLoadingScreenNative: ActivateModule("IngameLoadingScreen", false)
[2018.07.14-06.28.10:432][434]Network:Display: OnServerVoiceChatReplicated: Changed to Enabled
[2018.07.14-06.28.10:432][434]LogUMG:Display: Widget Class W_HUD_C - Loaded Fast Template.
[2018.07.14-06.28.10:432][434]LogUMG:Display: Widget Class W_HUD_LootLogElement_C - Loaded Fast Template.
[2018.07.14-06.28.10:434][434]LogUMG:Display: Widget Class W_FullScreenEffectContainer_C - Loaded Fast Template.
[2018.07.14-06.28.10:434][434]LogUMG:Display: Widget Class W_HudDamageIndicator_C - Loaded Fast Template.
[2018.07.14-06.28.10:484][434]Performance:Display: [BP_ConanWorldComposition_C_0] World Composition Update:
-STREAMING POSITION: X=79864.406 Y=208772.844 Z=-20024.398 (from player #0 (led0warl) overriden streaming location) [REMOVED]
-STREAMING POSITION: X=79864.406 Y=208772.844 Z=-20024.398 (from player #0 (led0warl) overriden streaming location) [REMOVED]
+STREAMING POSITION: X=79931.250 Y=209024.141 Z=-19969.650 (from player #0 (led0warl) player viewpoint) [ADDED]
=STREAMING POSITION: X=79864.406 Y=208772.844 Z=-20024.398 (from extra streaming position)

[2018.07.14-06.28.10:557][434]LogSlate: Took 0.069704 seconds to synchronously load lazily loaded font '../../../ConanSandbox/Content/UI/Fonts/OpenSans_0_Bold.ufont' (220K)
[2018.07.14-06.28.10:562][434]LogSlate: Took 0.001685 seconds to synchronously load lazily loaded font '../../../ConanSandbox/Content/Slate/Alte_Haas_Grotesk_Regular_0_Default.ufont' (141K)
[2018.07.14-06.28.10:562][434]LogSlate: Took 0.000337 seconds to synchronously load lazily loaded font '../../../Engine/Content/EngineFonts/Faces/RobotoRegular.ufont' (155K)
[2018.07.14-06.28.10:566][434]LogSlate: Took 0.001428 seconds to synchronously load lazily loaded font '../../../ConanSandbox/Content/Slate/KelsonSans_0_Bold.ufont' (60K)
[2018.07.14-06.28.10:585][434]LogSlate: Took 0.018046 seconds to synchronously load lazily loaded font '../../../ConanSandbox/Content/UI/Textures/GUIs/MainMenu/F_BebasKai_0_Font.ufont' (35K)
[2018.07.14-06.28.10:618][436]LogOnline:Warning: Async task 'FOnlineAsyncTaskSteamGetAchievements bWasSuccessful: 0 UserId: led0warl [0x110000104293208]' failed in 0.219588 seconds
[2018.07.14-06.28.37:149][967]LogUMG:Display: Widget Class W_IngameMenu_C - Loaded Fast Template.
[2018.07.14-06.28.37:154][967]LogUMG:Display: Widget Class W_KeyNavIndicator_C - Loaded Fast Template.
[2018.07.14-06.28.39:711][ 18]LogSlate: Took 0.001689 seconds to synchronously load lazily loaded font '../../../ConanSandbox/Content/Slate/Kelson_Sans_Bold_0_Default.ufont' (66K)
[2018.07.14-06.28.46:402][152]UnitTest:Display: ClientState: 0
[2018.07.14-06.28.46:403][152]ConanSandbox:Warning: Voice Enable State :FALSE (ClientS:0)
[2018.07.14-06.28.46:403][152]GUI:Display: C:\B\branch_ConanSandbox_Stable\code\UE4\Source\ConanSandbox\ConanGameInstance.cpp(2091): UConanGameInstance::SetClientState: ToggleIngameLoadingScreen(false), m_ClientState=0
[2018.07.14-06.28.46:403][152]GUI:Display: C:\B\branch_ConanSandbox_Stable\code\UE4\Source\ConanSandbox\UI\HUD\ConanHUD.cpp(52): AConanHUD::RemoveIngameLoadingScreen_Implementation: RemoveIngameLoadingScreen
[2018.07.14-06.28.46:403][152]ConanSandbox: RemoveIngameLoadingScreen
[2018.07.14-06.28.46:403][152]GUI:Display: C:\B\branch_ConanSandbox_Stable\code\UE4\Source\ConanSandbox\UI\HUD\ConanHUD.cpp(44): AConanHUD::RemoveIngameLoadingScreenNative: ActivateModule("IngameLoadingScreen", false)
[2018.07.14-06.28.46:403][152]BattlEyeLogging: BattlEyeClient: ClientLoadingScreenStopped
[2018.07.14-06.28.46:403][152]Main:Display: Exiting game session (playing as Server)...
[2018.07.14-06.28.46:447][153]LogOnline:Warning: Async task 'FOnlineAsyncTaskSteamGetAchievements bWasSuccessful: 0 UserId: led0warl [0x110000104293208]' failed in 0.042387 seconds
[2018.07.14-06.28.46:447][153]LogMemory:Display: Entered application state 'LeavingMap'.
[2018.07.14-06.28.46:447][153]LogGameMode:Display: Match State Changed from InProgress to LeavingMap
[2018.07.14-06.28.46:447][153]LogGameState: Match State Changed from InProgress to LeavingMap
[2018.07.14-06.28.46:447][153]GameEventTelemetryDebug:Display: 0 events (0.0 kb) reported, next flush scheduled at 0001.07.16-03.44.04.
[2018.07.14-06.28.46:447][153]LogNet: Browse: /Game/Maps/Startup
[2018.07.14-06.28.46:447][153]LogNet: World NetDriver shutdown SteamNetDriver_0 [GameNetDriver]
[2018.07.14-06.28.46:447][153]LogNet: DestroyNamedNetDriver SteamNetDriver_0 [GameNetDriver]
[2018.07.14-06.28.46:447][153]LogExit: GameNetDriver SteamNetDriver_0 shut down
[2018.07.14-06.28.46:447][153]UnitTest:Display: ClientState: 2
[2018.07.14-06.28.46:447][153]ConanSandbox:Warning: Voice Enable State :FALSE (ClientS:0)
[2018.07.14-06.28.46:476][153]GUI:Display: C:\B\branch_ConanSandbox_Stable\code\UE4\Source\ConanSandbox\ConanGameInstance.cpp(2091): UConanGameInstance::SetClientState: ToggleIngameLoadingScreen(true), m_ClientState=2
[2018.07.14-06.28.46:476][153]GUI:Display: C:\B\branch_ConanSandbox_Stable\code\UE4\Source\ConanSandbox\ConanGameInstance.cpp(1879): UConanGameInstance::ToggleIngameLoadingScreen: ShowIngameLoadingScreen("")
[2018.07.14-06.28.46:476][153]ConanSandbox: ShowIngameLoadingScreen: 
[2018.07.14-06.28.46:476][153]GUI:Display: C:\B\branch_ConanSandbox_Stable\code\UE4\Source\ConanSandbox\UI\HUD\ConanHUD.cpp(22): AConanHUD::ShowIngameLoadingScreenNative: ActivateModule("IngameLoadingScreen", true)
[2018.07.14-06.28.46:476][153]BattlEyeLogging: BattlEyeClient: ClientLoadingScreenStarted
[2018.07.14-06.28.46:476][153]GUI:Display: C:\B\branch_ConanSandbox_Stable\code\UE4\Source\ConanSandbox\ConanGameInstance.cpp(1449): UConanGameInstance::PreLoadMap_Callback: StartLoadingScreen
[2018.07.14-06.28.46:521][153]LogLoad: LoadMap: /Game/Maps/Startup
[2018.07.14-06.28.46:525][153]ConanSandbox:Warning: Leaving MP
[2018.07.14-06.28.46:590][153]LogSlate: HittestGrid destroyed
[2018.07.14-06.28.46:595][153]LogSlate: HittestGrid destroyed
[2018.07.14-06.28.46:595][153]LogSlate: HittestGrid destroyed
[2018.07.14-06.28.46:599][153]LogSlate: HittestGrid destroyed
[2018.07.14-06.28.46:599][153]LogSlate: HittestGrid destroyed
[2018.07.14-06.28.46:602][153]LogSlate: HittestGrid destroyed
[2018.07.14-06.28.46:602][153]LogSlate: HittestGrid destroyed
[2018.07.14-06.28.46:606][153]LogSlate: HittestGrid destroyed
[2018.07.14-06.28.46:606][153]LogSlate: HittestGrid destroyed
[2018.07.14-06.28.46:609][153]LogSlate: HittestGrid destroyed
[2018.07.14-06.28.46:609][153]LogSlate: HittestGrid destroyed
[2018.07.14-06.28.46:613][153]LogSlate: HittestGrid destroyed
[2018.07.14-06.28.46:613][153]LogSlate: HittestGrid destroyed
[2018.07.14-06.28.46:617][153]LogSlate: HittestGrid destroyed
[2018.07.14-06.28.46:617][153]LogSlate: HittestGrid destroyed
[2018.07.14-06.28.46:620][153]LogSlate: HittestGrid destroyed
[2018.07.14-06.28.46:620][153]LogSlate: HittestGrid destroyed
[2018.07.14-06.28.46:624][153]LogSlate: HittestGrid destroyed
[2018.07.14-06.28.48:347][153]GUI:Display: C:\B\branch_ConanSandbox_Stable\code\UE4\Source\ConanSandbox\ConanGameInstance.cpp(443): UConanGameInstance::OnPreWorldInitialization: ToggleIngameLoadingScreen(false), m_ClientState=2
[2018.07.14-06.28.48:348][153]GUI:Display: C:\B\branch_ConanSandbox_Stable\code\UE4\Source\ConanSandbox\ConanGameInstance.cpp(451): UConanGameInstance::OnPreWorldInitialization: ToggleIngameLoadingScreen(true), m_ClientState=2
[2018.07.14-06.28.48:348][153]GUI:Display: C:\B\branch_ConanSandbox_Stable\code\UE4\Source\ConanSandbox\ConanGameInstance.cpp(1884): UConanGameInstance::ToggleIngameLoadingScreen: ActivateModule("IngameLoadingScreen", true)
[2018.07.14-06.28.48:394][153]LogAIModule: Creating AISystem for world Startup
[2018.07.14-06.28.48:394][153]LogLoad: Game class is 'StartupGameMode_C'
[2018.07.14-06.28.48:411][153]LogLevelActorContainer: Created LevelActorCluster (1243) for /Game/Maps/Startup.Startup:PersistentLevel with 2 objects, 255 referenced clusters and 863 mutable objects.
[2018.07.14-06.28.48:411][153]LogWorld: Bringing World /Game/Maps/Startup.Startup up for play (max tick rate 60) at 2018.07.14-13.28.48
[2018.07.14-06.28.48:411][153]LogWorld: Bringing up level for play took: 0.001245
[2018.07.14-06.28.48:416][153]LogGameMode:Display: Match State Changed from EnteringMap to WaitingToStart
[2018.07.14-06.28.48:416][153]LogGameState: Match State Changed from EnteringMap to WaitingToStart
[2018.07.14-06.28.48:416][153]LogGameMode:Display: Match State Changed from WaitingToStart to InProgress
[2018.07.14-06.28.48:417][153]LogEngine: BlockTillLevelStreamingCompleted: 4
[2018.07.14-06.28.48:417][153]LogConsoleManager:Warning: Setting the console variable 't.MaxFPS' with 'SetByGameSetting' was ignored as it is lower priority than the previous 'SetByCode'. Value remains '60'
[2018.07.14-06.28.48:417][153]LogConsoleManager:Warning: Setting the console variable 'r.MotionBlurQuality' with 'SetByScalability' was ignored as it is lower priority than the previous 'SetByCode'. Value remains '0'
[2018.07.14-06.28.48:619][153]PIE:Warning: Warning The widget 'W_GamepadHelpOverlay_C' was already added to the screen.
[2018.07.14-06.28.48:619][153]UnitTest:Display: ClientState: 1
[2018.07.14-06.28.48:619][153]ConanSandbox:Warning: Voice Enable State :FALSE (ClientS:0)
[2018.07.14-06.28.48:619][153]LogUMG:Display: Widget Class W_MainMenu_MainMenu_C - Loaded Fast Template.
[2018.07.14-06.28.48:622][153]LogSlate: Took 0.000361 seconds to synchronously load lazily loaded font '../../../Engine/Content/Slate/Fonts/Roboto-Regular.ttf' (155K)
[2018.07.14-06.28.48:623][153]Network:Display: Presence: "PS_Wasteland" => "PS_MainMenu".
[2018.07.14-06.28.48:623][153]GUI:Display: C:\B\branch_ConanSandbox_Stable\code\UE4\Source\ConanSandbox\ConanGameInstance.cpp(2091): UConanGameInstance::SetClientState: ToggleIngameLoadingScreen(false), m_ClientState=1
[2018.07.14-06.28.48:623][153]GUI:Display: C:\B\branch_ConanSandbox_Stable\code\UE4\Source\ConanSandbox\ConanGameInstance.cpp(1929): UConanGameInstance::ToggleIngameLoadingScreen: ActivateModule("IngameLoadingScreen", false)
[2018.07.14-06.28.48:623][153]LogGameState: Match State Changed from WaitingToStart to InProgress
[2018.07.14-06.28.48:623][153]GUI:Display: C:\B\branch_ConanSandbox_Stable\code\UE4\Source\ConanSandbox\ConanGameInstance.cpp(1457): UConanGameInstance::PostLoadMap_Callback: StopLoadingScreen, m_ClientState = 1
[2018.07.14-06.28.48:828][153]GUI:Display: C:\B\branch_ConanSandbox_Stable\code\UE4\Source\ConanSandbox\ConanGameInstance.cpp(1595): UConanGameInstance::StopLoadingScreen: ActivateModule("IngameLoadingScreen", false)
[2018.07.14-06.28.48:829][153]LogLoad: Took 2.307439 seconds to LoadMap(/Game/Maps/Startup)
[2018.07.14-06.28.48:830][153]Network:Display: OnServerVoiceChatReplicated: Changed to Disabled
[2018.07.14-06.28.48:857][153]LogSlate: Took 0.001414 seconds to synchronously load lazily loaded font '../../../ConanSandbox/Content/Slate/Kelson_Sans_Regular_0_Default.ufont' (106K)
[2018.07.14-06.28.48:868][155]LogOnline:Warning: Async task 'FOnlineAsyncTaskSteamGetAchievements bWasSuccessful: 0 UserId: led0warl [0x110000104293208]' failed in 2.419572 seconds
[2018.07.14-06.28.48:884][156]LogOnline:Warning: Async task 'FOnlineAsyncTaskSteamGetAchievements bWasSuccessful: 0 UserId: led0warl [0x110000104293208]' failed in 0.253665 seconds
[2018.07.14-06.28.49:830][210]LogUMG:Display: Widget Class W_PatchNotesEntryView_C - Loaded Fast Template.
[2018.07.14-06.29.20:114][ 21]Closing by request
[2018.07.14-06.29.20:114][ 21]LogWindows: FPlatformMisc::RequestExit(0)
[2018.07.14-06.29.20:364][ 22]LogStreaming:Display: Suspending async loading (1)
[2018.07.14-06.29.20:385][ 22]LogStreaming:Display: Resuming async loading (0)
[2018.07.14-06.29.20:398][ 22]LogSlate: Request Window 'ConanSandbox (64-bit, PCD3D_SM5)' being destroyed
[2018.07.14-06.29.20:409][ 22]LogSlate: Window 'ConanSandbox (64-bit, PCD3D_SM5)' being destroyed
[2018.07.14-06.29.20:412][ 22]LogWindowsTextInputMethodSystem:Display: IME system now deactivated.
[2018.07.14-06.29.20:448][ 22]LogSlate: HittestGrid destroyed
[2018.07.14-06.29.20:488][ 22]LogExit: Preparing to exit.
[2018.07.14-06.29.20:488][ 22]LogMoviePlayer: Shutting down movie player
[2018.07.14-06.29.20:494][ 22]LogSlate: HittestGrid destroyed
[2018.07.14-06.29.20:498][ 22]LogSlate: HittestGrid destroyed
[2018.07.14-06.29.20:720][ 22]LogExit: Game engine shut down
[2018.07.14-06.29.21:208][ 22]LogStreaming:Display: Suspending async loading (1)
[2018.07.14-06.29.21:260][ 22]LogStreaming:Display: Resuming async loading (0)
[2018.07.14-06.29.21:463][ 22]LogExit: Object subsystem successfully closed.
[2018.07.14-06.29.21:575][ 22]LogD3D11RHI: Shutdown
[2018.07.14-06.29.21:575][ 22]LogD3D11RHI: CleanupD3DDevice
[2018.07.14-06.29.21:812][ 22]LogD3D11RHI: ~FD3D11DynamicRHI
[2018.07.14-06.29.21:813][ 22]LogModuleManager: Shutting down and abandoning module AutomationController (151)
[2018.07.14-06.29.21:813][ 22]LogModuleManager: Shutting down and abandoning module AutomationWorker (149)
[2018.07.14-06.29.21:813][ 22]LogModuleManager: Shutting down and abandoning module AIModule (147)
[2018.07.14-06.29.21:813][ 22]LogModuleManager: Shutting down and abandoning module WmfMediaFactory (145)
[2018.07.14-06.29.21:813][ 22]LogModuleManager: Shutting down and abandoning module MfMediaFactory (143)
[2018.07.14-06.29.21:813][ 22]LogModuleManager: Shutting down and abandoning module AvfMediaFactory (141)
[2018.07.14-06.29.21:813][ 22]LogModuleManager: Shutting down and abandoning module AndroidMediaFactory (139)
[2018.07.14-06.29.21:813][ 22]LogModuleManager: Shutting down and abandoning module Media (138)
[2018.07.14-06.29.21:813][ 22]LogModuleManager: Shutting down and abandoning module CharacterAI (135)
[2018.07.14-06.29.21:813][ 22]LogModuleManager: Shutting down and abandoning module SessionServices (133)
[2018.07.14-06.29.21:817][ 22]LogModuleManager: Shutting down and abandoning module GeometryCache (131)
[2018.07.14-06.29.21:817][ 22]LogModuleManager: Shutting down and abandoning module Niagara (129)
[2018.07.14-06.29.21:817][ 22]LogModuleManager: Shutting down and abandoning module StreamingPauseRendering (127)
[2018.07.14-06.29.21:817][ 22]LogModuleManager: Shutting down and abandoning module RconPlugin (125)
[2018.07.14-06.29.21:817][ 22]LogModuleManager: Shutting down and abandoning module ProceduralMeshComponent (123)
[2018.07.14-06.29.21:817][ 22]LogModuleManager: Shutting down and abandoning module Ansel (121)
[2018.07.14-06.29.21:817][ 22]LogModuleManager: Shutting down and abandoning module MobilePatchingUtils (119)
[2018.07.14-06.29.21:817][ 22]LogModuleManager: Shutting down and abandoning module CustomMeshComponent (117)
[2018.07.14-06.29.21:817][ 22]LogModuleManager: Shutting down and abandoning module ArchVisCharacter (115)
[2018.07.14-06.29.21:817][ 22]LogModuleManager: Shutting down and abandoning module ExternalDirectory (111)
[2018.07.14-06.29.21:817][ 22]LogModuleManager: Shutting down and abandoning module Rejoin (109)
[2018.07.14-06.29.21:817][ 22]LogModuleManager: Shutting down and abandoning module Hotfix (107)
[2018.07.14-06.29.21:817][ 22]LogModuleManager: Shutting down and abandoning module Lobby (105)
[2018.07.14-06.29.21:817][ 22]LogModuleManager: Shutting down and abandoning module Party (103)
[2018.07.14-06.29.21:817][ 22]LogModuleManager: Shutting down and abandoning module Qos (101)
[2018.07.14-06.29.21:817][ 22]LogModuleManager: Shutting down and abandoning module HTML5Networking (99)
[2018.07.14-06.29.21:817][ 22]LogModuleManager: Shutting down and abandoning module ConanSandbox (97)
[2018.07.14-06.29.21:817][ 22]LogMemory:Display: Entered application state 'ConanSandboxStopped'.
[2018.07.14-06.29.21:817][ 22]LogModuleManager: Shutting down and abandoning module DialoguePlugin (94)
[2018.07.14-06.29.21:817][ 22]LogModuleManager: Shutting down and abandoning module PhysXVehicles (92)
[2018.07.14-06.29.21:817][ 22]LogModuleManager: Shutting down and abandoning module LocationServicesBPLibrary (90)
[2018.07.14-06.29.21:817][ 22]LogModuleManager: Shutting down and abandoning module CableComponent (88)
[2018.07.14-06.29.21:817][ 22]LogModuleManager: Shutting down and abandoning module UdpMessaging (86)
[2018.07.14-06.29.21:817][ 22]LogModuleManager: Shutting down and abandoning module TcpMessaging (84)
[2018.07.14-06.29.21:817][ 22]LogModuleManager: Shutting down and abandoning module FacialAnimation (82)
[2018.07.14-06.29.21:817][ 22]LogModuleManager: Shutting down and abandoning module LightPropagationVolumeRuntime (80)
[2018.07.14-06.29.21:817][ 22]LogModuleManager: Shutting down and abandoning module Paper2D (78)
[2018.07.14-06.29.21:817][ 22]LogModuleManager: Shutting down and abandoning module WindowsMoviePlayer (76)
[2018.07.14-06.29.21:819][ 22]LogModuleManager: Shutting down and abandoning module WmfMedia (74)
[2018.07.14-06.29.21:821][ 22]LogModuleManager: Shutting down and abandoning module MfMedia (72)
[2018.07.14-06.29.21:821][ 22]LogModuleManager: Shutting down and abandoning module MediaAssets (70)
[2018.07.14-06.29.21:821][ 22]LogModuleManager: Shutting down and abandoning module GameLiveStreaming (68)
[2018.07.14-06.29.21:821][ 22]LogModuleManager: Shutting down and abandoning module UMG (66)
[2018.07.14-06.29.21:821][ 22]LogModuleManager: Shutting down and abandoning module SlateReflector (64)
[2018.07.14-06.29.21:821][ 22]LogModuleManager: Shutting down and abandoning module Slate (62)
[2018.07.14-06.29.21:821][ 22]LogModuleManager: Shutting down and abandoning module Messaging (60)
[2018.07.14-06.29.21:821][ 22]LogModuleManager: Shutting down and abandoning module HeadMountedDisplay (58)
[2018.07.14-06.29.21:821][ 22]LogModuleManager: Shutting down and abandoning module XAudio2 (56)
[2018.07.14-06.29.21:821][ 22]LogModuleManager: Shutting down and abandoning module Networking (54)
[2018.07.14-06.29.21:821][ 22]LogModuleManager: Shutting down and abandoning module Core (52)
[2018.07.14-06.29.21:821][ 22]LogModuleManager: Shutting down and abandoning module UE4Dreamworld (50)
[2018.07.14-06.29.21:826][ 22]LogModuleManager: Shutting down and abandoning module AssetRegistry (48)
[2018.07.14-06.29.21:867][ 22]LogModuleManager: Shutting down and abandoning module ImageWrapper (46)
[2018.07.14-06.29.21:867][ 22]LogModuleManager: Shutting down and abandoning module InputCore (44)
[2018.07.14-06.29.21:867][ 22]LogModuleManager: Shutting down and abandoning module DreamworldMods (42)
[2018.07.14-06.29.21:867][ 22]LogModuleManager: Shutting down and abandoning module DreamworldPreInit (40)
[2018.07.14-06.29.21:867][ 22]LogModuleManager: Shutting down and abandoning module ExampleDeviceProfileSelector (38)
[2018.07.14-06.29.21:867][ 22]LogModuleManager: Shutting down and abandoning module OnlineSubsystem (34)
[2018.07.14-06.29.21:867][ 22]LogOnline:Display: STEAM: OnlineSubsystemSteam::Shutdown()
[2018.07.14-06.29.21:938][ 22]LogOnline:Display: Unloading online subsystem: Steam
[2018.07.14-06.29.21:939][ 22]LogOnline:Display: STEAM: OnlineSubsystemSteam::Shutdown()
[2018.07.14-06.29.21:940][ 22]LogOnline:Display: Unloading online subsystem: NULL
[2018.07.14-06.29.21:940][ 22]LogModuleManager: Shutting down and abandoning module HTTP (29)
[2018.07.14-06.29.21:964][ 22]LogModuleManager: Shutting down and abandoning module ShaderCore (26)
[2018.07.14-06.29.21:964][ 22]LogModuleManager: Shutting down and abandoning module Landscape (24)
[2018.07.14-06.29.21:964][ 22]LogModuleManager: Shutting down and abandoning module SlateRHIRenderer (22)
[2018.07.14-06.29.21:966][ 22]LogModuleManager: Shutting down and abandoning module OpenGLDrv (20)
[2018.07.14-06.29.21:966][ 22]LogModuleManager: Shutting down and abandoning module D3D11RHI (18)
[2018.07.14-06.29.21:966][ 22]LogModuleManager: Shutting down and abandoning module AnimGraphRuntime (16)
[2018.07.14-06.29.21:966][ 22]LogModuleManager: Shutting down and abandoning module Renderer (14)
[2018.07.14-06.29.21:966][ 22]LogModuleManager: Shutting down and abandoning module Engine (12)
[2018.07.14-06.29.21:966][ 22]LogModuleManager: Shutting down and abandoning module CoreUObject (10)
[2018.07.14-06.29.21:966][ 22]LogModuleManager: Shutting down and abandoning module NetworkFile (8)
[2018.07.14-06.29.21:966][ 22]LogModuleManager: Shutting down and abandoning module StreamingFile (6)
[2018.07.14-06.29.21:966][ 22]LogModuleManager: Shutting down and abandoning module SandboxFile (4)
[2018.07.14-06.29.21:966][ 22]LogModuleManager: Shutting down and abandoning module PakFile (2)
[2018.07.14-06.29.21:966][ 22]LogMoviePlayer: Shutting down movie player
[2018.07.14-06.29.21:969][ 22]LogExit: Exiting.
[2018.07.14-06.29.21:972][ 22]Log file closed, 07/14/18 13:29:21
